{"/Users/guidopawluk/Desktop/Guido/UDEMY/vue-masteryclass-udemy/job-search/src/api/getJobs.js": {"path":"/Users/guidopawluk/Desktop/Guido/UDEMY/vue-masteryclass-udemy/job-search/src/api/getJobs.js","statementMap":{"0":{"start":{"line":3,"column":16},"end":{"line":7,"column":1}},"1":{"start":{"line":4,"column":18},"end":{"line":4,"column":45}},"2":{"start":{"line":5,"column":19},"end":{"line":5,"column":53}},"3":{"start":{"line":6,"column":2},"end":{"line":6,"column":23}}},"fnMap":{"0":{"name":"(anonymous_0)","decl":{"start":{"line":3,"column":16},"end":{"line":3,"column":17}},"loc":{"start":{"line":3,"column":28},"end":{"line":7,"column":1}},"line":3}},"branchMap":{},"s":{"0":2,"1":2,"2":2,"3":2},"f":{"0":2},"b":{},"_coverageSchema":"1a1c01bbd47fc00a2c39e90264f33305004495a9","hash":"8afc84cfd94b7453b2a42bc7e18a214ff73803b0"}
,"/Users/guidopawluk/Desktop/Guido/UDEMY/vue-masteryclass-udemy/job-search/src/components/JobResults/JobListing.vue": {"path":"/Users/guidopawluk/Desktop/Guido/UDEMY/vue-masteryclass-udemy/job-search/src/components/JobResults/JobListing.vue","statementMap":{"0":{"start":{"line":4,"column":0},"end":{"line":6,"column":3}},"1":{"start":{"line":7,"column":0},"end":{"line":7,"column":25}},"2":{"start":{"line":40,"column":0},"end":{"line":40,"column":13}},"3":{"start":{"line":41,"column":0},"end":{"line":41,"column":62}},"4":{"start":{"line":42,"column":0},"end":{"line":42,"column":24}},"5":{"start":{"line":43,"column":12},"end":{"line":43,"column":26}},"6":{"start":{"line":44,"column":17},"end":{"line":44,"column":34}},"7":{"start":{"line":45,"column":17},"end":{"line":45,"column":86}},"8":{"start":{"line":46,"column":17},"end":{"line":46,"column":43}},"9":{"start":{"line":47,"column":17},"end":{"line":47,"column":56}},"10":{"start":{"line":48,"column":17},"end":{"line":48,"column":34}},"11":{"start":{"line":49,"column":17},"end":{"line":49,"column":39}},"12":{"start":{"line":50,"column":31},"end":{"line":52,"column":20}},"13":{"start":{"line":53,"column":17},"end":{"line":53,"column":44}},"14":{"start":{"line":54,"column":17},"end":{"line":54,"column":46}},"15":{"start":{"line":56,"column":33},"end":{"line":56,"column":75}},"16":{"start":{"line":57,"column":4},"end":{"line":106,"column":8}},"17":{"start":{"line":63,"column":54},"end":{"line":103,"column":14}},"18":{"start":{"line":73,"column":36},"end":{"line":76,"column":92}},"19":{"start":{"line":87,"column":32},"end":{"line":87,"column":182}},"20":{"start":{"line":96,"column":70},"end":{"line":98,"column":30}},"21":{"start":{"line":108,"column":0},"end":{"line":108,"column":24}},"22":{"start":{"line":109,"column":1},"end":{"line":109,"column":48}}},"fnMap":{"0":{"name":"render","decl":{"start":{"line":55,"column":9},"end":{"line":55,"column":15}},"loc":{"start":{"line":55,"column":30},"end":{"line":107,"column":1}},"line":55},"1":{"name":"(anonymous_1)","decl":{"start":{"line":63,"column":40},"end":{"line":63,"column":41}},"loc":{"start":{"line":63,"column":52},"end":{"line":103,"column":16}},"line":63},"2":{"name":"(anonymous_2)","decl":{"start":{"line":72,"column":155},"end":{"line":72,"column":156}},"loc":{"start":{"line":72,"column":175},"end":{"line":77,"column":33}},"line":72},"3":{"name":"(anonymous_3)","decl":{"start":{"line":86,"column":163},"end":{"line":86,"column":164}},"loc":{"start":{"line":86,"column":188},"end":{"line":88,"column":29}},"line":86},"4":{"name":"(anonymous_4)","decl":{"start":{"line":96,"column":56},"end":{"line":96,"column":57}},"loc":{"start":{"line":96,"column":68},"end":{"line":98,"column":32}},"line":96}},"branchMap":{},"s":{"0":2,"1":2,"2":2,"3":2,"4":2,"5":2,"6":2,"7":2,"8":2,"9":2,"10":2,"11":2,"12":2,"13":2,"14":2,"15":5,"16":5,"17":5,"18":6,"19":6,"20":5,"21":2,"22":2},"f":{"0":5,"1":5,"2":6,"3":6,"4":5},"b":{},"inputSourceMap":{"0":"{","1":"\"","2":"v","3":"e","4":"r","5":"s","6":"i","7":"o","8":"n","9":"\"","10":":","11":"3","12":",","13":"\"","14":"s","15":"o","16":"u","17":"r","18":"c","19":"e","20":"s","21":"\"","22":":","23":"[","24":"\"","25":"/","26":"U","27":"s","28":"e","29":"r","30":"s","31":"/","32":"g","33":"u","34":"i","35":"d","36":"o","37":"p","38":"a","39":"w","40":"l","41":"u","42":"k","43":"/","44":"D","45":"e","46":"s","47":"k","48":"t","49":"o","50":"p","51":"/","52":"G","53":"u","54":"i","55":"d","56":"o","57":"/","58":"U","59":"D","60":"E","61":"M","62":"Y","63":"/","64":"v","65":"u","66":"e","67":"-","68":"m","69":"a","70":"s","71":"t","72":"e","73":"r","74":"y","75":"c","76":"l","77":"a","78":"s","79":"s","80":"-","81":"u","82":"d","83":"e","84":"m","85":"y","86":"/","87":"j","88":"o","89":"b","90":"-","91":"s","92":"e","93":"a","94":"r","95":"c","96":"h","97":"/","98":"s","99":"r","100":"c","101":"/","102":"c","103":"o","104":"m","105":"p","106":"o","107":"n","108":"e","109":"n","110":"t","111":"s","112":"/","113":"J","114":"o","115":"b","116":"R","117":"e","118":"s","119":"u","120":"l","121":"t","122":"s","123":"/","124":"J","125":"o","126":"b","127":"L","128":"i","129":"s","130":"t","131":"i","132":"n","133":"g","134":".","135":"v","136":"u","137":"e","138":"\"","139":"]","140":",","141":"\"","142":"n","143":"a","144":"m","145":"e","146":"s","147":"\"","148":":","149":"[","150":"]","151":",","152":"\"","153":"m","154":"a","155":"p","156":"p","157":"i","158":"n","159":"g","160":"s","161":"\"","162":":","163":"\"","164":";","165":";","166":";","167":";","168":";","169":";","170":";","171":"A","172":"A","173":"k","174":"D","175":"A","176":";","177":"A","178":"A","179":"A","180":"A","181":";","182":"A","183":"A","184":"A","185":"A","186":";","187":"A","188":"A","189":"A","190":"6","191":"C","192":";","193":"A","194":"A","195":"A","196":"A","197":",","198":"e","199":"A","200":"C","201":"9","202":"B","203":";","204":"E","205":"A","206":"C","207":"b","208":",","209":"I","210":"A","211":"A","212":"I","213":",","214":"E","215":"A","216":"A","217":"E","218":",","219":"Y","220":"A","221":"A","222":"Y","223":";","224":"E","225":"A","226":"C","227":"l","228":"B","229":",","230":"K","231":"A","232":"A","233":"K","234":",","235":"E","236":"A","237":"A","238":"E","239":";","240":"I","241":"A","242":"C","243":"L","244":",","245":"G","246":"A","247":"A","248":"G","249":",","250":"E","251":"A","252":"A","253":"E","254":";","255":"M","256":"A","257":"C","258":"H","259":",","260":"I","261":"A","262":"A","263":"I","264":",","265":"E","266":"A","267":"A","268":"E","269":",","270":"M","271":"A","272":"A","273":"M","274":";","275":"M","276":"A","277":"C","278":"Z","279":",","280":"Q","281":"A","282":"A","283":"Q","284":",","285":"E","286":"A","287":"A","288":"E","289":";","290":"I","291":"A","292":"C","293":"Z","294":";","295":"E","296":"A","297":"C","298":"F","299":",","300":"C","301":"A","302":"A","303":"C","304":";","305":"E","306":"A","307":"C","308":"D","309":",","310":"K","311":"A","312":"A","313":"K","314":",","315":"C","316":"A","317":"A","318":"C","319":",","320":"K","321":"A","322":"A","323":"K","324":",","325":"E","326":"A","327":"A","328":"E","329":";","330":"I","331":"A","332":"C","333":"X","334":",","335":"M","336":"A","337":"A","338":"M","339":",","340":"W","341":"A","342":"A","343":"W","344":";","345":"I","346":"A","347":"A","348":"G","349":";","350":"I","351":"A","352":"A","353":"A","354":";","355":"I","356":"A","357":"A","358":"A","359":";","360":"I","361":"A","362":"A","363":"A","364":";","365":"I","366":"A","367":"A","368":"A","369":";","370":"I","371":"A","372":"A","373":"A","374":",","375":"Q","376":"A","377":"A","378":"Q","379":",","380":"E","381":"A","382":"A","383":"C","384":",","385":"M","386":"A","387":"A","388":"O","389":",","390":"i","391":"B","392":"A","393":"A","394":"g","395":"B","396":",","397":"K","398":"A","399":"A","400":"K","401":",","402":"C","403":"A","404":"A","405":"C","406":",","407":"G","408":"A","409":"A","410":"G","411":",","412":"C","413":"A","414":"A","415":"C","416":",","417":"E","418":"A","419":"A","420":"G","421":",","422":"E","423":"A","424":"A","425":"C","426":",","427":"C","428":"A","429":"A","430":"C","431":";","432":"I","433":"A","434":"C","435":"n","436":"E","437":",","438":"O","439":"A","440":"A","441":"O","442":";","443":"M","444":"A","445":"A","446":"E","447":";","448":"I","449":"A","450":"A","451":"Y","452":",","453":"C","454":"A","455":"A","456":"C","457":";","458":"E","459":"A","460":"C","461":"x","462":"B","463":";","464":"E","465":"A","466":"C","467":"A","468":";","469":"E","470":"A","471":"C","472":"A","473":";","474":"E","475":"A","476":"C","477":"A","478":";","479":"E","480":"A","481":"C","482":"A","483":";","484":"E","485":"A","486":"C","487":"A","488":";","489":"A","490":"A","491":"C","492":"F","493":",","494":"C","495":"A","496":"A","497":"C","498":";","499":"A","500":"A","501":"A","502":"A","503":";","504":"A","505":"A","506":"A","507":"A","508":"\"","509":",","510":"\"","511":"f","512":"i","513":"l","514":"e","515":"\"","516":":","517":"\"","518":"/","519":"U","520":"s","521":"e","522":"r","523":"s","524":"/","525":"g","526":"u","527":"i","528":"d","529":"o","530":"p","531":"a","532":"w","533":"l","534":"u","535":"k","536":"/","537":"D","538":"e","539":"s","540":"k","541":"t","542":"o","543":"p","544":"/","545":"G","546":"u","547":"i","548":"d","549":"o","550":"/","551":"U","552":"D","553":"E","554":"M","555":"Y","556":"/","557":"v","558":"u","559":"e","560":"-","561":"m","562":"a","563":"s","564":"t","565":"e","566":"r","567":"y","568":"c","569":"l","570":"a","571":"s","572":"s","573":"-","574":"u","575":"d","576":"e","577":"m","578":"y","579":"/","580":"j","581":"o","582":"b","583":"-","584":"s","585":"e","586":"a","587":"r","588":"c","589":"h","590":"/","591":"s","592":"r","593":"c","594":"/","595":"c","596":"o","597":"m","598":"p","599":"o","600":"n","601":"e","602":"n","603":"t","604":"s","605":"/","606":"J","607":"o","608":"b","609":"R","610":"e","611":"s","612":"u","613":"l","614":"t","615":"s","616":"/","617":"J","618":"o","619":"b","620":"L","621":"i","622":"s","623":"t","624":"i","625":"n","626":"g","627":".","628":"v","629":"u","630":"e","631":"\"","632":",","633":"\"","634":"s","635":"o","636":"u","637":"r","638":"c","639":"e","640":"s","641":"C","642":"o","643":"n","644":"t","645":"e","646":"n","647":"t","648":"\"","649":":","650":"[","651":"\"","652":"<","653":"t","654":"e","655":"m","656":"p","657":"l","658":"a","659":"t","660":"e","661":" ","662":"l","663":"a","664":"n","665":"g","666":"=","667":"\\","668":"\"","669":"\\","670":"\"","671":">","672":"\\","673":"n","674":" ","675":" ","676":"<","677":"l","678":"i","679":" ","680":"c","681":"l","682":"a","683":"s","684":"s","685":"=","686":"\\","687":"\"","688":"m","689":"b","690":"-","691":"7","692":"\\","693":"\"","694":">","695":"\\","696":"n","697":" ","698":" ","699":" ","700":" ","701":"<","702":"r","703":"o","704":"u","705":"t","706":"e","707":"r","708":"-","709":"l","710":"i","711":"n","712":"k","713":"\\","714":"n","715":" ","716":" ","717":" ","718":" ","719":" ","720":" ","721":":","722":"t","723":"o","724":"=","725":"\\","726":"\"","727":"j","728":"o","729":"b","730":"P","731":"a","732":"g","733":"e","734":"L","735":"i","736":"n","737":"k","738":"\\","739":"\"","740":"\\","741":"n","742":" ","743":" ","744":" ","745":" ","746":" ","747":" ","748":"d","749":"a","750":"t","751":"a","752":"-","753":"t","754":"e","755":"s","756":"t","757":"=","758":"\\","759":"\"","760":"j","761":"o","762":"b","763":"-","764":"p","765":"a","766":"g","767":"e","768":"-","769":"l","770":"i","771":"n","772":"k","773":"\\","774":"\"","775":"\\","776":"n","777":" ","778":" ","779":" ","780":" ","781":" ","782":" ","783":"c","784":"l","785":"a","786":"s","787":"s","788":"=","789":"\\","790":"\"","791":"b","792":"l","793":"o","794":"c","795":"k","796":" ","797":"m","798":"x","799":"-","800":"a","801":"u","802":"t","803":"o","804":" ","805":"b","806":"g","807":"-","808":"w","809":"h","810":"i","811":"t","812":"e","813":" ","814":"b","815":"o","816":"r","817":"d","818":"e","819":"r","820":" ","821":"b","822":"o","823":"r","824":"d","825":"e","826":"r","827":"-","828":"s","829":"o","830":"l","831":"i","832":"d","833":" ","834":"b","835":"o","836":"r","837":"d","838":"e","839":"r","840":"-","841":"b","842":"r","843":"a","844":"n","845":"d","846":"-","847":"g","848":"r","849":"a","850":"y","851":"-","852":"2","853":" ","854":"r","855":"o","856":"u","857":"n","858":"d","859":"e","860":"d","861":" ","862":"h","863":"o","864":"v","865":"e","866":"r","867":":","868":"s","869":"h","870":"a","871":"d","872":"o","873":"w","874":"-","875":"g","876":"r","877":"a","878":"y","879":"\\","880":"\"","881":"\\","882":"n","883":" ","884":" ","885":" ","886":" ","887":">","888":"\\","889":"n","890":" ","891":" ","892":" ","893":" ","894":" ","895":" ","896":"<","897":"d","898":"i","899":"v","900":" ","901":"c","902":"l","903":"a","904":"s","905":"s","906":"=","907":"\\","908":"\"","909":"p","910":"t","911":"-","912":"5","913":" ","914":"p","915":"b","916":"-","917":"2","918":" ","919":"m","920":"x","921":"-","922":"8","923":" ","924":"b","925":"o","926":"r","927":"d","928":"e","929":"r","930":"-","931":"b","932":" ","933":"b","934":"o","935":"r","936":"d","937":"e","938":"r","939":"-","940":"s","941":"o","942":"l","943":"i","944":"d","945":" ","946":"b","947":"o","948":"r","949":"d","950":"e","951":"r","952":"-","953":"b","954":"r","955":"a","956":"n","957":"d","958":"-","959":"g","960":"r","961":"a","962":"y","963":"-","964":"2","965":"\\","966":"\"","967":">","968":"\\","969":"n","970":" ","971":" ","972":" ","973":" ","974":" ","975":" ","976":" ","977":" ","978":"<","979":"h","980":"2","981":" ","982":"c","983":"l","984":"a","985":"s","986":"s","987":"=","988":"\\","989":"\"","990":"m","991":"b","992":"-","993":"2","994":" ","995":"t","996":"e","997":"x","998":"t","999":"-","1000":"2","1001":"x","1002":"l","1003":"\\","1004":"\"","1005":">","1006":"\\","1007":"n","1008":" ","1009":" ","1010":" ","1011":" ","1012":" ","1013":" ","1014":" ","1015":" ","1016":" ","1017":" ","1018":"{","1019":"{","1020":" ","1021":"j","1022":"o","1023":"b","1024":".","1025":"t","1026":"i","1027":"t","1028":"l","1029":"e","1030":" ","1031":"}","1032":"}","1033":"\\","1034":"n","1035":" ","1036":" ","1037":" ","1038":" ","1039":" ","1040":" ","1041":" ","1042":" ","1043":"<","1044":"/","1045":"h","1046":"2","1047":">","1048":"\\","1049":"n","1050":" ","1051":" ","1052":" ","1053":" ","1054":" ","1055":" ","1056":" ","1057":" ","1058":"<","1059":"d","1060":"i","1061":"v","1062":" ","1063":"c","1064":"l","1065":"a","1066":"s","1067":"s","1068":"=","1069":"\\","1070":"\"","1071":"f","1072":"l","1073":"e","1074":"x","1075":" ","1076":"f","1077":"l","1078":"e","1079":"x","1080":"-","1081":"r","1082":"o","1083":"w","1084":" ","1085":"a","1086":"l","1087":"i","1088":"g","1089":"n","1090":"-","1091":"m","1092":"i","1093":"d","1094":"d","1095":"l","1096":"e","1097":"\\","1098":"\"","1099":">","1100":"\\","1101":"n","1102":" ","1103":" ","1104":" ","1105":" ","1106":" ","1107":" ","1108":" ","1109":" ","1110":" ","1111":" ","1112":"<","1113":"d","1114":"i","1115":"v","1116":" ","1117":"c","1118":"l","1119":"a","1120":"s","1121":"s","1122":"=","1123":"\\","1124":"\"","1125":"m","1126":"r","1127":"-","1128":"5","1129":"\\","1130":"\"","1131":">","1132":"\\","1133":"n","1134":" ","1135":" ","1136":" ","1137":" ","1138":" ","1139":" ","1140":" ","1141":" ","1142":" ","1143":" ","1144":" ","1145":" ","1146":"<","1147":"s","1148":"p","1149":"a","1150":"n","1151":">","1152":"{","1153":"{","1154":" ","1155":"j","1156":"o","1157":"b","1158":".","1159":"o","1160":"r","1161":"g","1162":"a","1163":"n","1164":"i","1165":"z","1166":"a","1167":"t","1168":"i","1169":"o","1170":"n","1171":" ","1172":"}","1173":"}","1174":"<","1175":"/","1176":"s","1177":"p","1178":"a","1179":"n","1180":">","1181":"\\","1182":"n","1183":" ","1184":" ","1185":" ","1186":" ","1187":" ","1188":" ","1189":" ","1190":" ","1191":" ","1192":" ","1193":"<","1194":"/","1195":"d","1196":"i","1197":"v","1198":">","1199":"\\","1200":"n","1201":" ","1202":" ","1203":" ","1204":" ","1205":" ","1206":" ","1207":" ","1208":" ","1209":" ","1210":" ","1211":"<","1212":"d","1213":"i","1214":"v","1215":">","1216":"\\","1217":"n","1218":" ","1219":" ","1220":" ","1221":" ","1222":" ","1223":" ","1224":" ","1225":" ","1226":" ","1227":" ","1228":" ","1229":" ","1230":"<","1231":"u","1232":"l","1233":">","1234":"\\","1235":"n","1236":" ","1237":" ","1238":" ","1239":" ","1240":" ","1241":" ","1242":" ","1243":" ","1244":" ","1245":" ","1246":" ","1247":" ","1248":" ","1249":" ","1250":"<","1251":"l","1252":"i","1253":"\\","1254":"n","1255":" ","1256":" ","1257":" ","1258":" ","1259":" ","1260":" ","1261":" ","1262":" ","1263":" ","1264":" ","1265":" ","1266":" ","1267":" ","1268":" ","1269":" ","1270":" ","1271":"v","1272":"-","1273":"f","1274":"o","1275":"r","1276":"=","1277":"\\","1278":"\"","1279":"l","1280":"o","1281":"c","1282":"a","1283":"t","1284":"i","1285":"o","1286":"n","1287":" ","1288":"i","1289":"n","1290":" ","1291":"j","1292":"o","1293":"b","1294":".","1295":"l","1296":"o","1297":"c","1298":"a","1299":"t","1300":"i","1301":"o","1302":"n","1303":"s","1304":"\\","1305":"\"","1306":"\\","1307":"n","1308":" ","1309":" ","1310":" ","1311":" ","1312":" ","1313":" ","1314":" ","1315":" ","1316":" ","1317":" ","1318":" ","1319":" ","1320":" ","1321":" ","1322":" ","1323":" ","1324":":","1325":"k","1326":"e","1327":"y","1328":"=","1329":"\\","1330":"\"","1331":"l","1332":"o","1333":"c","1334":"a","1335":"t","1336":"i","1337":"o","1338":"n","1339":"\\","1340":"\"","1341":"\\","1342":"n","1343":" ","1344":" ","1345":" ","1346":" ","1347":" ","1348":" ","1349":" ","1350":" ","1351":" ","1352":" ","1353":" ","1354":" ","1355":" ","1356":" ","1357":" ","1358":" ","1359":"c","1360":"l","1361":"a","1362":"s","1363":"s","1364":"=","1365":"\\","1366":"\"","1367":"i","1368":"n","1369":"l","1370":"i","1371":"n","1372":"e","1373":"-","1374":"b","1375":"l","1376":"o","1377":"c","1378":"k","1379":" ","1380":"m","1381":"r","1382":"-","1383":"2","1384":"\\","1385":"\"","1386":"\\","1387":"n","1388":" ","1389":" ","1390":" ","1391":" ","1392":" ","1393":" ","1394":" ","1395":" ","1396":" ","1397":" ","1398":" ","1399":" ","1400":" ","1401":" ","1402":">","1403":"\\","1404":"n","1405":" ","1406":" ","1407":" ","1408":" ","1409":" ","1410":" ","1411":" ","1412":" ","1413":" ","1414":" ","1415":" ","1416":" ","1417":" ","1418":" ","1419":" ","1420":" ","1421":"{","1422":"{","1423":" ","1424":"l","1425":"o","1426":"c","1427":"a","1428":"t","1429":"i","1430":"o","1431":"n","1432":" ","1433":"}","1434":"}","1435":"\\","1436":"n","1437":" ","1438":" ","1439":" ","1440":" ","1441":" ","1442":" ","1443":" ","1444":" ","1445":" ","1446":" ","1447":" ","1448":" ","1449":" ","1450":" ","1451":"<","1452":"/","1453":"l","1454":"i","1455":">","1456":"\\","1457":"n","1458":" ","1459":" ","1460":" ","1461":" ","1462":" ","1463":" ","1464":" ","1465":" ","1466":" ","1467":" ","1468":" ","1469":" ","1470":"<","1471":"/","1472":"u","1473":"l","1474":">","1475":"\\","1476":"n","1477":" ","1478":" ","1479":" ","1480":" ","1481":" ","1482":" ","1483":" ","1484":" ","1485":" ","1486":" ","1487":"<","1488":"/","1489":"d","1490":"i","1491":"v","1492":">","1493":"\\","1494":"n","1495":" ","1496":" ","1497":" ","1498":" ","1499":" ","1500":" ","1501":" ","1502":" ","1503":"<","1504":"/","1505":"d","1506":"i","1507":"v","1508":">","1509":"\\","1510":"n","1511":" ","1512":" ","1513":" ","1514":" ","1515":" ","1516":" ","1517":"<","1518":"/","1519":"d","1520":"i","1521":"v","1522":">","1523":"\\","1524":"n","1525":" ","1526":" ","1527":" ","1528":" ","1529":" ","1530":" ","1531":"<","1532":"d","1533":"i","1534":"v","1535":" ","1536":"c","1537":"l","1538":"a","1539":"s","1540":"s","1541":"=","1542":"\\","1543":"\"","1544":"p","1545":"x","1546":"-","1547":"8","1548":" ","1549":"p","1550":"y","1551":"-","1552":"4","1553":"\\","1554":"\"","1555":">","1556":"\\","1557":"n","1558":" ","1559":" ","1560":" ","1561":" ","1562":" ","1563":" ","1564":" ","1565":" ","1566":"<","1567":"d","1568":"i","1569":"v","1570":">","1571":"<","1572":"h","1573":"3","1574":" ","1575":"c","1576":"l","1577":"a","1578":"s","1579":"s","1580":"=","1581":"\\","1582":"\"","1583":"m","1584":"t","1585":"-","1586":"1","1587":" ","1588":"m","1589":"b","1590":"-","1591":"2","1592":"\\","1593":"\"","1594":">","1595":"Q","1596":"u","1597":"a","1598":"l","1599":"i","1600":"f","1601":"i","1602":"c","1603":"a","1604":"t","1605":"i","1606":"o","1607":"n","1608":"s","1609":"<","1610":"/","1611":"h","1612":"3","1613":">","1614":"<","1615":"/","1616":"d","1617":"i","1618":"v","1619":">","1620":"\\","1621":"n","1622":" ","1623":" ","1624":" ","1625":" ","1626":" ","1627":" ","1628":" ","1629":" ","1630":"<","1631":"d","1632":"i","1633":"v","1634":">","1635":"\\","1636":"n","1637":" ","1638":" ","1639":" ","1640":" ","1641":" ","1642":" ","1643":" ","1644":" ","1645":" ","1646":" ","1647":"<","1648":"u","1649":"l","1650":" ","1651":"c","1652":"l","1653":"a","1654":"s","1655":"s","1656":"=","1657":"\\","1658":"\"","1659":"p","1660":"l","1661":"-","1662":"8","1663":" ","1664":"l","1665":"i","1666":"s","1667":"t","1668":"-","1669":"d","1670":"i","1671":"s","1672":"c","1673":"\\","1674":"\"","1675":">","1676":"\\","1677":"n","1678":" ","1679":" ","1680":" ","1681":" ","1682":" ","1683":" ","1684":" ","1685":" ","1686":" ","1687":" ","1688":" ","1689":" ","1690":"<","1691":"l","1692":"i","1693":"\\","1694":"n","1695":" ","1696":" ","1697":" ","1698":" ","1699":" ","1700":" ","1701":" ","1702":" ","1703":" ","1704":" ","1705":" ","1706":" ","1707":" ","1708":" ","1709":"v","1710":"-","1711":"f","1712":"o","1713":"r","1714":"=","1715":"\\","1716":"\"","1717":"q","1718":"u","1719":"a","1720":"l","1721":"i","1722":"f","1723":"i","1724":"c","1725":"a","1726":"t","1727":"i","1728":"o","1729":"n","1730":" ","1731":"i","1732":"n","1733":" ","1734":"j","1735":"o","1736":"b","1737":".","1738":"m","1739":"i","1740":"n","1741":"i","1742":"m","1743":"u","1744":"m","1745":"Q","1746":"u","1747":"a","1748":"l","1749":"i","1750":"f","1751":"i","1752":"c","1753":"a","1754":"t","1755":"i","1756":"o","1757":"n","1758":"s","1759":"\\","1760":"\"","1761":"\\","1762":"n","1763":" ","1764":" ","1765":" ","1766":" ","1767":" ","1768":" ","1769":" ","1770":" ","1771":" ","1772":" ","1773":" ","1774":" ","1775":" ","1776":" ","1777":":","1778":"k","1779":"e","1780":"y","1781":"=","1782":"\\","1783":"\"","1784":"q","1785":"u","1786":"a","1787":"l","1788":"i","1789":"f","1790":"i","1791":"c","1792":"a","1793":"t","1794":"i","1795":"o","1796":"n","1797":"\\","1798":"\"","1799":"\\","1800":"n","1801":" ","1802":" ","1803":" ","1804":" ","1805":" ","1806":" ","1807":" ","1808":" ","1809":" ","1810":" ","1811":" ","1812":" ","1813":">","1814":"\\","1815":"n","1816":" ","1817":" ","1818":" ","1819":" ","1820":" ","1821":" ","1822":" ","1823":" ","1824":" ","1825":" ","1826":" ","1827":" ","1828":" ","1829":" ","1830":"{","1831":"{","1832":" ","1833":"q","1834":"u","1835":"a","1836":"l","1837":"i","1838":"f","1839":"i","1840":"c","1841":"a","1842":"t","1843":"i","1844":"o","1845":"n","1846":" ","1847":"}","1848":"}","1849":"\\","1850":"n","1851":" ","1852":" ","1853":" ","1854":" ","1855":" ","1856":" ","1857":" ","1858":" ","1859":" ","1860":" ","1861":" ","1862":" ","1863":"<","1864":"/","1865":"l","1866":"i","1867":">","1868":"\\","1869":"n","1870":" ","1871":" ","1872":" ","1873":" ","1874":" ","1875":" ","1876":" ","1877":" ","1878":" ","1879":" ","1880":"<","1881":"/","1882":"u","1883":"l","1884":">","1885":"\\","1886":"n","1887":" ","1888":" ","1889":" ","1890":" ","1891":" ","1892":" ","1893":" ","1894":" ","1895":"<","1896":"/","1897":"d","1898":"i","1899":"v","1900":">","1901":"\\","1902":"n","1903":" ","1904":" ","1905":" ","1906":" ","1907":" ","1908":" ","1909":" ","1910":" ","1911":"<","1912":"d","1913":"i","1914":"v","1915":" ","1916":"c","1917":"l","1918":"a","1919":"s","1920":"s","1921":"=","1922":"\\","1923":"\"","1924":"m","1925":"t","1926":"-","1927":"2","1928":" ","1929":"t","1930":"e","1931":"x","1932":"t","1933":"-","1934":"c","1935":"e","1936":"n","1937":"t","1938":"e","1939":"r","1940":"\\","1941":"\"","1942":">","1943":"\\","1944":"n","1945":" ","1946":" ","1947":" ","1948":" ","1949":" ","1950":" ","1951":" ","1952":" ","1953":" ","1954":" ","1955":"<","1956":"r","1957":"o","1958":"u","1959":"t","1960":"e","1961":"r","1962":"-","1963":"l","1964":"i","1965":"n","1966":"k","1967":" ","1968":":","1969":"t","1970":"o","1971":"=","1972":"\\","1973":"\"","1974":"j","1975":"o","1976":"b","1977":"P","1978":"a","1979":"g","1980":"e","1981":"L","1982":"i","1983":"n","1984":"k","1985":"\\","1986":"\"","1987":" ","1988":"c","1989":"l","1990":"a","1991":"s","1992":"s","1993":"=","1994":"\\","1995":"\"","1996":"t","1997":"e","1998":"x","1999":"t","2000":"-","2001":"b","2002":"r","2003":"a","2004":"n","2005":"d","2006":"-","2007":"b","2008":"l","2009":"u","2010":"e","2011":"-","2012":"1","2013":"\\","2014":"\"","2015":"\\","2016":"n","2017":" ","2018":" ","2019":" ","2020":" ","2021":" ","2022":" ","2023":" ","2024":" ","2025":" ","2026":" ","2027":" ","2028":" ","2029":">","2030":"E","2031":"x","2032":"p","2033":"a","2034":"n","2035":"d","2036":"<","2037":"/","2038":"r","2039":"o","2040":"u","2041":"t","2042":"e","2043":"r","2044":"-","2045":"l","2046":"i","2047":"n","2048":"k","2049":"\\","2050":"n","2051":" ","2052":" ","2053":" ","2054":" ","2055":" ","2056":" ","2057":" ","2058":" ","2059":" ","2060":" ","2061":">","2062":"\\","2063":"n","2064":" ","2065":" ","2066":" ","2067":" ","2068":" ","2069":" ","2070":" ","2071":" ","2072":"<","2073":"/","2074":"d","2075":"i","2076":"v","2077":">","2078":"\\","2079":"n","2080":" ","2081":" ","2082":" ","2083":" ","2084":" ","2085":" ","2086":"<","2087":"/","2088":"d","2089":"i","2090":"v","2091":">","2092":"\\","2093":"n","2094":" ","2095":" ","2096":" ","2097":" ","2098":"<","2099":"/","2100":"r","2101":"o","2102":"u","2103":"t","2104":"e","2105":"r","2106":"-","2107":"l","2108":"i","2109":"n","2110":"k","2111":">","2112":"\\","2113":"n","2114":" ","2115":" ","2116":"<","2117":"/","2118":"l","2119":"i","2120":">","2121":"\\","2122":"n","2123":"<","2124":"/","2125":"t","2126":"e","2127":"m","2128":"p","2129":"l","2130":"a","2131":"t","2132":"e","2133":">","2134":"\\","2135":"n","2136":"<","2137":"s","2138":"c","2139":"r","2140":"i","2141":"p","2142":"t","2143":">","2144":"\\","2145":"n","2146":"i","2147":"m","2148":"p","2149":"o","2150":"r","2151":"t","2152":" ","2153":"{","2154":" ","2155":"c","2156":"o","2157":"m","2158":"p","2159":"u","2160":"t","2161":"e","2162":"d","2163":" ","2164":"}","2165":" ","2166":"f","2167":"r","2168":"o","2169":"m","2170":" ","2171":"\\","2172":"\"","2173":"@","2174":"v","2175":"u","2176":"e","2177":"/","2178":"r","2179":"u","2180":"n","2181":"t","2182":"i","2183":"m","2184":"e","2185":"-","2186":"c","2187":"o","2188":"r","2189":"e","2190":"\\","2191":"\"","2192":";","2193":"\\","2194":"n","2195":"e","2196":"x","2197":"p","2198":"o","2199":"r","2200":"t","2201":" ","2202":"d","2203":"e","2204":"f","2205":"a","2206":"u","2207":"l","2208":"t","2209":" ","2210":"{","2211":"\\","2212":"n","2213":" ","2214":" ","2215":"n","2216":"a","2217":"m","2218":"e","2219":":","2220":" ","2221":"\\","2222":"\"","2223":"J","2224":"o","2225":"b","2226":"L","2227":"i","2228":"s","2229":"t","2230":"i","2231":"n","2232":"g","2233":"\\","2234":"\"","2235":",","2236":"\\","2237":"n","2238":" ","2239":" ","2240":"p","2241":"r","2242":"o","2243":"p","2244":"s","2245":":","2246":" ","2247":"{","2248":"\\","2249":"n","2250":" ","2251":" ","2252":" ","2253":" ","2254":"j","2255":"o","2256":"b","2257":":","2258":" ","2259":"{","2260":"\\","2261":"n","2262":" ","2263":" ","2264":" ","2265":" ","2266":" ","2267":" ","2268":"t","2269":"y","2270":"p","2271":"e","2272":":","2273":" ","2274":"O","2275":"b","2276":"j","2277":"e","2278":"c","2279":"t","2280":",","2281":"\\","2282":"n","2283":" ","2284":" ","2285":" ","2286":" ","2287":" ","2288":" ","2289":"r","2290":"e","2291":"q","2292":"u","2293":"i","2294":"r","2295":"e","2296":"d","2297":":","2298":" ","2299":"t","2300":"r","2301":"u","2302":"e","2303":",","2304":"\\","2305":"n","2306":" ","2307":" ","2308":" ","2309":" ","2310":"}","2311":",","2312":"\\","2313":"n","2314":" ","2315":" ","2316":"}","2317":",","2318":"\\","2319":"n","2320":" ","2321":" ","2322":"s","2323":"e","2324":"t","2325":"u","2326":"p","2327":"(","2328":"p","2329":"r","2330":"o","2331":"p","2332":"s","2333":")","2334":" ","2335":"{","2336":"\\","2337":"n","2338":" ","2339":" ","2340":" ","2341":" ","2342":"c","2343":"o","2344":"n","2345":"s","2346":"t","2347":" ","2348":"j","2349":"o","2350":"b","2351":"P","2352":"a","2353":"g","2354":"e","2355":"L","2356":"i","2357":"n","2358":"k","2359":" ","2360":"=","2361":" ","2362":"c","2363":"o","2364":"m","2365":"p","2366":"u","2367":"t","2368":"e","2369":"d","2370":"(","2371":"(","2372":")","2373":" ","2374":"=","2375":">","2376":" ","2377":"`","2378":"/","2379":"j","2380":"o","2381":"b","2382":"s","2383":"/","2384":"r","2385":"e","2386":"s","2387":"u","2388":"l","2389":"t","2390":"s","2391":"/","2392":"$","2393":"{","2394":"p","2395":"r","2396":"o","2397":"p","2398":"s","2399":".","2400":"j","2401":"o","2402":"b","2403":".","2404":"i","2405":"d","2406":"}","2407":"`","2408":")","2409":";","2410":"\\","2411":"n","2412":" ","2413":" ","2414":" ","2415":" ","2416":"r","2417":"e","2418":"t","2419":"u","2420":"r","2421":"n","2422":" ","2423":"{","2424":" ","2425":"j","2426":"o","2427":"b","2428":"P","2429":"a","2430":"g","2431":"e","2432":"L","2433":"i","2434":"n","2435":"k","2436":" ","2437":"}","2438":";","2439":"\\","2440":"n","2441":" ","2442":" ","2443":"}","2444":",","2445":"\\","2446":"n","2447":" ","2448":" ","2449":"/","2450":"/","2451":" ","2452":"c","2453":"o","2454":"m","2455":"p","2456":"u","2457":"t","2458":"e","2459":"d","2460":":","2461":" ","2462":"{","2463":" ","2464":"/","2465":"/","2466":"D","2467":"E","2468":"P","2469":"R","2470":"E","2471":"C","2472":"A","2473":"T","2474":"E","2475":"D","2476":" ","2477":"B","2478":"E","2479":"C","2480":"A","2481":"U","2482":"S","2483":"E","2484":" ","2485":"O","2486":"F","2487":" ","2488":"C","2489":"O","2490":"M","2491":"P","2492":"O","2493":"S","2494":"I","2495":"T","2496":"I","2497":"O","2498":"N","2499":" ","2500":"A","2501":"P","2502":"I","2503":"\\","2504":"n","2505":" ","2506":" ","2507":"/","2508":"/","2509":" ","2510":" ","2511":" ","2512":"j","2513":"o","2514":"b","2515":"P","2516":"a","2517":"g","2518":"e","2519":"L","2520":"i","2521":"n","2522":"k","2523":"(","2524":")","2525":" ","2526":"{","2527":"\\","2528":"n","2529":" ","2530":" ","2531":"/","2532":"/","2533":" ","2534":" ","2535":" ","2536":" ","2537":" ","2538":"r","2539":"e","2540":"t","2541":"u","2542":"r","2543":"n","2544":" ","2545":"`","2546":"/","2547":"j","2548":"o","2549":"b","2550":"s","2551":"/","2552":"r","2553":"e","2554":"s","2555":"u","2556":"l","2557":"t","2558":"s","2559":"/","2560":"$","2561":"{","2562":"t","2563":"h","2564":"i","2565":"s","2566":".","2567":"j","2568":"o","2569":"b","2570":".","2571":"i","2572":"d","2573":"}","2574":"`","2575":";","2576":"\\","2577":"n","2578":" ","2579":" ","2580":"/","2581":"/","2582":" ","2583":" ","2584":" ","2585":"}","2586":",","2587":"\\","2588":"n","2589":" ","2590":" ","2591":"/","2592":"/","2593":" ","2594":"}","2595":",","2596":"\\","2597":"n","2598":"}","2599":";","2600":"\\","2601":"n","2602":"<","2603":"/","2604":"s","2605":"c","2606":"r","2607":"i","2608":"p","2609":"t","2610":">","2611":"\\","2612":"n","2613":"\"","2614":"]","2615":"}"},"_coverageSchema":"1a1c01bbd47fc00a2c39e90264f33305004495a9","hash":"440d7e6bf530c796c98b6a79b62cbef6ba7f82f9"}
,"/Users/guidopawluk/Desktop/Guido/UDEMY/vue-masteryclass-udemy/job-search/src/components/JobResults/JobListings.vue": {"path":"/Users/guidopawluk/Desktop/Guido/UDEMY/vue-masteryclass-udemy/job-search/src/components/JobResults/JobListings.vue","statementMap":{"0":{"start":{"line":4,"column":29},"end":{"line":4,"column":181}},"1":{"start":{"line":5,"column":0},"end":{"line":7,"column":3}},"2":{"start":{"line":8,"column":0},"end":{"line":8,"column":25}},"3":{"start":{"line":221,"column":0},"end":{"line":221,"column":13}},"4":{"start":{"line":222,"column":0},"end":{"line":222,"column":62}},"5":{"start":{"line":223,"column":0},"end":{"line":223,"column":24}},"6":{"start":{"line":224,"column":12},"end":{"line":224,"column":26}},"7":{"start":{"line":225,"column":17},"end":{"line":225,"column":59}},"8":{"start":{"line":226,"column":17},"end":{"line":226,"column":42}},"9":{"start":{"line":227,"column":17},"end":{"line":227,"column":55}},"10":{"start":{"line":228,"column":17},"end":{"line":228,"column":47}},"11":{"start":{"line":229,"column":17},"end":{"line":229,"column":59}},"12":{"start":{"line":231,"column":33},"end":{"line":231,"column":75}},"13":{"start":{"line":232,"column":33},"end":{"line":232,"column":75}},"14":{"start":{"line":233,"column":4},"end":{"line":276,"column":8}},"15":{"start":{"line":236,"column":16},"end":{"line":240,"column":50}},"16":{"start":{"line":255,"column":66},"end":{"line":257,"column":26}},"17":{"start":{"line":268,"column":66},"end":{"line":270,"column":26}},"18":{"start":{"line":278,"column":0},"end":{"line":278,"column":24}},"19":{"start":{"line":279,"column":1},"end":{"line":279,"column":48}}},"fnMap":{"0":{"name":"render","decl":{"start":{"line":230,"column":9},"end":{"line":230,"column":15}},"loc":{"start":{"line":230,"column":30},"end":{"line":277,"column":1}},"line":230},"1":{"name":"(anonymous_1)","decl":{"start":{"line":235,"column":135},"end":{"line":235,"column":136}},"loc":{"start":{"line":235,"column":150},"end":{"line":241,"column":13}},"line":235},"2":{"name":"(anonymous_2)","decl":{"start":{"line":255,"column":52},"end":{"line":255,"column":53}},"loc":{"start":{"line":255,"column":64},"end":{"line":257,"column":28}},"line":255},"3":{"name":"(anonymous_3)","decl":{"start":{"line":268,"column":52},"end":{"line":268,"column":53}},"loc":{"start":{"line":268,"column":64},"end":{"line":270,"column":28}},"line":268}},"branchMap":{"0":{"loc":{"start":{"line":248,"column":16},"end":{"line":260,"column":65}},"type":"cond-expr","locations":[{"start":{"line":249,"column":23},"end":{"line":259,"column":45}},{"start":{"line":260,"column":22},"end":{"line":260,"column":65}}],"line":248},"1":{"loc":{"start":{"line":261,"column":16},"end":{"line":273,"column":65}},"type":"cond-expr","locations":[{"start":{"line":262,"column":23},"end":{"line":272,"column":45}},{"start":{"line":273,"column":22},"end":{"line":273,"column":65}}],"line":261}},"s":{"0":1,"1":1,"2":1,"3":1,"4":1,"5":1,"6":1,"7":1,"8":1,"9":1,"10":1,"11":1,"12":7,"13":7,"14":7,"15":10,"16":4,"17":5,"18":1,"19":1},"f":{"0":7,"1":10,"2":4,"3":5},"b":{"0":[4,3],"1":[5,2]},"inputSourceMap":{"0":"{","1":"\"","2":"v","3":"e","4":"r","5":"s","6":"i","7":"o","8":"n","9":"\"","10":":","11":"3","12":",","13":"\"","14":"s","15":"o","16":"u","17":"r","18":"c","19":"e","20":"s","21":"\"","22":":","23":"[","24":"\"","25":"/","26":"U","27":"s","28":"e","29":"r","30":"s","31":"/","32":"g","33":"u","34":"i","35":"d","36":"o","37":"p","38":"a","39":"w","40":"l","41":"u","42":"k","43":"/","44":"D","45":"e","46":"s","47":"k","48":"t","49":"o","50":"p","51":"/","52":"G","53":"u","54":"i","55":"d","56":"o","57":"/","58":"U","59":"D","60":"E","61":"M","62":"Y","63":"/","64":"v","65":"u","66":"e","67":"-","68":"m","69":"a","70":"s","71":"t","72":"e","73":"r","74":"y","75":"c","76":"l","77":"a","78":"s","79":"s","80":"-","81":"u","82":"d","83":"e","84":"m","85":"y","86":"/","87":"j","88":"o","89":"b","90":"-","91":"s","92":"e","93":"a","94":"r","95":"c","96":"h","97":"/","98":"s","99":"r","100":"c","101":"/","102":"c","103":"o","104":"m","105":"p","106":"o","107":"n","108":"e","109":"n","110":"t","111":"s","112":"/","113":"J","114":"o","115":"b","116":"R","117":"e","118":"s","119":"u","120":"l","121":"t","122":"s","123":"/","124":"J","125":"o","126":"b","127":"L","128":"i","129":"s","130":"t","131":"i","132":"n","133":"g","134":"s","135":".","136":"v","137":"u","138":"e","139":"\"","140":"]","141":",","142":"\"","143":"n","144":"a","145":"m","146":"e","147":"s","148":"\"","149":":","150":"[","151":"]","152":",","153":"\"","154":"m","155":"a","156":"p","157":"p","158":"i","159":"n","160":"g","161":"s","162":"\"","163":":","164":"\"","165":";","166":";","167":";","168":";","169":";","170":";","171":";","172":";","173":"A","174":"A","175":"k","176":"C","177":"A","178":";","179":"A","180":"A","181":"A","182":"A","183":";","184":"A","185":"A","186":"A","187":"A","188":";","189":"A","190":"A","191":"I","192":"A","193":";","194":"A","195":"A","196":"A","197":"A","198":";","199":"A","200":"A","201":"A","202":"A","203":";","204":"A","205":"A","206":"C","207":"A","208":";","209":"A","210":"A","211":"A","212":"A","213":";","214":"A","215":"A","216":"A","217":"A","218":";","219":"A","220":"A","221":"C","222":"A","223":";","224":"A","225":"A","226":"A","227":"A","228":";","229":"A","230":"A","231":"A","232":"A","233":";","234":"A","235":"A","236":"E","237":"A","238":";","239":"A","240":"A","241":"A","242":"A","243":";","244":"A","245":"A","246":"A","247":"A","248":";","249":"A","250":"A","251":"A","252":"g","253":"E","254":";","255":"A","256":"A","257":"P","258":"h","259":"E","260":";","261":"A","262":"A","263":"C","264":"A","265":";","266":"A","267":"A","268":"K","269":"A","270":";","271":"A","272":"A","273":"E","274":"A","275":";","276":"A","277":"A","278":"C","279":"A","280":";","281":"A","282":"A","283":"A","284":"A","285":",","286":"e","287":"A","288":"E","289":"e","290":";","291":"E","292":"A","293":"C","294":"b","295":",","296":"I","297":"A","298":"A","299":"I","300":",","301":"E","302":"A","303":"A","304":"E","305":",","306":"a","307":"A","308":"A","309":"a","310":";","311":"E","312":"A","313":"C","314":"n","315":"B","316":",","317":"U","318":"A","319":"A","320":"U","321":",","322":"E","323":"A","324":"A","325":"E","326":";","327":"I","328":"A","329":"A","330":"E","331":",","332":"U","333":"A","334":"A","335":"U","336":";","337":"I","338":"A","339":"A","340":"V","341":";","342":"I","343":"A","344":"A","345":"A","346":";","347":"I","348":"A","349":"A","350":"A","351":";","352":"I","353":"A","354":"A","355":"A","356":";","357":"E","358":"A","359":"A","360":"W","361":",","362":"C","363":"A","364":"A","365":"C","366":";","367":"E","368":"A","369":"C","370":"1","371":"B","372":",","373":"K","374":"A","375":"A","376":"K","377":",","378":"G","379":"A","380":"A","381":"G","382":";","383":"I","384":"A","385":"C","386":"N","387":";","388":"I","389":"A","390":"C","391":"A","392":";","393":"I","394":"A","395":"C","396":"A","397":";","398":"I","399":"A","400":"A","401":"A","402":";","403":"I","404":"A","405":"A","406":"A","407":";","408":"I","409":"A","410":"A","411":"A","412":";","413":"I","414":"A","415":"A","416":"A","417":";","418":"I","419":"A","420":"A","421":"A","422":",","423":"S","424":"A","425":"A","426":"S","427":";","428":"I","429":"A","430":"A","431":"C","432":";","433":"I","434":"A","435":"A","436":"A","437":";","438":"I","439":"A","440":"A","441":"A","442":";","443":"I","444":"A","445":"A","446":"A","447":",","448":"o","449":"B","450":"A","451":"A","452":"o","453":"B","454":",","455":"C","456":"A","457":"A","458":"C","459":",","460":"C","461":"A","462":"A","463":"C","464":",","465":"C","466":"A","467":"A","468":"C","469":";","470":";","471":"I","472":"A","473":"E","474":"j","475":"C","476":",","477":"M","478":"A","479":"A","480":"M","481":",","482":"Y","483":"A","484":"A","485":"Y","486":";","487":"I","488":"A","489":"A","490":"G","491":";","492":"I","493":"A","494":"A","495":"A","496":";","497":"I","498":"A","499":"A","500":"A","501":";","502":"I","503":"A","504":"A","505":"A","506":";","507":"I","508":"A","509":"A","510":"A","511":";","512":"I","513":"A","514":"A","515":"A","516":",","517":"e","518":"A","519":"A","520":"e","521":",","522":"G","523":"A","524":"A","525":"E","526":",","527":"C","528":"A","529":"A","530":"C","531":",","532":"C","533":"A","534":"A","535":"C","536":";","537":";","538":"I","539":"A","540":"E","541":"x","542":"C","543":";","544":"I","545":"A","546":"C","547":"A","548":";","549":"I","550":"A","551":"C","552":"A","553":";","554":"I","555":"A","556":"C","557":"A","558":";","559":"I","560":"A","561":"C","562":"A","563":",","564":"M","565":"A","566":"A","567":"M","568":",","569":"W","570":"A","571":"A","572":"W","573":";","574":"I","575":"A","576":"A","577":"G","578":";","579":"I","580":"A","581":"A","582":"A","583":";","584":"I","585":"A","586":"A","587":"A","588":";","589":"I","590":"A","591":"A","592":"A","593":";","594":"I","595":"A","596":"A","597":"A","598":";","599":"I","600":"A","601":"A","602":"A","603":",","604":"O","605":"A","606":"A","607":"c","608":",","609":"G","610":"A","611":"A","612":"E","613":",","614":"C","615":"A","616":"A","617":"C","618":",","619":"C","620":"A","621":"A","622":"C","623":";","624":";","625":"I","626":"A","627":"E","628":"t","629":"C","630":",","631":"M","632":"A","633":"A","634":"M","635":",","636":"O","637":"A","638":"A","639":"O","640":";","641":"I","642":"A","643":"A","644":"G","645":";","646":"I","647":"A","648":"A","649":"A","650":";","651":"I","652":"A","653":"A","654":"A","655":";","656":"I","657":"A","658":"A","659":"A","660":";","661":"I","662":"A","663":"A","664":"A","665":";","666":"I","667":"A","668":"A","669":"A","670":",","671":"Q","672":"A","673":"A","674":"Q","675":",","676":"E","677":"A","678":"A","679":"C","680":",","681":"M","682":"A","683":"A","684":"M","685":",","686":"I","687":"A","688":"A","689":"I","690":",","691":"C","692":"A","693":"A","694":"C","695":",","696":"I","697":"A","698":"A","699":"I","700":",","701":"C","702":"A","703":"A","704":"C","705":",","706":"Y","707":"A","708":"A","709":"Y","710":",","711":"C","712":"A","713":"A","714":"C","715":",","716":"K","717":"A","718":"A","719":"K","720":",","721":"C","722":"A","723":"A","724":"C","725":",","726":"M","727":"A","728":"A","729":"M","730":",","731":"G","732":"A","733":"A","734":"G","735":",","736":"E","737":"A","738":"A","739":"E","740":",","741":"C","742":"A","743":"A","744":"C","745":",","746":"C","747":"A","748":"A","749":"C","750":";","751":"I","752":"A","753":"E","754":"z","755":"E","756":",","757":"M","758":"A","759":"A","760":"M","761":";","762":"M","763":"A","764":"A","765":"E","766":",","767":"Y","768":"A","769":"A","770":"Y","771":";","772":"M","773":"A","774":"A","775":"E","776":";","777":"I","778":"A","779":"A","780":"S","781":",","782":"C","783":"A","784":"A","785":"C","786":";","787":"I","788":"A","789":"A","790":"G","791":";","792":"I","793":"A","794":"A","795":"A","796":";","797":"I","798":"A","799":"A","800":"A","801":";","802":"I","803":"A","804":"A","805":"A","806":";","807":"I","808":"A","809":"A","810":"A","811":";","812":"I","813":"A","814":"A","815":"A","816":",","817":"O","818":"A","819":"A","820":"u","821":"B","822":",","823":"E","824":"A","825":"C","826":"x","827":"D","828":",","829":"W","830":"A","831":"A","832":"W","833":",","834":"E","835":"A","836":"C","837":"X","838":",","839":"O","840":"A","841":"A","842":"O","843":",","844":"C","845":"A","846":"C","847":"R","848":";","849":"I","850":"A","851":"C","852":"D","853":";","854":"I","855":"A","856":"C","857":"A","858":";","859":"I","860":"A","861":"C","862":"A","863":";","864":"I","865":"A","866":"C","867":"A","868":";","869":"I","870":"A","871":"C","872":"A","873":";","874":"I","875":"A","876":"C","877":"A","878":";","879":"I","880":"A","881":"C","882":"A","883":";","884":"I","885":"A","886":"C","887":"A","888":";","889":"I","890":"A","891":"C","892":"A","893":";","894":"I","895":"A","896":"C","897":"A","898":";","899":"I","900":"A","901":"C","902":"A","903":";","904":";","905":"I","906":"A","907":"E","908":"A","909":",","910":"M","911":"A","912":"A","913":"M","914":",","915":"a","916":"A","917":"A","918":"a","919":";","920":"I","921":"A","922":"A","923":"G","924":";","925":"I","926":"A","927":"A","928":"A","929":";","930":"I","931":"A","932":"A","933":"A","934":";","935":"I","936":"A","937":"A","938":"A","939":";","940":"I","941":"A","942":"A","943":"A","944":";","945":"I","946":"A","947":"A","948":"A","949":",","950":"Q","951":"A","952":"A","953":"Q","954":",","955":"E","956":"A","957":"A","958":"C","959":",","960":"M","961":"A","962":"A","963":"M","964":";","965":"M","966":"A","967":"C","968":"n","969":"C","970":",","971":"M","972":"A","973":"A","974":"M","975":",","976":"U","977":"A","978":"A","979":"U","980":",","981":"G","982":"A","983":"A","984":"G","985":",","986":"W","987":"A","988":"A","989":"W","990":",","991":"C","992":"A","993":"A","994":"C","995":",","996":"K","997":"A","998":"A","999":"K","1000":";","1001":"M","1002":"A","1003":"C","1004":"p","1005":"C","1006":",","1007":"M","1008":"A","1009":"A","1010":"M","1011":",","1012":"a","1013":"A","1014":"A","1015":"a","1016":",","1017":"G","1018":"A","1019":"A","1020":"G","1021":",","1022":"C","1023":"A","1024":"A","1025":"C","1026":",","1027":"U","1028":"A","1029":"A","1030":"U","1031":",","1032":"G","1033":"A","1034":"A","1035":"G","1036":",","1037":"C","1038":"A","1039":"A","1040":"C","1041":",","1042":"I","1043":"A","1044":"A","1045":"I","1046":",","1047":"E","1048":"A","1049":"A","1050":"E","1051":";","1052":"M","1053":"A","1054":"C","1055":"3","1056":"C","1057":",","1058":"M","1059":"A","1060":"A","1061":"M","1062":",","1063":"Y","1064":"A","1065":"A","1066":"Y","1067":",","1068":"G","1069":"A","1070":"A","1071":"G","1072":",","1073":"U","1074":"A","1075":"A","1076":"U","1077":",","1078":"G","1079":"A","1080":"A","1081":"G","1082":",","1083":"E","1084":"A","1085":"A","1086":"E","1087":";","1088":"M","1089":"A","1090":"E","1091":"p","1092":"C","1093":",","1094":"O","1095":"A","1096":"A","1097":"O","1098":",","1099":"Y","1100":"A","1101":"A","1102":"Y","1103":",","1104":"C","1105":"A","1106":"A","1107":"C","1108":",","1109":"K","1110":"A","1111":"A","1112":"K","1113":",","1114":"C","1115":"A","1116":"A","1117":"C","1118":",","1119":"K","1120":"A","1121":"A","1122":"K","1123":",","1124":"C","1125":"A","1126":"A","1127":"C","1128":",","1129":"a","1130":"A","1131":"A","1132":"a","1133":",","1134":"E","1135":"A","1136":"A","1137":"E","1138":",","1139":"Y","1140":"A","1141":"A","1142":"Y","1143":",","1144":"C","1145":"A","1146":"A","1147":"C","1148":";","1149":"I","1150":"A","1151":"C","1152":"9","1153":"D","1154":",","1155":"C","1156":"A","1157":"A","1158":"C","1159":",","1160":"C","1161":"A","1162":"A","1163":"C","1164":";","1165":"I","1166":"A","1167":"E","1168":"F","1169":",","1170":"O","1171":"A","1172":"A","1173":"O","1174":";","1175":"M","1176":"A","1177":"A","1178":"E","1179":",","1180":"W","1181":"A","1182":"A","1183":"W","1184":";","1185":"M","1186":"A","1187":"A","1188":"E","1189":",","1190":"Y","1191":"A","1192":"A","1193":"Y","1194":";","1195":"M","1196":"A","1197":"A","1198":"E","1199":",","1200":"Q","1201":"A","1202":"A","1203":"Q","1204":";","1205":"M","1206":"A","1207":"A","1208":"E","1209":";","1210":"I","1211":"A","1212":"A","1213":"c","1214":",","1215":"C","1216":"A","1217":"A","1218":"C","1219":";","1220":"E","1221":"A","1222":"C","1223":"/","1224":"D","1225":";","1226":"E","1227":"A","1228":"C","1229":"A","1230":";","1231":"E","1232":"A","1233":"C","1234":"A","1235":";","1236":"E","1237":"A","1238":"C","1239":"A","1240":";","1241":"E","1242":"A","1243":"C","1244":"A","1245":";","1246":"E","1247":"A","1248":"C","1249":"A","1250":";","1251":"E","1252":"A","1253":"C","1254":"A","1255":";","1256":"E","1257":"A","1258":"C","1259":"A","1260":";","1261":"E","1262":"A","1263":"C","1264":"A","1265":";","1266":"E","1267":"A","1268":"C","1269":"A","1270":";","1271":"E","1272":"A","1273":"C","1274":"A","1275":";","1276":"E","1277":"A","1278":"C","1279":"A","1280":";","1281":"E","1282":"A","1283":"C","1284":"A","1285":";","1286":"E","1287":"A","1288":"C","1289":"A","1290":";","1291":"E","1292":"A","1293":"C","1294":"A","1295":";","1296":"E","1297":"A","1298":"C","1299":"A","1300":";","1301":"E","1302":"A","1303":"C","1304":"A","1305":";","1306":"E","1307":"A","1308":"C","1309":"A","1310":";","1311":"E","1312":"A","1313":"C","1314":"A","1315":";","1316":"E","1317":"A","1318":"C","1319":"A","1320":";","1321":"E","1322":"A","1323":"C","1324":"A","1325":";","1326":"E","1327":"A","1328":"C","1329":"A","1330":";","1331":"E","1332":"A","1333":"C","1334":"A","1335":";","1336":"E","1337":"A","1338":"C","1339":"A","1340":";","1341":"E","1342":"A","1343":"C","1344":"A","1345":";","1346":"E","1347":"A","1348":"C","1349":"A","1350":";","1351":";","1352":"E","1353":"A","1354":"E","1355":"A","1356":";","1357":"E","1358":"A","1359":"C","1360":"A","1361":";","1362":"E","1363":"A","1364":"C","1365":"A","1366":";","1367":"E","1368":"A","1369":"C","1370":"A","1371":";","1372":"E","1373":"A","1374":"C","1375":"A","1376":";","1377":"E","1378":"A","1379":"C","1380":"A","1381":";","1382":"E","1383":"A","1384":"C","1385":"A","1386":";","1387":"E","1388":"A","1389":"C","1390":"A","1391":";","1392":"E","1393":"A","1394":"C","1395":"A","1396":";","1397":"A","1398":"A","1399":"C","1400":"F","1401":",","1402":"C","1403":"A","1404":"A","1405":"C","1406":",","1407":"E","1408":"A","1409":"E","1410":"D","1411":";","1412":"A","1413":"A","1414":"C","1415":"A","1416":";","1417":"A","1418":"A","1419":"C","1420":"A","1421":";","1422":"A","1423":"A","1424":"C","1425":"A","1426":";","1427":"A","1428":"A","1429":"C","1430":"A","1431":";","1432":"A","1433":"A","1434":"C","1435":"A","1436":";","1437":"A","1438":"A","1439":"C","1440":"A","1441":";","1442":"A","1443":"A","1444":"C","1445":"A","1446":";","1447":"A","1448":"A","1449":"C","1450":"A","1451":";","1452":"A","1453":"A","1454":"C","1455":"A","1456":";","1457":"A","1458":"A","1459":"C","1460":"A","1461":";","1462":"A","1463":"A","1464":"C","1465":"A","1466":";","1467":"A","1468":"A","1469":"C","1470":"A","1471":";","1472":"A","1473":"A","1474":"C","1475":"A","1476":";","1477":"A","1478":"A","1479":"C","1480":"A","1481":";","1482":"A","1483":"A","1484":"C","1485":"A","1486":";","1487":"A","1488":"A","1489":"C","1490":"A","1491":";","1492":"A","1493":"A","1494":"C","1495":"A","1496":";","1497":"A","1498":"A","1499":"C","1500":"A","1501":";","1502":"A","1503":"A","1504":"C","1505":"A","1506":";","1507":"A","1508":"A","1509":"C","1510":"A","1511":";","1512":"A","1513":"A","1514":"C","1515":"A","1516":";","1517":"A","1518":"A","1519":"C","1520":"A","1521":";","1522":"A","1523":"A","1524":"C","1525":"A","1526":";","1527":"A","1528":"A","1529":"C","1530":"A","1531":";","1532":"A","1533":"A","1534":"C","1535":"A","1536":";","1537":"A","1538":"A","1539":"C","1540":"A","1541":";","1542":"A","1543":"A","1544":"C","1545":"A","1546":";","1547":"A","1548":"A","1549":"C","1550":"A","1551":";","1552":"A","1553":"A","1554":"C","1555":"A","1556":";","1557":"A","1558":"A","1559":"C","1560":"A","1561":";","1562":"A","1563":"A","1564":"C","1565":"A","1566":";","1567":"A","1568":"A","1569":"C","1570":"A","1571":";","1572":"A","1573":"A","1574":"C","1575":"A","1576":";","1577":"A","1578":"A","1579":"C","1580":"A","1581":";","1582":"A","1583":"A","1584":"C","1585":"A","1586":";","1587":"A","1588":"A","1589":"C","1590":"A","1591":";","1592":"A","1593":"A","1594":"C","1595":"A","1596":";","1597":"A","1598":"A","1599":"C","1600":"A","1601":";","1602":"A","1603":"A","1604":"C","1605":"A","1606":";","1607":"A","1608":"A","1609":"E","1610":"A","1611":";","1612":"A","1613":"A","1614":"C","1615":"A","1616":";","1617":"A","1618":"A","1619":"C","1620":"A","1621":";","1622":"A","1623":"A","1624":"C","1625":"A","1626":";","1627":"A","1628":"A","1629":"C","1630":"A","1631":";","1632":"A","1633":"A","1634":"C","1635":"A","1636":";","1637":"A","1638":"A","1639":"C","1640":"A","1641":";","1642":"A","1643":"A","1644":"C","1645":"A","1646":";","1647":"A","1648":"A","1649":"C","1650":"A","1651":";","1652":"A","1653":"A","1654":"C","1655":"A","1656":";","1657":"A","1658":"A","1659":"E","1660":"A","1661":";","1662":"A","1663":"A","1664":"C","1665":"A","1666":";","1667":"A","1668":"A","1669":"C","1670":"A","1671":";","1672":"A","1673":"A","1674":"C","1675":"A","1676":";","1677":"A","1678":"A","1679":"C","1680":"A","1681":";","1682":"A","1683":"A","1684":"C","1685":"A","1686":";","1687":"A","1688":"A","1689":"C","1690":"A","1691":";","1692":"A","1693":"A","1694":"C","1695":"A","1696":";","1697":"A","1698":"A","1699":"C","1700":"A","1701":";","1702":"A","1703":"A","1704":"E","1705":"A","1706":";","1707":"A","1708":"A","1709":"E","1710":"A","1711":";","1712":"A","1713":"A","1714":"C","1715":"A","1716":";","1717":"A","1718":"A","1719":"C","1720":"A","1721":";","1722":"A","1723":"A","1724":"A","1725":"A","1726":";","1727":"A","1728":"A","1729":"A","1730":"A","1731":"\"","1732":",","1733":"\"","1734":"f","1735":"i","1736":"l","1737":"e","1738":"\"","1739":":","1740":"\"","1741":"/","1742":"U","1743":"s","1744":"e","1745":"r","1746":"s","1747":"/","1748":"g","1749":"u","1750":"i","1751":"d","1752":"o","1753":"p","1754":"a","1755":"w","1756":"l","1757":"u","1758":"k","1759":"/","1760":"D","1761":"e","1762":"s","1763":"k","1764":"t","1765":"o","1766":"p","1767":"/","1768":"G","1769":"u","1770":"i","1771":"d","1772":"o","1773":"/","1774":"U","1775":"D","1776":"E","1777":"M","1778":"Y","1779":"/","1780":"v","1781":"u","1782":"e","1783":"-","1784":"m","1785":"a","1786":"s","1787":"t","1788":"e","1789":"r","1790":"y","1791":"c","1792":"l","1793":"a","1794":"s","1795":"s","1796":"-","1797":"u","1798":"d","1799":"e","1800":"m","1801":"y","1802":"/","1803":"j","1804":"o","1805":"b","1806":"-","1807":"s","1808":"e","1809":"a","1810":"r","1811":"c","1812":"h","1813":"/","1814":"s","1815":"r","1816":"c","1817":"/","1818":"c","1819":"o","1820":"m","1821":"p","1822":"o","1823":"n","1824":"e","1825":"n","1826":"t","1827":"s","1828":"/","1829":"J","1830":"o","1831":"b","1832":"R","1833":"e","1834":"s","1835":"u","1836":"l","1837":"t","1838":"s","1839":"/","1840":"J","1841":"o","1842":"b","1843":"L","1844":"i","1845":"s","1846":"t","1847":"i","1848":"n","1849":"g","1850":"s","1851":".","1852":"v","1853":"u","1854":"e","1855":"\"","1856":",","1857":"\"","1858":"s","1859":"o","1860":"u","1861":"r","1862":"c","1863":"e","1864":"s","1865":"C","1866":"o","1867":"n","1868":"t","1869":"e","1870":"n","1871":"t","1872":"\"","1873":":","1874":"[","1875":"\"","1876":"<","1877":"t","1878":"e","1879":"m","1880":"p","1881":"l","1882":"a","1883":"t","1884":"e","1885":">","1886":"\\","1887":"n","1888":" ","1889":" ","1890":"<","1891":"m","1892":"a","1893":"i","1894":"n","1895":" ","1896":"c","1897":"l","1898":"a","1899":"s","1900":"s","1901":"=","1902":"\\","1903":"\"","1904":"f","1905":"l","1906":"e","1907":"x","1908":"-","1909":"a","1910":"u","1911":"t","1912":"o","1913":" ","1914":"p","1915":"-","1916":"8","1917":" ","1918":"b","1919":"g","1920":"-","1921":"b","1922":"r","1923":"a","1924":"n","1925":"d","1926":"-","1927":"g","1928":"r","1929":"a","1930":"y","1931":"-","1932":"2","1933":"\\","1934":"\"","1935":">","1936":"\\","1937":"n","1938":" ","1939":" ","1940":" ","1941":" ","1942":"<","1943":"o","1944":"l","1945":">","1946":"\\","1947":"n","1948":" ","1949":" ","1950":" ","1951":" ","1952":" ","1953":" ","1954":"<","1955":"j","1956":"o","1957":"b","1958":"-","1959":"l","1960":"i","1961":"s","1962":"t","1963":"i","1964":"n","1965":"g","1966":"\\","1967":"n","1968":" ","1969":" ","1970":" ","1971":" ","1972":" ","1973":" ","1974":" ","1975":" ","1976":"v","1977":"-","1978":"f","1979":"o","1980":"r","1981":"=","1982":"\\","1983":"\"","1984":"j","1985":"o","1986":"b","1987":" ","1988":"i","1989":"n","1990":" ","1991":"d","1992":"i","1993":"s","1994":"p","1995":"l","1996":"a","1997":"y","1998":"e","1999":"d","2000":"J","2001":"o","2002":"b","2003":"s","2004":"\\","2005":"\"","2006":"\\","2007":"n","2008":" ","2009":" ","2010":" ","2011":" ","2012":" ","2013":" ","2014":" ","2015":" ","2016":":","2017":"k","2018":"e","2019":"y","2020":"=","2021":"\\","2022":"\"","2023":"j","2024":"o","2025":"b","2026":".","2027":"i","2028":"d","2029":"\\","2030":"\"","2031":"\\","2032":"n","2033":" ","2034":" ","2035":" ","2036":" ","2037":" ","2038":" ","2039":" ","2040":" ","2041":":","2042":"j","2043":"o","2044":"b","2045":"=","2046":"\\","2047":"\"","2048":"j","2049":"o","2050":"b","2051":"\\","2052":"\"","2053":"\\","2054":"n","2055":" ","2056":" ","2057":" ","2058":" ","2059":" ","2060":" ","2061":" ","2062":" ","2063":"d","2064":"a","2065":"t","2066":"a","2067":"-","2068":"t","2069":"e","2070":"s","2071":"t","2072":"=","2073":"\\","2074":"\"","2075":"j","2076":"o","2077":"b","2078":"-","2079":"l","2080":"i","2081":"s","2082":"t","2083":"i","2084":"n","2085":"g","2086":"\\","2087":"\"","2088":"\\","2089":"n","2090":" ","2091":" ","2092":" ","2093":" ","2094":" ","2095":" ","2096":"/","2097":">","2098":"\\","2099":"n","2100":" ","2101":" ","2102":" ","2103":" ","2104":"<","2105":"/","2106":"o","2107":"l","2108":">","2109":"\\","2110":"n","2111":" ","2112":" ","2113":" ","2114":" ","2115":"<","2116":"d","2117":"i","2118":"v","2119":" ","2120":"c","2121":"l","2122":"a","2123":"s","2124":"s","2125":"=","2126":"\\","2127":"\"","2128":"m","2129":"t","2130":"-","2131":"8","2132":" ","2133":"m","2134":"x","2135":"-","2136":"a","2137":"u","2138":"t","2139":"o","2140":"\\","2141":"\"","2142":">","2143":"\\","2144":"n","2145":" ","2146":" ","2147":" ","2148":" ","2149":" ","2150":" ","2151":"<","2152":"d","2153":"i","2154":"v","2155":" ","2156":"c","2157":"l","2158":"a","2159":"s","2160":"s","2161":"=","2162":"\\","2163":"\"","2164":"f","2165":"l","2166":"e","2167":"x","2168":" ","2169":"f","2170":"l","2171":"e","2172":"x","2173":"-","2174":"r","2175":"o","2176":"w","2177":" ","2178":"f","2179":"l","2180":"e","2181":"x","2182":"-","2183":"n","2184":"o","2185":"w","2186":"r","2187":"a","2188":"p","2189":"\\","2190":"\"","2191":">","2192":"\\","2193":"n","2194":" ","2195":" ","2196":" ","2197":" ","2198":" ","2199":" ","2200":" ","2201":" ","2202":"<","2203":"p","2204":" ","2205":"c","2206":"l","2207":"a","2208":"s","2209":"s","2210":"=","2211":"\\","2212":"\"","2213":"t","2214":"e","2215":"x","2216":"t","2217":"-","2218":"s","2219":"m","2220":" ","2221":"f","2222":"l","2223":"e","2224":"x","2225":"-","2226":"g","2227":"r","2228":"o","2229":"w","2230":"\\","2231":"\"","2232":">","2233":"P","2234":"a","2235":"g","2236":"e","2237":" ","2238":"{","2239":"{","2240":" ","2241":"c","2242":"u","2243":"r","2244":"r","2245":"e","2246":"n","2247":"t","2248":"P","2249":"a","2250":"g","2251":"e","2252":" ","2253":"}","2254":"}","2255":"<","2256":"/","2257":"p","2258":">","2259":"\\","2260":"n","2261":" ","2262":" ","2263":" ","2264":" ","2265":" ","2266":" ","2267":"<","2268":"/","2269":"d","2270":"i","2271":"v","2272":">","2273":"\\","2274":"n","2275":" ","2276":" ","2277":" ","2278":" ","2279":" ","2280":" ","2281":"<","2282":"d","2283":"i","2284":"v","2285":" ","2286":"c","2287":"l","2288":"a","2289":"s","2290":"s","2291":"=","2292":"\\","2293":"\"","2294":"f","2295":"l","2296":"e","2297":"x","2298":" ","2299":"i","2300":"t","2301":"e","2302":"m","2303":"s","2304":"-","2305":"c","2306":"e","2307":"n","2308":"t","2309":"e","2310":"r","2311":" ","2312":"j","2313":"u","2314":"s","2315":"t","2316":"i","2317":"f","2318":"y","2319":"-","2320":"e","2321":"n","2322":"d","2323":"\\","2324":"\"","2325":">","2326":"\\","2327":"n","2328":" ","2329":" ","2330":" ","2331":" ","2332":" ","2333":" ","2334":" ","2335":" ","2336":"<","2337":"r","2338":"o","2339":"u","2340":"t","2341":"e","2342":"r","2343":"-","2344":"l","2345":"i","2346":"n","2347":"k","2348":"\\","2349":"n","2350":" ","2351":" ","2352":" ","2353":" ","2354":" ","2355":" ","2356":" ","2357":" ","2358":" ","2359":" ","2360":"v","2361":"-","2362":"i","2363":"f","2364":"=","2365":"\\","2366":"\"","2367":"p","2368":"r","2369":"e","2370":"v","2371":"i","2372":"o","2373":"u","2374":"s","2375":"P","2376":"a","2377":"g","2378":"e","2379":"\\","2380":"\"","2381":"\\","2382":"n","2383":" ","2384":" ","2385":" ","2386":" ","2387":" ","2388":" ","2389":" ","2390":" ","2391":" ","2392":" ","2393":":","2394":"t","2395":"o","2396":"=","2397":"\\","2398":"\"","2399":"{","2400":" ","2401":"n","2402":"a","2403":"m","2404":"e","2405":":","2406":" ","2407":"'","2408":"J","2409":"o","2410":"b","2411":"R","2412":"e","2413":"s","2414":"u","2415":"l","2416":"t","2417":"s","2418":"'","2419":",","2420":" ","2421":"q","2422":"u","2423":"e","2424":"r","2425":"y","2426":":","2427":" ","2428":"{","2429":" ","2430":"p","2431":"a","2432":"g","2433":"e","2434":":","2435":" ","2436":"p","2437":"r","2438":"e","2439":"v","2440":"i","2441":"o","2442":"u","2443":"s","2444":"P","2445":"a","2446":"g","2447":"e","2448":" ","2449":"}","2450":" ","2451":"}","2452":"\\","2453":"\"","2454":"\\","2455":"n","2456":" ","2457":" ","2458":" ","2459":" ","2460":" ","2461":" ","2462":" ","2463":" ","2464":" ","2465":" ","2466":"c","2467":"l","2468":"a","2469":"s","2470":"s","2471":"=","2472":"\\","2473":"\"","2474":"m","2475":"x","2476":"-","2477":"3","2478":" ","2479":"t","2480":"e","2481":"x","2482":"t","2483":"-","2484":"s","2485":"m","2486":" ","2487":"f","2488":"o","2489":"n","2490":"t","2491":"-","2492":"s","2493":"e","2494":"m","2495":"i","2496":"b","2497":"o","2498":"l","2499":"d","2500":" ","2501":"t","2502":"e","2503":"x","2504":"t","2505":"-","2506":"b","2507":"r","2508":"a","2509":"n","2510":"d","2511":"-","2512":"b","2513":"l","2514":"u","2515":"e","2516":"-","2517":"1","2518":"\\","2519":"\"","2520":"\\","2521":"n","2522":" ","2523":" ","2524":" ","2525":" ","2526":" ","2527":" ","2528":" ","2529":" ","2530":" ","2531":" ","2532":"d","2533":"a","2534":"t","2535":"a","2536":"-","2537":"t","2538":"e","2539":"s","2540":"t","2541":"=","2542":"\\","2543":"\"","2544":"p","2545":"r","2546":"e","2547":"v","2548":"i","2549":"o","2550":"u","2551":"s","2552":"-","2553":"p","2554":"a","2555":"g","2556":"e","2557":"-","2558":"l","2559":"i","2560":"n","2561":"k","2562":"\\","2563":"\"","2564":"\\","2565":"n","2566":" ","2567":" ","2568":" ","2569":" ","2570":" ","2571":" ","2572":" ","2573":" ","2574":" ","2575":" ","2576":">","2577":"P","2578":"r","2579":"e","2580":"v","2581":"i","2582":"o","2583":"u","2584":"s","2585":"<","2586":"/","2587":"r","2588":"o","2589":"u","2590":"t","2591":"e","2592":"r","2593":"-","2594":"l","2595":"i","2596":"n","2597":"k","2598":"\\","2599":"n","2600":" ","2601":" ","2602":" ","2603":" ","2604":" ","2605":" ","2606":" ","2607":" ","2608":">","2609":"\\","2610":"n","2611":" ","2612":" ","2613":" ","2614":" ","2615":" ","2616":" ","2617":" ","2618":" ","2619":"<","2620":"r","2621":"o","2622":"u","2623":"t","2624":"e","2625":"r","2626":"-","2627":"l","2628":"i","2629":"n","2630":"k","2631":"\\","2632":"n","2633":" ","2634":" ","2635":" ","2636":" ","2637":" ","2638":" ","2639":" ","2640":" ","2641":" ","2642":" ","2643":"v","2644":"-","2645":"i","2646":"f","2647":"=","2648":"\\","2649":"\"","2650":"n","2651":"e","2652":"x","2653":"t","2654":"P","2655":"a","2656":"g","2657":"e","2658":"\\","2659":"\"","2660":"\\","2661":"n","2662":" ","2663":" ","2664":" ","2665":" ","2666":" ","2667":" ","2668":" ","2669":" ","2670":" ","2671":" ","2672":":","2673":"t","2674":"o","2675":"=","2676":"\\","2677":"\"","2678":"{","2679":" ","2680":"n","2681":"a","2682":"m","2683":"e","2684":":","2685":" ","2686":"'","2687":"J","2688":"o","2689":"b","2690":"R","2691":"e","2692":"s","2693":"u","2694":"l","2695":"t","2696":"s","2697":"'","2698":",","2699":" ","2700":"q","2701":"u","2702":"e","2703":"r","2704":"y","2705":":","2706":" ","2707":"{","2708":" ","2709":"p","2710":"a","2711":"g","2712":"e","2713":":","2714":" ","2715":"n","2716":"e","2717":"x","2718":"t","2719":"P","2720":"a","2721":"g","2722":"e","2723":" ","2724":"}","2725":" ","2726":"}","2727":"\\","2728":"\"","2729":"\\","2730":"n","2731":" ","2732":" ","2733":" ","2734":" ","2735":" ","2736":" ","2737":" ","2738":" ","2739":" ","2740":" ","2741":"c","2742":"l","2743":"a","2744":"s","2745":"s","2746":"=","2747":"\\","2748":"\"","2749":"m","2750":"x","2751":"-","2752":"3","2753":" ","2754":"t","2755":"e","2756":"x","2757":"t","2758":"-","2759":"s","2760":"m","2761":" ","2762":"f","2763":"o","2764":"n","2765":"t","2766":"-","2767":"s","2768":"e","2769":"m","2770":"i","2771":"b","2772":"o","2773":"l","2774":"d","2775":" ","2776":"t","2777":"e","2778":"x","2779":"t","2780":"-","2781":"b","2782":"r","2783":"a","2784":"n","2785":"d","2786":"-","2787":"b","2788":"l","2789":"u","2790":"e","2791":"-","2792":"1","2793":"\\","2794":"\"","2795":"\\","2796":"n","2797":" ","2798":" ","2799":" ","2800":" ","2801":" ","2802":" ","2803":" ","2804":" ","2805":" ","2806":" ","2807":"d","2808":"a","2809":"t","2810":"a","2811":"-","2812":"t","2813":"e","2814":"s","2815":"t","2816":"=","2817":"\\","2818":"\"","2819":"n","2820":"e","2821":"x","2822":"t","2823":"-","2824":"p","2825":"a","2826":"g","2827":"e","2828":"-","2829":"l","2830":"i","2831":"n","2832":"k","2833":"\\","2834":"\"","2835":"\\","2836":"n","2837":" ","2838":" ","2839":" ","2840":" ","2841":" ","2842":" ","2843":" ","2844":" ","2845":" ","2846":" ","2847":">","2848":"N","2849":"e","2850":"x","2851":"t","2852":"<","2853":"/","2854":"r","2855":"o","2856":"u","2857":"t","2858":"e","2859":"r","2860":"-","2861":"l","2862":"i","2863":"n","2864":"k","2865":"\\","2866":"n","2867":" ","2868":" ","2869":" ","2870":" ","2871":" ","2872":" ","2873":" ","2874":" ","2875":">","2876":"\\","2877":"n","2878":" ","2879":" ","2880":" ","2881":" ","2882":" ","2883":" ","2884":"<","2885":"/","2886":"d","2887":"i","2888":"v","2889":">","2890":"\\","2891":"n","2892":" ","2893":" ","2894":" ","2895":" ","2896":"<","2897":"/","2898":"d","2899":"i","2900":"v","2901":">","2902":"\\","2903":"n","2904":" ","2905":" ","2906":"<","2907":"/","2908":"m","2909":"a","2910":"i","2911":"n","2912":">","2913":"\\","2914":"n","2915":"<","2916":"/","2917":"t","2918":"e","2919":"m","2920":"p","2921":"l","2922":"a","2923":"t","2924":"e","2925":">","2926":"\\","2927":"n","2928":"<","2929":"s","2930":"c","2931":"r","2932":"i","2933":"p","2934":"t","2935":">","2936":"\\","2937":"n","2938":"i","2939":"m","2940":"p","2941":"o","2942":"r","2943":"t","2944":" ","2945":"{","2946":" ","2947":"c","2948":"o","2949":"m","2950":"p","2951":"u","2952":"t","2953":"e","2954":"d","2955":",","2956":" ","2957":"o","2958":"n","2959":"M","2960":"o","2961":"u","2962":"n","2963":"t","2964":"e","2965":"d","2966":" ","2967":"}","2968":" ","2969":"f","2970":"r","2971":"o","2972":"m","2973":" ","2974":"\\","2975":"\"","2976":"v","2977":"u","2978":"e","2979":"\\","2980":"\"","2981":";","2982":"\\","2983":"n","2984":"/","2985":"/","2986":"i","2987":"m","2988":"p","2989":"o","2990":"r","2991":"t","2992":" ","2993":"{","2994":" ","2995":"u","2996":"s","2997":"e","2998":"S","2999":"t","3000":"o","3001":"r","3002":"e","3003":" ","3004":"}","3005":" ","3006":"f","3007":"r","3008":"o","3009":"m","3010":" ","3011":"\\","3012":"\"","3013":"v","3014":"u","3015":"e","3016":"x","3017":"\\","3018":"\"","3019":";","3020":" ","3021":"/","3022":"/","3023":"D","3024":"E","3025":"P","3026":"R","3027":"E","3028":"C","3029":"A","3030":"T","3031":"E","3032":"D","3033":" ","3034":"T","3035":"H","3036":"R","3037":"O","3038":"U","3039":"G","3040":"H","3041":" ","3042":"U","3043":"S","3044":"E","3045":"F","3046":"E","3047":"T","3048":"C","3049":"H","3050":"J","3051":"O","3052":"B","3053":"S","3054":"D","3055":"I","3056":"S","3057":"P","3058":"A","3059":"T","3060":"C","3061":"H","3062":" ","3063":"C","3064":"O","3065":"M","3066":"P","3067":"O","3068":"S","3069":"A","3070":"B","3071":"L","3072":"E","3073":"\\","3074":"n","3075":"/","3076":"/","3077":"i","3078":"m","3079":"p","3080":"o","3081":"r","3082":"t","3083":" ","3084":"{","3085":" ","3086":"u","3087":"s","3088":"e","3089":"R","3090":"o","3091":"u","3092":"t","3093":"e","3094":" ","3095":"}","3096":" ","3097":"f","3098":"r","3099":"o","3100":"m","3101":" ","3102":"\\","3103":"\"","3104":"v","3105":"u","3106":"e","3107":"-","3108":"r","3109":"o","3110":"u","3111":"t","3112":"e","3113":"r","3114":"\\","3115":"\"","3116":";","3117":"\\","3118":"n","3119":"\\","3120":"n","3121":"i","3122":"m","3123":"p","3124":"o","3125":"r","3126":"t","3127":" ","3128":"u","3129":"s","3130":"e","3131":"C","3132":"u","3133":"r","3134":"r","3135":"e","3136":"n","3137":"t","3138":"P","3139":"a","3140":"g","3141":"e","3142":" ","3143":"f","3144":"r","3145":"o","3146":"m","3147":" ","3148":"\\","3149":"\"","3150":"@","3151":"/","3152":"c","3153":"o","3154":"m","3155":"p","3156":"o","3157":"s","3158":"a","3159":"b","3160":"l","3161":"e","3162":"s","3163":"/","3164":"u","3165":"s","3166":"e","3167":"C","3168":"u","3169":"r","3170":"r","3171":"e","3172":"n","3173":"t","3174":"P","3175":"a","3176":"g","3177":"e","3178":"\\","3179":"\"","3180":";","3181":"\\","3182":"n","3183":"i","3184":"m","3185":"p","3186":"o","3187":"r","3188":"t","3189":" ","3190":"u","3191":"s","3192":"e","3193":"P","3194":"r","3195":"e","3196":"v","3197":"i","3198":"o","3199":"u","3200":"s","3201":"A","3202":"n","3203":"d","3204":"N","3205":"e","3206":"x","3207":"t","3208":"P","3209":"a","3210":"g","3211":"e","3212":"s","3213":" ","3214":"f","3215":"r","3216":"o","3217":"m","3218":" ","3219":"\\","3220":"\"","3221":"@","3222":"/","3223":"c","3224":"o","3225":"m","3226":"p","3227":"o","3228":"s","3229":"a","3230":"b","3231":"l","3232":"e","3233":"s","3234":"/","3235":"u","3236":"s","3237":"e","3238":"P","3239":"r","3240":"e","3241":"v","3242":"i","3243":"o","3244":"u","3245":"s","3246":"A","3247":"n","3248":"d","3249":"N","3250":"e","3251":"x","3252":"t","3253":"P","3254":"a","3255":"g","3256":"e","3257":"s","3258":"\\","3259":"\"","3260":";","3261":"\\","3262":"n","3263":"i","3264":"m","3265":"p","3266":"o","3267":"r","3268":"t","3269":" ","3270":"{","3271":" ","3272":"u","3273":"s","3274":"e","3275":"F","3276":"i","3277":"l","3278":"t","3279":"e","3280":"r","3281":"e","3282":"d","3283":"J","3284":"o","3285":"b","3286":"s","3287":",","3288":" ","3289":"u","3290":"s","3291":"e","3292":"F","3293":"e","3294":"t","3295":"c","3296":"h","3297":"J","3298":"o","3299":"b","3300":"s","3301":"D","3302":"i","3303":"s","3304":"p","3305":"a","3306":"t","3307":"c","3308":"h","3309":" ","3310":"}","3311":" ","3312":"f","3313":"r","3314":"o","3315":"m","3316":" ","3317":"\\","3318":"\"","3319":"@","3320":"/","3321":"s","3322":"t","3323":"o","3324":"r","3325":"e","3326":"/","3327":"c","3328":"o","3329":"m","3330":"p","3331":"o","3332":"s","3333":"a","3334":"b","3335":"l","3336":"e","3337":"s","3338":"\\","3339":"\"","3340":";","3341":"\\","3342":"n","3343":"/","3344":"/","3345":"i","3346":"m","3347":"p","3348":"o","3349":"r","3350":"t","3351":" ","3352":"{","3353":" ","3354":"F","3355":"E","3356":"T","3357":"C","3358":"H","3359":"_","3360":"J","3361":"O","3362":"B","3363":"S","3364":" ","3365":"}","3366":" ","3367":"f","3368":"r","3369":"o","3370":"m","3371":" ","3372":"\\","3373":"\"","3374":"@","3375":"/","3376":"s","3377":"t","3378":"o","3379":"r","3380":"e","3381":"/","3382":"c","3383":"o","3384":"n","3385":"s","3386":"t","3387":"a","3388":"n","3389":"t","3390":"s","3391":"\\","3392":"\"","3393":";","3394":" ","3395":"/","3396":"/","3397":"D","3398":"E","3399":"P","3400":"R","3401":"E","3402":"C","3403":"A","3404":"T","3405":"E","3406":"D","3407":" ","3408":"T","3409":"H","3410":"R","3411":"O","3412":"U","3413":"G","3414":"H","3415":" ","3416":"U","3417":"S","3418":"E","3419":"F","3420":"E","3421":"T","3422":"C","3423":"H","3424":"J","3425":"O","3426":"B","3427":"S","3428":"D","3429":"I","3430":"S","3431":"P","3432":"A","3433":"T","3434":"C","3435":"H","3436":" ","3437":"C","3438":"O","3439":"M","3440":"P","3441":"O","3442":"S","3443":"A","3444":"B","3445":"L","3446":"E","3447":"\\","3448":"n","3449":"i","3450":"m","3451":"p","3452":"o","3453":"r","3454":"t","3455":" ","3456":"J","3457":"o","3458":"b","3459":"L","3460":"i","3461":"s","3462":"t","3463":"i","3464":"n","3465":"g","3466":" ","3467":"f","3468":"r","3469":"o","3470":"m","3471":" ","3472":"\\","3473":"\"","3474":"@","3475":"/","3476":"c","3477":"o","3478":"m","3479":"p","3480":"o","3481":"n","3482":"e","3483":"n","3484":"t","3485":"s","3486":"/","3487":"J","3488":"o","3489":"b","3490":"R","3491":"e","3492":"s","3493":"u","3494":"l","3495":"t","3496":"s","3497":"/","3498":"J","3499":"o","3500":"b","3501":"L","3502":"i","3503":"s","3504":"t","3505":"i","3506":"n","3507":"g","3508":".","3509":"v","3510":"u","3511":"e","3512":"\\","3513":"\"","3514":";","3515":"\\","3516":"n","3517":"/","3518":"/","3519":"i","3520":"m","3521":"p","3522":"o","3523":"r","3524":"t","3525":" ","3526":"{","3527":" ","3528":"m","3529":"a","3530":"p","3531":"A","3532":"c","3533":"t","3534":"i","3535":"o","3536":"n","3537":"s","3538":",","3539":" ","3540":"m","3541":"a","3542":"p","3543":"G","3544":"e","3545":"t","3546":"t","3547":"e","3548":"r","3549":"s","3550":" ","3551":"}","3552":" ","3553":"f","3554":"r","3555":"o","3556":"m","3557":" ","3558":"\\","3559":"\"","3560":"v","3561":"u","3562":"e","3563":"x","3564":"\\","3565":"\"","3566":";","3567":" ","3568":"/","3569":"/","3570":" ","3571":"D","3572":"E","3573":"P","3574":"R","3575":"E","3576":"C","3577":"A","3578":"T","3579":"E","3580":"D","3581":" ","3582":"C","3583":"O","3584":"M","3585":"P","3586":"O","3587":"S","3588":"I","3589":"T","3590":"I","3591":"O","3592":"N","3593":" ","3594":"A","3595":"P","3596":"I","3597":"\\","3598":"n","3599":"/","3600":"/","3601":"i","3602":"m","3603":"p","3604":"o","3605":"r","3606":"t","3607":" ","3608":"{","3609":" ","3610":"F","3611":"E","3612":"T","3613":"C","3614":"H","3615":"_","3616":"J","3617":"O","3618":"B","3619":"S","3620":",","3621":" ","3622":"F","3623":"I","3624":"L","3625":"T","3626":"E","3627":"R","3628":"E","3629":"D","3630":"_","3631":"J","3632":"O","3633":"B","3634":"S","3635":" ","3636":"}","3637":" ","3638":"f","3639":"r","3640":"o","3641":"m","3642":" ","3643":"\\","3644":"\"","3645":"@","3646":"/","3647":"s","3648":"t","3649":"o","3650":"r","3651":"e","3652":"/","3653":"c","3654":"o","3655":"n","3656":"s","3657":"t","3658":"a","3659":"n","3660":"t","3661":"s","3662":"\\","3663":"\"","3664":";","3665":" ","3666":"/","3667":"/","3668":" ","3669":"D","3670":"E","3671":"P","3672":"R","3673":"E","3674":"C","3675":"A","3676":"T","3677":"E","3678":"D","3679":" ","3680":"C","3681":"O","3682":"M","3683":"P","3684":"O","3685":"S","3686":"I","3687":"T","3688":"I","3689":"O","3690":"N","3691":" ","3692":"A","3693":"P","3694":"I","3695":"\\","3696":"n","3697":"\\","3698":"n","3699":"e","3700":"x","3701":"p","3702":"o","3703":"r","3704":"t","3705":" ","3706":"d","3707":"e","3708":"f","3709":"a","3710":"u","3711":"l","3712":"t","3713":" ","3714":"{","3715":"\\","3716":"n","3717":" ","3718":" ","3719":"n","3720":"a","3721":"m","3722":"e","3723":":","3724":" ","3725":"\\","3726":"\"","3727":"J","3728":"o","3729":"b","3730":"L","3731":"i","3732":"s","3733":"t","3734":"i","3735":"n","3736":"g","3737":"s","3738":"\\","3739":"\"","3740":",","3741":"\\","3742":"n","3743":" ","3744":" ","3745":"c","3746":"o","3747":"m","3748":"p","3749":"o","3750":"n","3751":"e","3752":"n","3753":"t","3754":"s","3755":":","3756":" ","3757":"{","3758":" ","3759":"J","3760":"o","3761":"b","3762":"L","3763":"i","3764":"s","3765":"t","3766":"i","3767":"n","3768":"g","3769":" ","3770":"}","3771":",","3772":"\\","3773":"n","3774":" ","3775":" ","3776":"s","3777":"e","3778":"t","3779":"u","3780":"p","3781":"(","3782":")","3783":" ","3784":"{","3785":"\\","3786":"n","3787":" ","3788":" ","3789":" ","3790":" ","3791":"/","3792":"/","3793":" ","3794":"c","3795":"o","3796":"n","3797":"s","3798":"t","3799":" ","3800":"s","3801":"t","3802":"o","3803":"r","3804":"e","3805":" ","3806":"=","3807":" ","3808":"u","3809":"s","3810":"e","3811":"S","3812":"t","3813":"o","3814":"r","3815":"e","3816":"(","3817":")","3818":";","3819":"\\","3820":"n","3821":" ","3822":" ","3823":" ","3824":" ","3825":"/","3826":"/","3827":" ","3828":"c","3829":"o","3830":"n","3831":"s","3832":"t","3833":" ","3834":"f","3835":"e","3836":"t","3837":"c","3838":"h","3839":"J","3840":"o","3841":"b","3842":"s","3843":" ","3844":"=","3845":" ","3846":"(","3847":")","3848":" ","3849":"=","3850":">","3851":" ","3852":"s","3853":"t","3854":"o","3855":"r","3856":"e","3857":".","3858":"d","3859":"i","3860":"s","3861":"p","3862":"a","3863":"t","3864":"c","3865":"h","3866":"(","3867":"F","3868":"E","3869":"T","3870":"C","3871":"H","3872":"_","3873":"J","3874":"O","3875":"B","3876":"S","3877":")","3878":";","3879":" ","3880":"/","3881":"/","3882":"t","3883":"h","3884":"i","3885":"s","3886":" ","3887":"r","3888":"e","3889":"p","3890":"l","3891":"a","3892":"c","3893":"e","3894":"d","3895":" ","3896":"t","3897":"h","3898":"e","3899":" ","3900":".","3901":".","3902":".","3903":"m","3904":"a","3905":"p","3906":"A","3907":"c","3908":"t","3909":"i","3910":"o","3911":"n","3912":"s","3913":" ","3914":"&","3915":"&","3916":" ","3917":"t","3918":"h","3919":"e","3920":" ","3921":"a","3922":"s","3923":"y","3924":"n","3925":"c","3926":" ","3927":"m","3928":"o","3929":"u","3930":"n","3931":"t","3932":"e","3933":"d","3934":" ","3935":"f","3936":"u","3937":"n","3938":"c","3939":"t","3940":"i","3941":"o","3942":"n","3943":"\\","3944":"n","3945":" ","3946":" ","3947":" ","3948":" ","3949":"o","3950":"n","3951":"M","3952":"o","3953":"u","3954":"n","3955":"t","3956":"e","3957":"d","3958":"(","3959":"u","3960":"s","3961":"e","3962":"F","3963":"e","3964":"t","3965":"c","3966":"h","3967":"J","3968":"o","3969":"b","3970":"s","3971":"D","3972":"i","3973":"s","3974":"p","3975":"a","3976":"t","3977":"c","3978":"h","3979":")","3980":";","3981":" ","3982":"/","3983":"/","3984":"u","3985":"s","3986":"e","3987":"F","3988":"e","3989":"t","3990":"c","3991":"h","3992":"J","3993":"o","3994":"b","3995":"s","3996":"D","3997":"i","3998":"s","3999":"p","4000":"a","4001":"t","4002":"c","4003":"h","4004":" ","4005":"D","4006":"E","4007":"P","4008":"R","4009":"E","4010":"C","4011":"A","4012":"T","4013":"E","4014":"D","4015":" ","4016":"T","4017":"H","4018":"E","4019":" ","4020":"T","4021":"W","4022":"O","4023":" ","4024":"L","4025":"I","4026":"N","4027":"E","4028":"S","4029":" ","4030":"U","4031":"P","4032":"\\","4033":"n","4034":"\\","4035":"n","4036":" ","4037":" ","4038":" ","4039":" ","4040":"c","4041":"o","4042":"n","4043":"s","4044":"t","4045":" ","4046":"f","4047":"i","4048":"l","4049":"t","4050":"e","4051":"r","4052":"e","4053":"d","4054":"J","4055":"o","4056":"b","4057":"s","4058":" ","4059":"=","4060":" ","4061":"u","4062":"s","4063":"e","4064":"F","4065":"i","4066":"l","4067":"t","4068":"e","4069":"r","4070":"e","4071":"d","4072":"J","4073":"o","4074":"b","4075":"s","4076":"(","4077":")","4078":";","4079":" ","4080":"/","4081":"/","4082":"t","4083":"h","4084":"i","4085":"s","4086":" ","4087":"r","4088":"e","4089":"p","4090":"l","4091":"a","4092":"c","4093":"e","4094":"d","4095":" ","4096":".","4097":".","4098":".","4099":"m","4100":"a","4101":"p","4102":"G","4103":"e","4104":"t","4105":"t","4106":"e","4107":"r","4108":"s","4109":"(","4110":"[","4111":"F","4112":"I","4113":"L","4114":"T","4115":"E","4116":"R","4117":"E","4118":"D","4119":"_","4120":"J","4121":"O","4122":"B","4123":"S","4124":"]","4125":")","4126":"\\","4127":"n","4128":"\\","4129":"n","4130":" ","4131":" ","4132":" ","4133":" ","4134":"/","4135":"/","4136":"c","4137":"o","4138":"n","4139":"s","4140":"t","4141":" ","4142":"r","4143":"o","4144":"u","4145":"t","4146":"e","4147":" ","4148":"=","4149":" ","4150":"u","4151":"s","4152":"e","4153":"R","4154":"o","4155":"u","4156":"t","4157":"e","4158":"(","4159":")","4160":";","4161":"\\","4162":"n","4163":" ","4164":" ","4165":" ","4166":" ","4167":"/","4168":"/","4169":" ","4170":"c","4171":"o","4172":"n","4173":"s","4174":"t","4175":" ","4176":"c","4177":"u","4178":"r","4179":"r","4180":"e","4181":"n","4182":"t","4183":"P","4184
[...]
,"/Users/guidopawluk/Desktop/Guido/UDEMY/vue-masteryclass-udemy/job-search/src/composables/useConfirmRoute.js": {"path":"/Users/guidopawluk/Desktop/Guido/UDEMY/vue-masteryclass-udemy/job-search/src/composables/useConfirmRoute.js","statementMap":{"0":{"start":{"line":4,"column":24},"end":{"line":7,"column":1}},"1":{"start":{"line":5,"column":16},"end":{"line":5,"column":26}},"2":{"start":{"line":6,"column":2},"end":{"line":6,"column":50}},"3":{"start":{"line":6,"column":24},"end":{"line":6,"column":48}}},"fnMap":{"0":{"name":"(anonymous_0)","decl":{"start":{"line":4,"column":24},"end":{"line":4,"column":25}},"loc":{"start":{"line":4,"column":39},"end":{"line":7,"column":1}},"line":4},"1":{"name":"(anonymous_1)","decl":{"start":{"line":6,"column":18},"end":{"line":6,"column":19}},"loc":{"start":{"line":6,"column":24},"end":{"line":6,"column":48}},"line":6}},"branchMap":{},"s":{"0":3,"1":1,"2":1,"3":1},"f":{"0":1,"1":1},"b":{},"_coverageSchema":"1a1c01bbd47fc00a2c39e90264f33305004495a9","hash":"588a3e9e6fe21a5df16a32ba78823e96c03861a2"}
,"/Users/guidopawluk/Desktop/Guido/UDEMY/vue-masteryclass-udemy/job-search/src/composables/useCurrentPage.js": {"path":"/Users/guidopawluk/Desktop/Guido/UDEMY/vue-masteryclass-udemy/job-search/src/composables/useCurrentPage.js","statementMap":{"0":{"start":{"line":4,"column":23},"end":{"line":7,"column":1}},"1":{"start":{"line":5,"column":16},"end":{"line":5,"column":26}},"2":{"start":{"line":6,"column":2},"end":{"line":6,"column":66}},"3":{"start":{"line":6,"column":24},"end":{"line":6,"column":64}}},"fnMap":{"0":{"name":"(anonymous_0)","decl":{"start":{"line":4,"column":23},"end":{"line":4,"column":24}},"loc":{"start":{"line":4,"column":29},"end":{"line":7,"column":1}},"line":4},"1":{"name":"(anonymous_1)","decl":{"start":{"line":6,"column":18},"end":{"line":6,"column":19}},"loc":{"start":{"line":6,"column":24},"end":{"line":6,"column":64}},"line":6}},"branchMap":{"0":{"loc":{"start":{"line":6,"column":40},"end":{"line":6,"column":63}},"type":"binary-expr","locations":[{"start":{"line":6,"column":40},"end":{"line":6,"column":56}},{"start":{"line":6,"column":60},"end":{"line":6,"column":63}}],"line":6}},"s":{"0":2,"1":2,"2":2,"3":2},"f":{"0":2,"1":2},"b":{"0":[2,1]},"_coverageSchema":"1a1c01bbd47fc00a2c39e90264f33305004495a9","hash":"d9ed7362989f49837e687c35a58be4079230f533"}
,"/Users/guidopawluk/Desktop/Guido/UDEMY/vue-masteryclass-udemy/job-search/src/composables/usePreviousAndNextPages.js": {"path":"/Users/guidopawluk/Desktop/Guido/UDEMY/vue-masteryclass-udemy/job-search/src/composables/usePreviousAndNextPages.js","statementMap":{"0":{"start":{"line":3,"column":32},"end":{"line":15,"column":1}},"1":{"start":{"line":4,"column":23},"end":{"line":8,"column":4}},"2":{"start":{"line":5,"column":25},"end":{"line":5,"column":46}},"3":{"start":{"line":6,"column":22},"end":{"line":6,"column":23}},"4":{"start":{"line":7,"column":4},"end":{"line":7,"column":64}},"5":{"start":{"line":10,"column":19},"end":{"line":13,"column":4}},"6":{"start":{"line":11,"column":21},"end":{"line":11,"column":42}},"7":{"start":{"line":12,"column":4},"end":{"line":12,"column":60}},"8":{"start":{"line":14,"column":2},"end":{"line":14,"column":36}}},"fnMap":{"0":{"name":"(anonymous_0)","decl":{"start":{"line":3,"column":32},"end":{"line":3,"column":33}},"loc":{"start":{"line":3,"column":58},"end":{"line":15,"column":1}},"line":3},"1":{"name":"(anonymous_1)","decl":{"start":{"line":4,"column":32},"end":{"line":4,"column":33}},"loc":{"start":{"line":4,"column":38},"end":{"line":8,"column":3}},"line":4},"2":{"name":"(anonymous_2)","decl":{"start":{"line":10,"column":28},"end":{"line":10,"column":29}},"loc":{"start":{"line":10,"column":34},"end":{"line":13,"column":3}},"line":10}},"branchMap":{"0":{"loc":{"start":{"line":7,"column":11},"end":{"line":7,"column":63}},"type":"cond-expr","locations":[{"start":{"line":7,"column":39},"end":{"line":7,"column":51}},{"start":{"line":7,"column":54},"end":{"line":7,"column":63}}],"line":7},"1":{"loc":{"start":{"line":12,"column":11},"end":{"line":12,"column":59}},"type":"cond-expr","locations":[{"start":{"line":12,"column":39},"end":{"line":12,"column":47}},{"start":{"line":12,"column":50},"end":{"line":12,"column":59}}],"line":12}},"s":{"0":2,"1":4,"2":3,"3":3,"4":3,"5":4,"6":1,"7":1,"8":4},"f":{"0":4,"1":3,"2":1},"b":{"0":[2,1],"1":[0,1]},"_coverageSchema":"1a1c01bbd47fc00a2c39e90264f33305004495a9","hash":"4d87e3bbac4651e290bbb8f9b5722f3b9c56994a"}
,"/Users/guidopawluk/Desktop/Guido/UDEMY/vue-masteryclass-udemy/job-search/src/store/actions.ts": {"path":"/Users/guidopawluk/Desktop/Guido/UDEMY/vue-masteryclass-udemy/job-search/src/store/actions.ts","statementMap":{"0":{"start":{"line":2,"column":0},"end":{"line":2,"column":null}},"1":{"start":{"line":3,"column":0},"end":{"line":3,"column":null}},"2":{"start":{"line":9,"column":16},"end":{"line":15,"column":null}},"3":{"start":{"line":11,"column":24},"end":{"line":11,"column":39}},"4":{"start":{"line":12,"column":4},"end":{"line":12,"column":46}},"5":{"start":{"line":17,"column":0},"end":{"line":17,"column":null}}},"fnMap":{"0":{"name":"(anonymous_1)","decl":{"start":{"line":10,"column":16},"end":{"line":10,"column":23}},"loc":{"start":{"line":10,"column":43},"end":{"line":14,"column":null}}}},"branchMap":{},"s":{"0":1,"1":1,"2":1,"3":2,"4":2,"5":1},"f":{"0":2},"b":{}}
,"/Users/guidopawluk/Desktop/Guido/UDEMY/vue-masteryclass-udemy/job-search/src/store/composables.ts": {"path":"/Users/guidopawluk/Desktop/Guido/UDEMY/vue-masteryclass-udemy/job-search/src/store/composables.ts","statementMap":{"0":{"start":{"line":2,"column":0},"end":{"line":2,"column":null}},"1":{"start":{"line":3,"column":0},"end":{"line":3,"column":null}},"2":{"start":{"line":4,"column":0},"end":{"line":4,"column":null}},"3":{"start":{"line":12,"column":31},"end":{"line":18,"column":1}},"4":{"start":{"line":13,"column":16},"end":{"line":13,"column":26}},"5":{"start":{"line":14,"column":2},"end":{"line":14,"column":61}},"6":{"start":{"line":14,"column":31},"end":{"line":14,"column":59}},"7":{"start":{"line":12,"column":13},"end":{"line":12,"column":31}},"8":{"start":{"line":20,"column":33},"end":{"line":24,"column":1}},"9":{"start":{"line":21,"column":16},"end":{"line":21,"column":26}},"10":{"start":{"line":22,"column":2},"end":{"line":22,"column":null}},"11":{"start":{"line":22,"column":37},"end":{"line":22,"column":68}},"12":{"start":{"line":20,"column":13},"end":{"line":20,"column":33}},"13":{"start":{"line":26,"column":38},"end":{"line":30,"column":1}},"14":{"start":{"line":27,"column":16},"end":{"line":27,"column":26}},"15":{"start":{"line":28,"column":2},"end":{"line":28,"column":null}},"16":{"start":{"line":28,"column":37},"end":{"line":28,"column":72}},"17":{"start":{"line":26,"column":13},"end":{"line":26,"column":38}},"18":{"start":{"line":34,"column":36},"end":{"line":38,"column":1}},"19":{"start":{"line":35,"column":16},"end":{"line":35,"column":26}},"20":{"start":{"line":36,"column":2},"end":{"line":36,"column":null}},"21":{"start":{"line":34,"column":13},"end":{"line":34,"column":36}}},"fnMap":{"0":{"name":"(anonymous_0)","decl":{"start":{"line":12,"column":31},"end":{"line":12,"column":36}},"loc":{"start":{"line":12,"column":36},"end":{"line":18,"column":1}}},"1":{"name":"(anonymous_1)","decl":{"start":{"line":14,"column":25},"end":{"line":14,"column":31}},"loc":{"start":{"line":14,"column":31},"end":{"line":14,"column":59}}},"2":{"name":"(anonymous_2)","decl":{"start":{"line":20,"column":33},"end":{"line":20,"column":38}},"loc":{"start":{"line":20,"column":38},"end":{"line":24,"column":1}}},"3":{"name":"(anonymous_3)","decl":{"start":{"line":22,"column":31},"end":{"line":22,"column":37}},"loc":{"start":{"line":22,"column":37},"end":{"line":22,"column":68}}},"4":{"name":"(anonymous_4)","decl":{"start":{"line":26,"column":38},"end":{"line":26,"column":43}},"loc":{"start":{"line":26,"column":43},"end":{"line":30,"column":1}}},"5":{"name":"(anonymous_5)","decl":{"start":{"line":28,"column":31},"end":{"line":28,"column":37}},"loc":{"start":{"line":28,"column":37},"end":{"line":28,"column":72}}},"6":{"name":"(anonymous_6)","decl":{"start":{"line":34,"column":36},"end":{"line":34,"column":41}},"loc":{"start":{"line":34,"column":41},"end":{"line":38,"column":1}}}},"branchMap":{},"s":{"0":4,"1":4,"2":4,"3":4,"4":1,"5":1,"6":1,"7":4,"8":4,"9":1,"10":1,"11":1,"12":4,"13":4,"14":1,"15":1,"16":1,"17":4,"18":4,"19":1,"20":1,"21":4},"f":{"0":1,"1":1,"2":1,"3":1,"4":1,"5":1,"6":1},"b":{}}
,"/Users/guidopawluk/Desktop/Guido/UDEMY/vue-masteryclass-udemy/job-search/src/store/constants.ts": {"path":"/Users/guidopawluk/Desktop/Guido/UDEMY/vue-masteryclass-udemy/job-search/src/store/constants.ts","statementMap":{"0":{"start":{"line":2,"column":13},"end":{"line":2,"column":null}},"1":{"start":{"line":5,"column":13},"end":{"line":5,"column":null}},"2":{"start":{"line":6,"column":13},"end":{"line":6,"column":null}},"3":{"start":{"line":7,"column":13},"end":{"line":7,"column":null}},"4":{"start":{"line":10,"column":13},"end":{"line":10,"column":null}},"5":{"start":{"line":11,"column":13},"end":{"line":11,"column":null}},"6":{"start":{"line":13,"column":13},"end":{"line":13,"column":null}},"7":{"start":{"line":16,"column":13},"end":{"line":16,"column":null}},"8":{"start":{"line":17,"column":13},"end":{"line":17,"column":null}},"9":{"start":{"line":19,"column":13},"end":{"line":19,"column":null}}},"fnMap":{},"branchMap":{},"s":{"0":7,"1":7,"2":7,"3":7,"4":7,"5":7,"6":7,"7":7,"8":7,"9":7},"f":{},"b":{}}
,"/Users/guidopawluk/Desktop/Guido/UDEMY/vue-masteryclass-udemy/job-search/src/store/getters.ts": {"path":"/Users/guidopawluk/Desktop/Guido/UDEMY/vue-masteryclass-udemy/job-search/src/store/getters.ts","statementMap":{"0":{"start":{"line":3,"column":0},"end":{"line":3,"column":null}},"1":{"start":{"line":16,"column":16},"end":{"line":42,"column":null}},"2":{"start":{"line":18,"column":32},"end":{"line":18,"column":49}},"3":{"start":{"line":19,"column":4},"end":{"line":19,"column":null}},"4":{"start":{"line":19,"column":32},"end":{"line":19,"column":73}},"5":{"start":{"line":20,"column":4},"end":{"line":20,"column":null}},"6":{"start":{"line":24,"column":27},"end":{"line":24,"column":44}},"7":{"start":{"line":25,"column":4},"end":{"line":25,"column":null}},"8":{"start":{"line":25,"column":32},"end":{"line":25,"column":63}},"9":{"start":{"line":26,"column":4},"end":{"line":26,"column":null}},"10":{"start":{"line":29,"column":58},"end":{"line":32,"column":3}},"11":{"start":{"line":30,"column":4},"end":{"line":30,"column":null}},"12":{"start":{"line":30,"column":50},"end":{"line":30,"column":null}},"13":{"start":{"line":31,"column":4},"end":{"line":31,"column":null}},"14":{"start":{"line":33,"column":54},"end":{"line":36,"column":3}},"15":{"start":{"line":34,"column":4},"end":{"line":34,"column":null}},"16":{"start":{"line":34,"column":45},"end":{"line":34,"column":null}},"17":{"start":{"line":35,"column":4},"end":{"line":35,"column":null}},"18":{"start":{"line":38,"column":4},"end":{"line":40,"column":null}},"19":{"start":{"line":39,"column":23},"end":{"line":39,"column":63}},"20":{"start":{"line":40,"column":23},"end":{"line":40,"column":59}},"21":{"start":{"line":44,"column":0},"end":{"line":44,"column":null}}},"fnMap":{"0":{"name":"(anonymous_0)","decl":{"start":{"line":17,"column":2},"end":{"line":17,"column":3}},"loc":{"start":{"line":17,"column":43},"end":{"line":21,"column":3}}},"1":{"name":"(anonymous_1)","decl":{"start":{"line":19,"column":24},"end":{"line":19,"column":27}},"loc":{"start":{"line":19,"column":32},"end":{"line":19,"column":73}}},"2":{"name":"(anonymous_2)","decl":{"start":{"line":23,"column":2},"end":{"line":23,"column":3}},"loc":{"start":{"line":23,"column":39},"end":{"line":27,"column":3}}},"3":{"name":"(anonymous_3)","decl":{"start":{"line":25,"column":24},"end":{"line":25,"column":27}},"loc":{"start":{"line":25,"column":32},"end":{"line":25,"column":63}}},"4":{"name":"(anonymous_4)","decl":{"start":{"line":29,"column":34},"end":{"line":29,"column":52}},"loc":{"start":{"line":29,"column":58},"end":{"line":32,"column":3}}},"5":{"name":"(anonymous_5)","decl":{"start":{"line":29,"column":58},"end":{"line":29,"column":66}},"loc":{"start":{"line":29,"column":70},"end":{"line":32,"column":3}}},"6":{"name":"(anonymous_6)","decl":{"start":{"line":33,"column":30},"end":{"line":33,"column":48}},"loc":{"start":{"line":33,"column":54},"end":{"line":36,"column":3}}},"7":{"name":"(anonymous_7)","decl":{"start":{"line":33,"column":54},"end":{"line":33,"column":62}},"loc":{"start":{"line":33,"column":66},"end":{"line":36,"column":3}}},"8":{"name":"(anonymous_8)","decl":{"start":{"line":37,"column":2},"end":{"line":37,"column":3}},"loc":{"start":{"line":37,"column":64},"end":{"line":41,"column":null}}},"9":{"name":"(anonymous_9)","decl":{"start":{"line":39,"column":15},"end":{"line":39,"column":18}},"loc":{"start":{"line":39,"column":23},"end":{"line":39,"column":63}}},"10":{"name":"(anonymous_10)","decl":{"start":{"line":40,"column":15},"end":{"line":40,"column":18}},"loc":{"start":{"line":40,"column":23},"end":{"line":40,"column":59}}}},"branchMap":{"0":{"loc":{"start":{"line":30,"column":4},"end":{"line":30,"column":null}},"type":"if","locations":[{"start":{"line":30,"column":4},"end":{"line":30,"column":null}}]},"1":{"loc":{"start":{"line":34,"column":4},"end":{"line":34,"column":null}},"type":"if","locations":[{"start":{"line":34,"column":4},"end":{"line":34,"column":null}}]}},"s":{"0":1,"1":1,"2":1,"3":1,"4":3,"5":1,"6":1,"7":1,"8":3,"9":1,"10":2,"11":2,"12":1,"13":1,"14":2,"15":2,"16":1,"17":1,"18":1,"19":1,"20":1,"21":1},"f":{"0":1,"1":3,"2":1,"3":3,"4":2,"5":2,"6":2,"7":2,"8":1,"9":1,"10":1},"b":{"0":[1],"1":[1]}}
,"/Users/guidopawluk/Desktop/Guido/UDEMY/vue-masteryclass-udemy/job-search/src/store/mutations.ts": {"path":"/Users/guidopawluk/Desktop/Guido/UDEMY/vue-masteryclass-udemy/job-search/src/store/mutations.ts","statementMap":{"0":{"start":{"line":1,"column":0},"end":{"line":1,"column":null}},"1":{"start":{"line":11,"column":18},"end":{"line":31,"column":null}},"2":{"start":{"line":15,"column":4},"end":{"line":15,"column":null}},"3":{"start":{"line":20,"column":4},"end":{"line":20,"column":null}},"4":{"start":{"line":26,"column":4},"end":{"line":26,"column":null}},"5":{"start":{"line":29,"column":4},"end":{"line":29,"column":null}},"6":{"start":{"line":33,"column":0},"end":{"line":33,"column":null}}},"fnMap":{"0":{"name":"(anonymous_0)","decl":{"start":{"line":14,"column":2},"end":{"line":14,"column":3}},"loc":{"start":{"line":14,"column":33},"end":{"line":16,"column":3}}},"1":{"name":"(anonymous_1)","decl":{"start":{"line":19,"column":2},"end":{"line":19,"column":3}},"loc":{"start":{"line":19,"column":57},"end":{"line":21,"column":3}}},"2":{"name":"(anonymous_2)","decl":{"start":{"line":22,"column":2},"end":{"line":22,"column":3}},"loc":{"start":{"line":24,"column":36},"end":{"line":27,"column":3}}},"3":{"name":"(anonymous_3)","decl":{"start":{"line":28,"column":2},"end":{"line":28,"column":3}},"loc":{"start":{"line":28,"column":74},"end":{"line":30,"column":null}}}},"branchMap":{},"s":{"0":1,"1":1,"2":1,"3":1,"4":1,"5":1,"6":1},"f":{"0":1,"1":1,"2":1,"3":1},"b":{}}
,"/Users/guidopawluk/Desktop/Guido/UDEMY/vue-masteryclass-udemy/job-search/src/store/state.ts": {"path":"/Users/guidopawluk/Desktop/Guido/UDEMY/vue-masteryclass-udemy/job-search/src/store/state.ts","statementMap":{"0":{"start":{"line":3,"column":14},"end":{"line":12,"column":1}},"1":{"start":{"line":6,"column":2},"end":{"line":11,"column":null}},"2":{"start":{"line":14,"column":0},"end":{"line":14,"column":null}}},"fnMap":{"0":{"name":"(anonymous_0)","decl":{"start":{"line":3,"column":14},"end":{"line":3,"column":32}},"loc":{"start":{"line":3,"column":32},"end":{"line":12,"column":1}}}},"branchMap":{},"s":{"0":3,"1":15,"2":3},"f":{"0":15},"b":{}}
,"/Users/guidopawluk/Desktop/Guido/UDEMY/vue-masteryclass-udemy/job-search/src/utils/nextElementInList.js": {"path":"/Users/guidopawluk/Desktop/Guido/UDEMY/vue-masteryclass-udemy/job-search/src/utils/nextElementInList.js","statementMap":{"0":{"start":{"line":1,"column":26},"end":{"line":6,"column":1}},"1":{"start":{"line":2,"column":28},"end":{"line":2,"column":47}},"2":{"start":{"line":3,"column":25},"end":{"line":3,"column":62}},"3":{"start":{"line":4,"column":20},"end":{"line":4,"column":40}},"4":{"start":{"line":5,"column":2},"end":{"line":5,"column":19}}},"fnMap":{"0":{"name":"(anonymous_0)","decl":{"start":{"line":1,"column":26},"end":{"line":1,"column":27}},"loc":{"start":{"line":1,"column":43},"end":{"line":6,"column":1}},"line":1}},"branchMap":{},"s":{"0":2,"1":5,"2":5,"3":5,"4":5},"f":{"0":5},"b":{},"_coverageSchema":"1a1c01bbd47fc00a2c39e90264f33305004495a9","hash":"e22f294610a0a9ad85b2ed3304b4a95cc339931a"}
,"/Users/guidopawluk/Desktop/Guido/UDEMY/vue-masteryclass-udemy/job-search/tests/unit/store/utils.ts": {"path":"/Users/guidopawluk/Desktop/Guido/UDEMY/vue-masteryclass-udemy/job-search/tests/unit/store/utils.ts","statementMap":{"0":{"start":{"line":2,"column":0},"end":{"line":2,"column":null}},"1":{"start":{"line":5,"column":27},"end":{"line":8,"column":1}},"2":{"start":{"line":6,"column":23},"end":{"line":6,"column":30}},"3":{"start":{"line":7,"column":2},"end":{"line":7,"column":null}},"4":{"start":{"line":5,"column":13},"end":{"line":5,"column":27}},"5":{"start":{"line":10,"column":25},"end":{"line":22,"column":2}},"6":{"start":{"line":10,"column":62},"end":{"line":22,"column":2}},"7":{"start":{"line":10,"column":13},"end":{"line":10,"column":25}}},"fnMap":{"0":{"name":"(anonymous_1)","decl":{"start":{"line":5,"column":27},"end":{"line":5,"column":28}},"loc":{"start":{"line":5,"column":78},"end":{"line":8,"column":1}}},"1":{"name":"(anonymous_2)","decl":{"start":{"line":10,"column":25},"end":{"line":10,"column":26}},"loc":{"start":{"line":10,"column":62},"end":{"line":22,"column":2}}}},"branchMap":{"0":{"loc":{"start":{"line":5,"column":28},"end":{"line":5,"column":61}},"type":"default-arg","locations":[{"start":{"line":5,"column":59},"end":{"line":5,"column":61}}]},"1":{"loc":{"start":{"line":10,"column":26},"end":{"line":10,"column":51}},"type":"default-arg","locations":[{"start":{"line":10,"column":49},"end":{"line":10,"column":51}}]}},"s":{"0":2,"1":2,"2":11,"3":11,"4":2,"5":2,"6":13,"7":2},"f":{"0":11,"1":13},"b":{"0":[0],"1":[2]}}
}
