{"/Users/guidopawluk/Desktop/Guido/UDEMY/vue-masteryclass-udemy/job-search/src/api/getJobs.js": {"path":"/Users/guidopawluk/Desktop/Guido/UDEMY/vue-masteryclass-udemy/job-search/src/api/getJobs.js","statementMap":{"0":{"start":{"line":3,"column":16},"end":{"line":7,"column":1}},"1":{"start":{"line":4,"column":18},"end":{"line":4,"column":45}},"2":{"start":{"line":5,"column":19},"end":{"line":5,"column":53}},"3":{"start":{"line":6,"column":2},"end":{"line":6,"column":23}}},"fnMap":{"0":{"name":"(anonymous_0)","decl":{"start":{"line":3,"column":16},"end":{"line":3,"column":17}},"loc":{"start":{"line":3,"column":28},"end":{"line":7,"column":1}},"line":3}},"branchMap":{},"s":{"0":2,"1":2,"2":2,"3":2},"f":{"0":2},"b":{},"_coverageSchema":"1a1c01bbd47fc00a2c39e90264f33305004495a9","hash":"8afc84cfd94b7453b2a42bc7e18a214ff73803b0"}
,"/Users/guidopawluk/Desktop/Guido/UDEMY/vue-masteryclass-udemy/job-search/src/components/JobResults/JobListing.vue": {"path":"/Users/guidopawluk/Desktop/Guido/UDEMY/vue-masteryclass-udemy/job-search/src/components/JobResults/JobListing.vue","statementMap":{"0":{"start":{"line":4,"column":0},"end":{"line":6,"column":3}},"1":{"start":{"line":7,"column":0},"end":{"line":7,"column":25}},"2":{"start":{"line":8,"column":15},"end":{"line":21,"column":1}},"3":{"start":{"line":18,"column":6},"end":{"line":18,"column":44}},"4":{"start":{"line":24,"column":0},"end":{"line":24,"column":13}},"5":{"start":{"line":26,"column":0},"end":{"line":28,"column":3}},"6":{"start":{"line":29,"column":0},"end":{"line":29,"column":24}},"7":{"start":{"line":30,"column":11},"end":{"line":30,"column":25}},"8":{"start":{"line":31,"column":19},"end":{"line":33,"column":1}},"9":{"start":{"line":34,"column":19},"end":{"line":36,"column":1}},"10":{"start":{"line":37,"column":19},"end":{"line":39,"column":1}},"11":{"start":{"line":40,"column":19},"end":{"line":42,"column":1}},"12":{"start":{"line":43,"column":19},"end":{"line":45,"column":1}},"13":{"start":{"line":46,"column":19},"end":{"line":48,"column":1}},"14":{"start":{"line":49,"column":32},"end":{"line":51,"column":40}},"15":{"start":{"line":52,"column":19},"end":{"line":54,"column":1}},"16":{"start":{"line":55,"column":19},"end":{"line":57,"column":1}},"17":{"start":{"line":59,"column":33},"end":{"line":59,"column":74}},"18":{"start":{"line":60,"column":2},"end":{"line":82,"column":30}},"19":{"start":{"line":65,"column":37},"end":{"line":80,"column":34}},"20":{"start":{"line":66,"column":6},"end":{"line":69,"column":60}},"21":{"start":{"line":71,"column":6},"end":{"line":73,"column":65}},"22":{"start":{"line":78,"column":39},"end":{"line":78,"column":76}},"23":{"start":{"line":83,"column":2},"end":{"line":83,"column":49}}},"fnMap":{"0":{"name":"(anonymous_0)","decl":{"start":{"line":17,"column":4},"end":{"line":17,"column":5}},"loc":{"start":{"line":17,"column":18},"end":{"line":19,"column":5}},"line":17},"1":{"name":"render","decl":{"start":{"line":58,"column":9},"end":{"line":58,"column":15}},"loc":{"start":{"line":58,"column":30},"end":{"line":83,"column":1}},"line":58},"2":{"name":"(anonymous_2)","decl":{"start":{"line":65,"column":31},"end":{"line":65,"column":32}},"loc":{"start":{"line":65,"column":37},"end":{"line":80,"column":34}},"line":65},"3":{"name":"(anonymous_3)","decl":{"start":{"line":65,"column":604},"end":{"line":65,"column":605}},"loc":{"start":{"line":65,"column":616},"end":{"line":70,"column":5}},"line":65},"4":{"name":"(anonymous_4)","decl":{"start":{"line":70,"column":327},"end":{"line":70,"column":328}},"loc":{"start":{"line":70,"column":344},"end":{"line":74,"column":5}},"line":70},"5":{"name":"(anonymous_5)","decl":{"start":{"line":78,"column":33},"end":{"line":78,"column":34}},"loc":{"start":{"line":78,"column":39},"end":{"line":78,"column":76}},"line":78}},"branchMap":{},"s":{"0":2,"1":2,"2":2,"3":5,"4":2,"5":2,"6":2,"7":2,"8":2,"9":2,"10":2,"11":2,"12":2,"13":2,"14":2,"15":2,"16":2,"17":5,"18":5,"19":5,"20":6,"21":6,"22":5,"23":2},"f":{"0":5,"1":5,"2":5,"3":6,"4":6,"5":5},"b":{},"inputSourceMap":{"0":"{","1":"\"","2":"v","3":"e","4":"r","5":"s","6":"i","7":"o","8":"n","9":"\"","10":":","11":"3","12":",","13":"\"","14":"s","15":"o","16":"u","17":"r","18":"c","19":"e","20":"s","21":"\"","22":":","23":"[","24":"\"","25":"/","26":"U","27":"s","28":"e","29":"r","30":"s","31":"/","32":"g","33":"u","34":"i","35":"d","36":"o","37":"p","38":"a","39":"w","40":"l","41":"u","42":"k","43":"/","44":"D","45":"e","46":"s","47":"k","48":"t","49":"o","50":"p","51":"/","52":"G","53":"u","54":"i","55":"d","56":"o","57":"/","58":"U","59":"D","60":"E","61":"M","62":"Y","63":"/","64":"v","65":"u","66":"e","67":"-","68":"m","69":"a","70":"s","71":"t","72":"e","73":"r","74":"y","75":"c","76":"l","77":"a","78":"s","79":"s","80":"-","81":"u","82":"d","83":"e","84":"m","85":"y","86":"/","87":"j","88":"o","89":"b","90":"-","91":"s","92":"e","93":"a","94":"r","95":"c","96":"h","97":"/","98":"s","99":"r","100":"c","101":"/","102":"c","103":"o","104":"m","105":"p","106":"o","107":"n","108":"e","109":"n","110":"t","111":"s","112":"/","113":"J","114":"o","115":"b","116":"R","117":"e","118":"s","119":"u","120":"l","121":"t","122":"s","123":"/","124":"J","125":"o","126":"b","127":"L","128":"i","129":"s","130":"t","131":"i","132":"n","133":"g","134":".","135":"v","136":"u","137":"e","138":"\"","139":"]","140":",","141":"\"","142":"n","143":"a","144":"m","145":"e","146":"s","147":"\"","148":":","149":"[","150":"]","151":",","152":"\"","153":"m","154":"a","155":"p","156":"p","157":"i","158":"n","159":"g","160":"s","161":"\"","162":":","163":"\"","164":";","165":";","166":";","167":";","168":";","169":";","170":";","171":"e","172":"A","173":"k","174":"D","175":"e","176":";","177":"E","178":"A","179":"C","180":"b","181":",","182":"I","183":"A","184":"A","185":"I","186":",","187":"E","188":"A","189":"A","190":"E","191":",","192":"Y","193":"A","194":"A","195":"Y","196":";","197":"E","198":"A","199":"C","200":"l","201":"B","202":",","203":"K","204":"A","205":"A","206":"K","207":",","208":"E","209":"A","210":"A","211":"E","212":";","213":"I","214":"A","215":"C","216":"L","217":",","218":"G","219":"A","220":"A","221":"G","222":",","223":"E","224":"A","225":"A","226":"E","227":";","228":"M","229":"A","230":"C","231":"H","232":",","233":"I","234":"A","235":"A","236":"I","237":",","238":"E","239":"A","240":"A","241":"E","242":",","243":"M","244":"A","245":"A","246":"M","247":";","248":"M","249":"A","250":"C","251":"Z","252":",","253":"Q","254":"A","255":"A","256":"Q","257":",","258":"E","259":"A","260":"A","261":"E","262":";","263":"I","264":"A","265":"C","266":"Z","267":";","268":"E","269":"A","270":"C","271":"F","272":",","273":"C","274":"A","275":"A","276":"C","277":";","278":"E","279":"A","280":"C","281":"D","282":",","283":"Q","284":"A","285":"A","286":"Q","287":",","288":"E","289":"A","290":"A","291":"E","292":";","293":"I","294":"A","295":"C","296":"R","297":",","298":"W","299":"A","300":"A","301":"W","302":",","303":"G","304":"A","305":"A","306":"G","307":";","308":"M","309":"A","310":"C","311":"Z","312":",","313":"O","314":"A","315":"A","316":"Q","317":",","318":"i","319":"B","320":"A","321":"A","322":"g","323":"B","324":",","325":"I","326":"A","327":"A","328":"I","329":",","330":"C","331":"A","332":"A","333":"C","334":",","335":"G","336":"A","337":"A","338":"G","339":",","340":"C","341":"A","342":"A","343":"C","344":",","345":"E","346":"A","347":"A","348":"G","349":",","350":"E","351":"A","352":"A","353":"C","354":";","355":"I","356":"A","357":"C","358":"v","359":"C","360":";","361":"E","362":"A","363":"C","364":"F","365":";","366":"A","367":"A","368":"C","369":"F","370":",","371":"C","372":"A","373":"A","374":"C","375":";","376":"A","377":"A","378":"A","379":"A","380":";","381":"A","382":"A","383":"A","384":"A","385":"\"","386":",","387":"\"","388":"f","389":"i","390":"l","391":"e","392":"\"","393":":","394":"\"","395":"/","396":"U","397":"s","398":"e","399":"r","400":"s","401":"/","402":"g","403":"u","404":"i","405":"d","406":"o","407":"p","408":"a","409":"w","410":"l","411":"u","412":"k","413":"/","414":"D","415":"e","416":"s","417":"k","418":"t","419":"o","420":"p","421":"/","422":"G","423":"u","424":"i","425":"d","426":"o","427":"/","428":"U","429":"D","430":"E","431":"M","432":"Y","433":"/","434":"v","435":"u","436":"e","437":"-","438":"m","439":"a","440":"s","441":"t","442":"e","443":"r","444":"y","445":"c","446":"l","447":"a","448":"s","449":"s","450":"-","451":"u","452":"d","453":"e","454":"m","455":"y","456":"/","457":"j","458":"o","459":"b","460":"-","461":"s","462":"e","463":"a","464":"r","465":"c","466":"h","467":"/","468":"s","469":"r","470":"c","471":"/","472":"c","473":"o","474":"m","475":"p","476":"o","477":"n","478":"e","479":"n","480":"t","481":"s","482":"/","483":"J","484":"o","485":"b","486":"R","487":"e","488":"s","489":"u","490":"l","491":"t","492":"s","493":"/","494":"J","495":"o","496":"b","497":"L","498":"i","499":"s","500":"t","501":"i","502":"n","503":"g","504":".","505":"v","506":"u","507":"e","508":"\"","509":",","510":"\"","511":"s","512":"o","513":"u","514":"r","515":"c","516":"e","517":"s","518":"C","519":"o","520":"n","521":"t","522":"e","523":"n","524":"t","525":"\"","526":":","527":"[","528":"\"","529":"<","530":"t","531":"e","532":"m","533":"p","534":"l","535":"a","536":"t","537":"e","538":" ","539":"l","540":"a","541":"n","542":"g","543":"=","544":"\\","545":"\"","546":"\\","547":"\"","548":">","549":"\\","550":"n","551":" ","552":" ","553":"<","554":"l","555":"i","556":" ","557":"c","558":"l","559":"a","560":"s","561":"s","562":"=","563":"\\","564":"\"","565":"m","566":"b","567":"-","568":"7","569":"\\","570":"\"","571":">","572":"\\","573":"n","574":" ","575":" ","576":" ","577":" ","578":"<","579":"r","580":"o","581":"u","582":"t","583":"e","584":"r","585":"-","586":"l","587":"i","588":"n","589":"k","590":"\\","591":"n","592":" ","593":" ","594":" ","595":" ","596":" ","597":" ","598":":","599":"t","600":"o","601":"=","602":"\\","603":"\"","604":"j","605":"o","606":"b","607":"P","608":"a","609":"g","610":"e","611":"L","612":"i","613":"n","614":"k","615":"\\","616":"\"","617":"\\","618":"n","619":" ","620":" ","621":" ","622":" ","623":" ","624":" ","625":"d","626":"a","627":"t","628":"a","629":"-","630":"t","631":"e","632":"s","633":"t","634":"=","635":"\\","636":"\"","637":"j","638":"o","639":"b","640":"-","641":"p","642":"a","643":"g","644":"e","645":"-","646":"l","647":"i","648":"n","649":"k","650":"\\","651":"\"","652":"\\","653":"n","654":" ","655":" ","656":" ","657":" ","658":" ","659":" ","660":"c","661":"l","662":"a","663":"s","664":"s","665":"=","666":"\\","667":"\"","668":"b","669":"l","670":"o","671":"c","672":"k","673":" ","674":"m","675":"x","676":"-","677":"a","678":"u","679":"t","680":"o","681":" ","682":"b","683":"g","684":"-","685":"w","686":"h","687":"i","688":"t","689":"e","690":" ","691":"b","692":"o","693":"r","694":"d","695":"e","696":"r","697":" ","698":"b","699":"o","700":"r","701":"d","702":"e","703":"r","704":"-","705":"s","706":"o","707":"l","708":"i","709":"d","710":" ","711":"b","712":"o","713":"r","714":"d","715":"e","716":"r","717":"-","718":"b","719":"r","720":"a","721":"n","722":"d","723":"-","724":"g","725":"r","726":"a","727":"y","728":"-","729":"2","730":" ","731":"r","732":"o","733":"u","734":"n","735":"d","736":"e","737":"d","738":" ","739":"h","740":"o","741":"v","742":"e","743":"r","744":":","745":"s","746":"h","747":"a","748":"d","749":"o","750":"w","751":"-","752":"g","753":"r","754":"a","755":"y","756":"\\","757":"\"","758":"\\","759":"n","760":" ","761":" ","762":" ","763":" ","764":">","765":"\\","766":"n","767":" ","768":" ","769":" ","770":" ","771":" ","772":" ","773":"<","774":"d","775":"i","776":"v","777":" ","778":"c","779":"l","780":"a","781":"s","782":"s","783":"=","784":"\\","785":"\"","786":"p","787":"t","788":"-","789":"5","790":" ","791":"p","792":"b","793":"-","794":"2","795":" ","796":"m","797":"x","798":"-","799":"8","800":" ","801":"b","802":"o","803":"r","804":"d","805":"e","806":"r","807":"-","808":"b","809":" ","810":"b","811":"o","812":"r","813":"d","814":"e","815":"r","816":"-","817":"s","818":"o","819":"l","820":"i","821":"d","822":" ","823":"b","824":"o","825":"r","826":"d","827":"e","828":"r","829":"-","830":"b","831":"r","832":"a","833":"n","834":"d","835":"-","836":"g","837":"r","838":"a","839":"y","840":"-","841":"2","842":"\\","843":"\"","844":">","845":"\\","846":"n","847":" ","848":" ","849":" ","850":" ","851":" ","852":" ","853":" ","854":" ","855":"<","856":"h","857":"2","858":" ","859":"c","860":"l","861":"a","862":"s","863":"s","864":"=","865":"\\","866":"\"","867":"m","868":"b","869":"-","870":"2","871":" ","872":"t","873":"e","874":"x","875":"t","876":"-","877":"2","878":"x","879":"l","880":"\\","881":"\"","882":">","883":"\\","884":"n","885":" ","886":" ","887":" ","888":" ","889":" ","890":" ","891":" ","892":" ","893":" ","894":" ","895":"{","896":"{","897":" ","898":"j","899":"o","900":"b","901":".","902":"t","903":"i","904":"t","905":"l","906":"e","907":" ","908":"}","909":"}","910":"\\","911":"n","912":" ","913":" ","914":" ","915":" ","916":" ","917":" ","918":" ","919":" ","920":"<","921":"/","922":"h","923":"2","924":">","925":"\\","926":"n","927":" ","928":" ","929":" ","930":" ","931":" ","932":" ","933":" ","934":" ","935":"<","936":"d","937":"i","938":"v","939":" ","940":"c","941":"l","942":"a","943":"s","944":"s","945":"=","946":"\\","947":"\"","948":"f","949":"l","950":"e","951":"x","952":" ","953":"f","954":"l","955":"e","956":"x","957":"-","958":"r","959":"o","960":"w","961":" ","962":"a","963":"l","964":"i","965":"g","966":"n","967":"-","968":"m","969":"i","970":"d","971":"d","972":"l","973":"e","974":"\\","975":"\"","976":">","977":"\\","978":"n","979":" ","980":" ","981":" ","982":" ","983":" ","984":" ","985":" ","986":" ","987":" ","988":" ","989":"<","990":"d","991":"i","992":"v","993":" ","994":"c","995":"l","996":"a","997":"s","998":"s","999":"=","1000":"\\","1001":"\"","1002":"m","1003":"r","1004":"-","1005":"5","1006":"\\","1007":"\"","1008":">","1009":"\\","1010":"n","1011":" ","1012":" ","1013":" ","1014":" ","1015":" ","1016":" ","1017":" ","1018":" ","1019":" ","1020":" ","1021":" ","1022":" ","1023":"<","1024":"s","1025":"p","1026":"a","1027":"n","1028":">","1029":"{","1030":"{","1031":" ","1032":"j","1033":"o","1034":"b","1035":".","1036":"o","1037":"r","1038":"g","1039":"a","1040":"n","1041":"i","1042":"z","1043":"a","1044":"t","1045":"i","1046":"o","1047":"n","1048":" ","1049":"}","1050":"}","1051":"<","1052":"/","1053":"s","1054":"p","1055":"a","1056":"n","1057":">","1058":"\\","1059":"n","1060":" ","1061":" ","1062":" ","1063":" ","1064":" ","1065":" ","1066":" ","1067":" ","1068":" ","1069":" ","1070":"<","1071":"/","1072":"d","1073":"i","1074":"v","1075":">","1076":"\\","1077":"n","1078":" ","1079":" ","1080":" ","1081":" ","1082":" ","1083":" ","1084":" ","1085":" ","1086":" ","1087":" ","1088":"<","1089":"d","1090":"i","1091":"v","1092":">","1093":"\\","1094":"n","1095":" ","1096":" ","1097":" ","1098":" ","1099":" ","1100":" ","1101":" ","1102":" ","1103":" ","1104":" ","1105":" ","1106":" ","1107":"<","1108":"u","1109":"l","1110":">","1111":"\\","1112":"n","1113":" ","1114":" ","1115":" ","1116":" ","1117":" ","1118":" ","1119":" ","1120":" ","1121":" ","1122":" ","1123":" ","1124":" ","1125":" ","1126":" ","1127":"<","1128":"l","1129":"i","1130":"\\","1131":"n","1132":" ","1133":" ","1134":" ","1135":" ","1136":" ","1137":" ","1138":" ","1139":" ","1140":" ","1141":" ","1142":" ","1143":" ","1144":" ","1145":" ","1146":" ","1147":" ","1148":"v","1149":"-","1150":"f","1151":"o","1152":"r","1153":"=","1154":"\\","1155":"\"","1156":"l","1157":"o","1158":"c","1159":"a","1160":"t","1161":"i","1162":"o","1163":"n","1164":" ","1165":"i","1166":"n","1167":" ","1168":"j","1169":"o","1170":"b","1171":".","1172":"l","1173":"o","1174":"c","1175":"a","1176":"t","1177":"i","1178":"o","1179":"n","1180":"s","1181":"\\","1182":"\"","1183":"\\","1184":"n","1185":" ","1186":" ","1187":" ","1188":" ","1189":" ","1190":" ","1191":" ","1192":" ","1193":" ","1194":" ","1195":" ","1196":" ","1197":" ","1198":" ","1199":" ","1200":" ","1201":":","1202":"k","1203":"e","1204":"y","1205":"=","1206":"\\","1207":"\"","1208":"l","1209":"o","1210":"c","1211":"a","1212":"t","1213":"i","1214":"o","1215":"n","1216":"\\","1217":"\"","1218":"\\","1219":"n","1220":" ","1221":" ","1222":" ","1223":" ","1224":" ","1225":" ","1226":" ","1227":" ","1228":" ","1229":" ","1230":" ","1231":" ","1232":" ","1233":" ","1234":" ","1235":" ","1236":"c","1237":"l","1238":"a","1239":"s","1240":"s","1241":"=","1242":"\\","1243":"\"","1244":"i","1245":"n","1246":"l","1247":"i","1248":"n","1249":"e","1250":"-","1251":"b","1252":"l","1253":"o","1254":"c","1255":"k","1256":" ","1257":"m","1258":"r","1259":"-","1260":"2","1261":"\\","1262":"\"","1263":"\\","1264":"n","1265":" ","1266":" ","1267":" ","1268":" ","1269":" ","1270":" ","1271":" ","1272":" ","1273":" ","1274":" ","1275":" ","1276":" ","1277":" ","1278":" ","1279":">","1280":"\\","1281":"n","1282":" ","1283":" ","1284":" ","1285":" ","1286":" ","1287":" ","1288":" ","1289":" ","1290":" ","1291":" ","1292":" ","1293":" ","1294":" ","1295":" ","1296":" ","1297":" ","1298":"{","1299":"{","1300":" ","1301":"l","1302":"o","1303":"c","1304":"a","1305":"t","1306":"i","1307":"o","1308":"n","1309":" ","1310":"}","1311":"}","1312":"\\","1313":"n","1314":" ","1315":" ","1316":" ","1317":" ","1318":" ","1319":" ","1320":" ","1321":" ","1322":" ","1323":" ","1324":" ","1325":" ","1326":" ","1327":" ","1328":"<","1329":"/","1330":"l","1331":"i","1332":">","1333":"\\","1334":"n","1335":" ","1336":" ","1337":" ","1338":" ","1339":" ","1340":" ","1341":" ","1342":" ","1343":" ","1344":" ","1345":" ","1346":" ","1347":"<","1348":"/","1349":"u","1350":"l","1351":">","1352":"\\","1353":"n","1354":" ","1355":" ","1356":" ","1357":" ","1358":" ","1359":" ","1360":" ","1361":" ","1362":" ","1363":" ","1364":"<","1365":"/","1366":"d","1367":"i","1368":"v","1369":">","1370":"\\","1371":"n","1372":" ","1373":" ","1374":" ","1375":" ","1376":" ","1377":" ","1378":" ","1379":" ","1380":"<","1381":"/","1382":"d","1383":"i","1384":"v","1385":">","1386":"\\","1387":"n","1388":" ","1389":" ","1390":" ","1391":" ","1392":" ","1393":" ","1394":"<","1395":"/","1396":"d","1397":"i","1398":"v","1399":">","1400":"\\","1401":"n","1402":" ","1403":" ","1404":" ","1405":" ","1406":" ","1407":" ","1408":"<","1409":"d","1410":"i","1411":"v","1412":" ","1413":"c","1414":"l","1415":"a","1416":"s","1417":"s","1418":"=","1419":"\\","1420":"\"","1421":"p","1422":"x","1423":"-","1424":"8","1425":" ","1426":"p","1427":"y","1428":"-","1429":"4","1430":"\\","1431":"\"","1432":">","1433":"\\","1434":"n","1435":" ","1436":" ","1437":" ","1438":" ","1439":" ","1440":" ","1441":" ","1442":" ","1443":"<","1444":"d","1445":"i","1446":"v","1447":">","1448":"<","1449":"h","1450":"3","1451":" ","1452":"c","1453":"l","1454":"a","1455":"s","1456":"s","1457":"=","1458":"\\","1459":"\"","1460":"m","1461":"t","1462":"-","1463":"1","1464":" ","1465":"m","1466":"b","1467":"-","1468":"2","1469":"\\","1470":"\"","1471":">","1472":"Q","1473":"u","1474":"a","1475":"l","1476":"i","1477":"f","1478":"i","1479":"c","1480":"a","1481":"t","1482":"i","1483":"o","1484":"n","1485":"s","1486":"<","1487":"/","1488":"h","1489":"3","1490":">","1491":"<","1492":"/","1493":"d","1494":"i","1495":"v","1496":">","1497":"\\","1498":"n","1499":" ","1500":" ","1501":" ","1502":" ","1503":" ","1504":" ","1505":" ","1506":" ","1507":"<","1508":"d","1509":"i","1510":"v","1511":">","1512":"\\","1513":"n","1514":" ","1515":" ","1516":" ","1517":" ","1518":" ","1519":" ","1520":" ","1521":" ","1522":" ","1523":" ","1524":"<","1525":"u","1526":"l","1527":" ","1528":"c","1529":"l","1530":"a","1531":"s","1532":"s","1533":"=","1534":"\\","1535":"\"","1536":"p","1537":"l","1538":"-","1539":"8","1540":" ","1541":"l","1542":"i","1543":"s","1544":"t","1545":"-","1546":"d","1547":"i","1548":"s","1549":"c","1550":"\\","1551":"\"","1552":">","1553":"\\","1554":"n","1555":" ","1556":" ","1557":" ","1558":" ","1559":" ","1560":" ","1561":" ","1562":" ","1563":" ","1564":" ","1565":" ","1566":" ","1567":"<","1568":"l","1569":"i","1570":"\\","1571":"n","1572":" ","1573":" ","1574":" ","1575":" ","1576":" ","1577":" ","1578":" ","1579":" ","1580":" ","1581":" ","1582":" ","1583":" ","1584":" ","1585":" ","1586":"v","1587":"-","1588":"f","1589":"o","1590":"r","1591":"=","1592":"\\","1593":"\"","1594":"q","1595":"u","1596":"a","1597":"l","1598":"i","1599":"f","1600":"i","1601":"c","1602":"a","1603":"t","1604":"i","1605":"o","1606":"n","1607":" ","1608":"i","1609":"n","1610":" ","1611":"j","1612":"o","1613":"b","1614":".","1615":"m","1616":"i","1617":"n","1618":"i","1619":"m","1620":"u","1621":"m","1622":"Q","1623":"u","1624":"a","1625":"l","1626":"i","1627":"f","1628":"i","1629":"c","1630":"a","1631":"t","1632":"i","1633":"o","1634":"n","1635":"s","1636":"\\","1637":"\"","1638":"\\","1639":"n","1640":" ","1641":" ","1642":" ","1643":" ","1644":" ","1645":" ","1646":" ","1647":" ","1648":" ","1649":" ","1650":" ","1651":" ","1652":" ","1653":" ","1654":":","1655":"k","1656":"e","1657":"y","1658":"=","1659":"\\","1660":"\"","1661":"q","1662":"u","1663":"a","1664":"l","1665":"i","1666":"f","1667":"i","1668":"c","1669":"a","1670":"t","1671":"i","1672":"o","1673":"n","1674":"\\","1675":"\"","1676":"\\","1677":"n","1678":" ","1679":" ","1680":" ","1681":" ","1682":" ","1683":" ","1684":" ","1685":" ","1686":" ","1687":" ","1688":" ","1689":" ","1690":">","1691":"\\","1692":"n","1693":" ","1694":" ","1695":" ","1696":" ","1697":" ","1698":" ","1699":" ","1700":" ","1701":" ","1702":" ","1703":" ","1704":" ","1705":" ","1706":" ","1707":"{","1708":"{","1709":" ","1710":"q","1711":"u","1712":"a","1713":"l","1714":"i","1715":"f","1716":"i","1717":"c","1718":"a","1719":"t","1720":"i","1721":"o","1722":"n","1723":" ","1724":"}","1725":"}","1726":"\\","1727":"n","1728":" ","1729":" ","1730":" ","1731":" ","1732":" ","1733":" ","1734":" ","1735":" ","1736":" ","1737":" ","1738":" ","1739":" ","1740":"<","1741":"/","1742":"l","1743":"i","1744":">","1745":"\\","1746":"n","1747":" ","1748":" ","1749":" ","1750":" ","1751":" ","1752":" ","1753":" ","1754":" ","1755":" ","1756":" ","1757":"<","1758":"/","1759":"u","1760":"l","1761":">","1762":"\\","1763":"n","1764":" ","1765":" ","1766":" ","1767":" ","1768":" ","1769":" ","1770":" ","1771":" ","1772":"<","1773":"/","1774":"d","1775":"i","1776":"v","1777":">","1778":"\\","1779":"n","1780":" ","1781":" ","1782":" ","1783":" ","1784":" ","1785":" ","1786":" ","1787":" ","1788":"<","1789":"d","1790":"i","1791":"v","1792":" ","1793":"c","1794":"l","1795":"a","1796":"s","1797":"s","1798":"=","1799":"\\","1800":"\"","1801":"m","1802":"t","1803":"-","1804":"2","1805":" ","1806":"t","1807":"e","1808":"x","1809":"t","1810":"-","1811":"c","1812":"e","1813":"n","1814":"t","1815":"e","1816":"r","1817":"\\","1818":"\"","1819":">","1820":"\\","1821":"n","1822":" ","1823":" ","1824":" ","1825":" ","1826":" ","1827":" ","1828":" ","1829":" ","1830":" ","1831":" ","1832":"<","1833":"r","1834":"o","1835":"u","1836":"t","1837":"e","1838":"r","1839":"-","1840":"l","1841":"i","1842":"n","1843":"k","1844":" ","1845":":","1846":"t","1847":"o","1848":"=","1849":"\\","1850":"\"","1851":"j","1852":"o","1853":"b","1854":"P","1855":"a","1856":"g","1857":"e","1858":"L","1859":"i","1860":"n","1861":"k","1862":"\\","1863":"\"","1864":" ","1865":"c","1866":"l","1867":"a","1868":"s","1869":"s","1870":"=","1871":"\\","1872":"\"","1873":"t","1874":"e","1875":"x","1876":"t","1877":"-","1878":"b","1879":"r","1880":"a","1881":"n","1882":"d","1883":"-","1884":"b","1885":"l","1886":"u","1887":"e","1888":"-","1889":"1","1890":"\\","1891":"\"","1892":"\\","1893":"n","1894":" ","1895":" ","1896":" ","1897":" ","1898":" ","1899":" ","1900":" ","1901":" ","1902":" ","1903":" ","1904":" ","1905":" ","1906":">","1907":"E","1908":"x","1909":"p","1910":"a","1911":"n","1912":"d","1913":"<","1914":"/","1915":"r","1916":"o","1917":"u","1918":"t","1919":"e","1920":"r","1921":"-","1922":"l","1923":"i","1924":"n","1925":"k","1926":"\\","1927":"n","1928":" ","1929":" ","1930":" ","1931":" ","1932":" ","1933":" ","1934":" ","1935":" ","1936":" ","1937":" ","1938":">","1939":"\\","1940":"n","1941":" ","1942":" ","1943":" ","1944":" ","1945":" ","1946":" ","1947":" ","1948":" ","1949":"<","1950":"/","1951":"d","1952":"i","1953":"v","1954":">","1955":"\\","1956":"n","1957":" ","1958":" ","1959":" ","1960":" ","1961":" ","1962":" ","1963":"<","1964":"/","1965":"d","1966":"i","1967":"v","1968":">","1969":"\\","1970":"n","1971":" ","1972":" ","1973":" ","1974":" ","1975":"<","1976":"/","1977":"r","1978":"o","1979":"u","1980":"t","1981":"e","1982":"r","1983":"-","1984":"l","1985":"i","1986":"n","1987":"k","1988":">","1989":"\\","1990":"n","1991":" ","1992":" ","1993":"<","1994":"/","1995":"l","1996":"i","1997":">","1998":"\\","1999":"n","2000":"<","2001":"/","2002":"t","2003":"e","2004":"m","2005":"p","2006":"l","2007":"a","2008":"t","2009":"e","2010":">","2011":"\\","2012":"n","2013":"<","2014":"s","2015":"c","2016":"r","2017":"i","2018":"p","2019":"t","2020":">","2021":"\\","2022":"n","2023":"e","2024":"x","2025":"p","2026":"o","2027":"r","2028":"t","2029":" ","2030":"d","2031":"e","2032":"f","2033":"a","2034":"u","2035":"l","2036":"t","2037":" ","2038":"{","2039":"\\","2040":"n","2041":" ","2042":" ","2043":"n","2044":"a","2045":"m","2046":"e","2047":":","2048":" ","2049":"\\","2050":"\"","2051":"J","2052":"o","2053":"b","2054":"L","2055":"i","2056":"s","2057":"t","2058":"i","2059":"n","2060":"g","2061":"\\","2062":"\"","2063":",","2064":"\\","2065":"n","2066":" ","2067":" ","2068":"p","2069":"r","2070":"o","2071":"p","2072":"s","2073":":","2074":" ","2075":"{","2076":"\\","2077":"n","2078":" ","2079":" ","2080":" ","2081":" ","2082":"j","2083":"o","2084":"b","2085":":","2086":" ","2087":"{","2088":"\\","2089":"n","2090":" ","2091":" ","2092":" ","2093":" ","2094":" ","2095":" ","2096":"t","2097":"y","2098":"p","2099":"e","2100":":","2101":" ","2102":"O","2103":"b","2104":"j","2105":"e","2106":"c","2107":"t","2108":",","2109":"\\","2110":"n","2111":" ","2112":" ","2113":" ","2114":" ","2115":" ","2116":" ","2117":"r","2118":"e","2119":"q","2120":"u","2121":"i","2122":"r","2123":"e","2124":"d","2125":":","2126":" ","2127":"t","2128":"r","2129":"u","2130":"e","2131":",","2132":"\\","2133":"n","2134":" ","2135":" ","2136":" ","2137":" ","2138":"}","2139":",","2140":"\\","2141":"n","2142":" ","2143":" ","2144":"}","2145":",","2146":"\\","2147":"n","2148":" ","2149":" ","2150":"c","2151":"o","2152":"m","2153":"p","2154":"u","2155":"t","2156":"e","2157":"d","2158":":","2159":" ","2160":"{","2161":"\\","2162":"n","2163":" ","2164":" ","2165":" ","2166":" ","2167":"j","2168":"o","2169":"b","2170":"P","2171":"a","2172":"g","2173":"e","2174":"L","2175":"i","2176":"n","2177":"k","2178":"(","2179":")","2180":" ","2181":"{","2182":"\\","2183":"n","2184":" ","2185":" ","2186":" ","2187":" ","2188":" ","2189":" ","2190":"r","2191":"e","2192":"t","2193":"u","2194":"r","2195":"n","2196":" ","2197":"`","2198":"/","2199":"j","2200":"o","2201":"b","2202":"s","2203":"/","2204":"r","2205":"e","2206":"s","2207":"u","2208":"l","2209":"t","2210":"s","2211":"/","2212":"$","2213":"{","2214":"t","2215":"h","2216":"i","2217":"s","2218":".","2219":"j","2220":"o","2221":"b","2222":".","2223":"i","2224":"d","2225":"}","2226":"`","2227":";","2228":"\\","2229":"n","2230":" ","2231":" ","2232":" ","2233":" ","2234":"}","2235":",","2236":"\\","2237":"n","2238":" ","2239":" ","2240":"}","2241":",","2242":"\\","2243":"n","2244":"}","2245":";","2246":"\\","2247":"n","2248":"<","2249":"/","2250":"s","2251":"c","2252":"r","2253":"i","2254":"p","2255":"t","2256":">","2257":"\\","2258":"n","2259":"<","2260":"s","2261":"t","2262":"y","2263":"l","2264":"e","2265":" ","2266":"l","2267":"a","2268":"n","2269":"g","2270":"=","2271":"\\","2272":"\"","2273":"\\","2274":"\"","2275":">","2276":"<","2277":"/","2278":"s","2279":"t","2280":"y","2281":"l","2282":"e","2283":">","2284":"\\","2285":"n","2286":"\"","2287":"]","2288":"}"},"_coverageSchema":"1a1c01bbd47fc00a2c39e90264f33305004495a9","hash":"3185460eb293b2cbba36b1d5db6d92716d3e3f85"}
,"/Users/guidopawluk/Desktop/Guido/UDEMY/vue-masteryclass-udemy/job-search/src/components/JobResults/JobListings.vue": {"path":"/Users/guidopawluk/Desktop/Guido/UDEMY/vue-masteryclass-udemy/job-search/src/components/JobResults/JobListings.vue","statementMap":{"0":{"start":{"line":4,"column":29},"end":{"line":4,"column":181}},"1":{"start":{"line":5,"column":0},"end":{"line":7,"column":3}},"2":{"start":{"line":8,"column":0},"end":{"line":8,"column":25}},"3":{"start":{"line":114,"column":0},"end":{"line":114,"column":13}},"4":{"start":{"line":116,"column":0},"end":{"line":118,"column":3}},"5":{"start":{"line":119,"column":0},"end":{"line":119,"column":24}},"6":{"start":{"line":120,"column":11},"end":{"line":120,"column":25}},"7":{"start":{"line":121,"column":19},"end":{"line":123,"column":1}},"8":{"start":{"line":124,"column":19},"end":{"line":126,"column":1}},"9":{"start":{"line":127,"column":19},"end":{"line":129,"column":1}},"10":{"start":{"line":130,"column":19},"end":{"line":132,"column":1}},"11":{"start":{"line":133,"column":19},"end":{"line":135,"column":1}},"12":{"start":{"line":137,"column":33},"end":{"line":137,"column":74}},"13":{"start":{"line":138,"column":33},"end":{"line":138,"column":74}},"14":{"start":{"line":139,"column":2},"end":{"line":171,"column":80}},"15":{"start":{"line":140,"column":4},"end":{"line":144,"column":37}},"16":{"start":{"line":156,"column":37},"end":{"line":156,"column":76}},"17":{"start":{"line":169,"column":37},"end":{"line":169,"column":72}},"18":{"start":{"line":172,"column":2},"end":{"line":172,"column":49}}},"fnMap":{"0":{"name":"render","decl":{"start":{"line":136,"column":9},"end":{"line":136,"column":15}},"loc":{"start":{"line":136,"column":30},"end":{"line":172,"column":1}},"line":136},"1":{"name":"(anonymous_1)","decl":{"start":{"line":139,"column":243},"end":{"line":139,"column":244}},"loc":{"start":{"line":139,"column":250},"end":{"line":145,"column":3}},"line":139},"2":{"name":"(anonymous_2)","decl":{"start":{"line":156,"column":31},"end":{"line":156,"column":32}},"loc":{"start":{"line":156,"column":37},"end":{"line":156,"column":76}},"line":156},"3":{"name":"(anonymous_3)","decl":{"start":{"line":169,"column":31},"end":{"line":169,"column":32}},"loc":{"start":{"line":169,"column":37},"end":{"line":169,"column":72}},"line":169}},"branchMap":{"0":{"loc":{"start":{"line":145,"column":301},"end":{"line":158,"column":73}},"type":"cond-expr","locations":[{"start":{"line":145,"column":322},"end":{"line":158,"column":27}},{"start":{"line":158,"column":31},"end":{"line":158,"column":73}}],"line":145},"1":{"loc":{"start":{"line":158,"column":75},"end":{"line":171,"column":73}},"type":"cond-expr","locations":[{"start":{"line":158,"column":92},"end":{"line":171,"column":27}},{"start":{"line":171,"column":31},"end":{"line":171,"column":73}}],"line":158}},"s":{"0":1,"1":1,"2":1,"3":1,"4":1,"5":1,"6":1,"7":1,"8":1,"9":1,"10":1,"11":1,"12":8,"13":8,"14":8,"15":20,"16":4,"17":1,"18":1},"f":{"0":8,"1":20,"2":4,"3":1},"b":{"0":[4,4],"1":[1,7]},"inputSourceMap":{"0":"{","1":"\"","2":"v","3":"e","4":"r","5":"s","6":"i","7":"o","8":"n","9":"\"","10":":","11":"3","12":",","13":"\"","14":"s","15":"o","16":"u","17":"r","18":"c","19":"e","20":"s","21":"\"","22":":","23":"[","24":"\"","25":"/","26":"U","27":"s","28":"e","29":"r","30":"s","31":"/","32":"g","33":"u","34":"i","35":"d","36":"o","37":"p","38":"a","39":"w","40":"l","41":"u","42":"k","43":"/","44":"D","45":"e","46":"s","47":"k","48":"t","49":"o","50":"p","51":"/","52":"G","53":"u","54":"i","55":"d","56":"o","57":"/","58":"U","59":"D","60":"E","61":"M","62":"Y","63":"/","64":"v","65":"u","66":"e","67":"-","68":"m","69":"a","70":"s","71":"t","72":"e","73":"r","74":"y","75":"c","76":"l","77":"a","78":"s","79":"s","80":"-","81":"u","82":"d","83":"e","84":"m","85":"y","86":"/","87":"j","88":"o","89":"b","90":"-","91":"s","92":"e","93":"a","94":"r","95":"c","96":"h","97":"/","98":"s","99":"r","100":"c","101":"/","102":"c","103":"o","104":"m","105":"p","106":"o","107":"n","108":"e","109":"n","110":"t","111":"s","112":"/","113":"J","114":"o","115":"b","116":"R","117":"e","118":"s","119":"u","120":"l","121":"t","122":"s","123":"/","124":"J","125":"o","126":"b","127":"L","128":"i","129":"s","130":"t","131":"i","132":"n","133":"g","134":"s","135":".","136":"v","137":"u","138":"e","139":"\"","140":"]","141":",","142":"\"","143":"n","144":"a","145":"m","146":"e","147":"s","148":"\"","149":":","150":"[","151":"]","152":",","153":"\"","154":"m","155":"a","156":"p","157":"p","158":"i","159":"n","160":"g","161":"s","162":"\"","163":":","164":"\"","165":";","166":";","167":";","168":";","169":";","170":";","171":";","172":";","173":"A","174":"A","175":"k","176":"C","177":"A","178":";","179":"A","180":"A","181":"A","182":"A","183":";","184":"A","185":"A","186":"A","187":"A","188":";","189":"A","190":"A","191":"E","192":"A","193":";","194":"A","195":"A","196":"A","197":"A","198":";","199":"A","200":"A","201":"A","202":"A","203":";","204":"A","205":"A","206":"C","207":"A","208":";","209":"A","210":"A","211":"A","212":"A","213":";","214":"A","215":"A","216":"A","217":"A","218":";","219":"A","220":"A","221":"A","222":"8","223":"D","224":";","225":"A","226":"A","227":"A","228":"A","229":",","230":"e","231":"A","232":"E","233":"/","234":"C","235":";","236":"E","237":"A","238":"C","239":"b","240":",","241":"I","242":"A","243":"A","244":"I","245":",","246":"E","247":"A","248":"A","249":"E","250":",","251":"a","252":"A","253":"A","254":"a","255":";","256":"E","257":"A","258":"C","259":"n","260":"B","261":",","262":"U","263":"A","264":"A","265":"U","266":",","267":"E","268":"A","269":"A","270":"E","271":";","272":"I","273":"A","274":"A","275":"E","276":",","277":"U","278":"A","279":"A","280":"U","281":";","282":"I","283":"A","284":"A","285":"V","286":";","287":"I","288":"A","289":"A","290":"A","291":";","292":"I","293":"A","294":"A","295":"A","296":";","297":"I","298":"A","299":"A","300":"A","301":";","302":"E","303":"A","304":"A","305":"W","306":",","307":"C","308":"A","309":"A","310":"C","311":";","312":"E","313":"A","314":"C","315":"1","316":"B","317":";","318":"E","319":"A","320":"C","321":"A","322":";","323":"E","324":"A","325":"C","326":"A","327":";","328":"E","329":"A","330":"C","331":"A","332":";","333":"E","334":"A","335":"C","336":"A","337":";","338":"E","339":"A","340":"C","341":"A","342":",","343":"Q","344":"A","345":"A","346":"Q","347":",","348":"E","349":"A","350":"A","351":"E","352":";","353":"I","354":"A","355":"C","356":"R","357":";","358":"I","359":"A","360":"A","361":"G","362":";","363":"I","364":"A","365":"A","366":"A","367":";","368":"I","369":"A","370":"A","371":"A","372":";","373":"I","374":"A","375":"A","376":"A","377":";","378":"I","379":"A","380":"A","381":"A","382":";","383":"I","384":"A","385":"A","386":"A","387":",","388":"U","389":"A","390":"A","391":"U","392":",","393":"E","394":"A","395":"A","396":"C","397":";","398":"I","399":"A","400":"A","401":"C","402":";","403":"I","404":"A","405":"A","406":"A","407":";","408":"I","409":"A","410":"A","411":"A","412":";","413":"I","414":"A","415":"A","416":"A","417":",","418":"a","419":"A","420":"A","421":"a","422":",","423":"C","424":"A","425":"A","426":"C","427":",","428":"C","429":"A","430":"A","431":"C","432":";","433":"I","434":"A","435":"C","436":"9","437":"B","438":";","439":"I","440":"A","441":"C","442":"A","443":",","444":"W","445":"A","446":"A","447":"W","448":",","449":"G","450":"A","451":"A","452":"G","453":";","454":"M","455":"A","456":"C","457":"Z","458":",","459":"M","460":"A","461":"A","462":"M","463":",","464":"U","465":"A","466":"A","467":"U","468":",","469":"G","470":"A","471":"A","472":"G","473":",","474":"I","475":"A","476":"A","477":"I","478":",","479":"C","480":"A","481":"A","482":"C","483":",","484":"M","485":"A","486":"A","487":"M","488":",","489":"C","490":"A","491":"A","492":"C","493":",","494":"K","495":"A","496":"A","497":"K","498":",","499":"C","500":"A","501":"A","502":"C","503":",","504":"I","505":"A","506":"A","507":"I","508":",","509":"I","510":"A","511":"A","512":"I","513":",","514":"G","515":"A","516":"A","517":"G","518":",","519":"C","520":"A","521":"A","522":"C","523":",","524":"C","525":"A","526":"A","527":"C","528":";","529":"M","530":"A","531":"C","532":"l","533":"D","534":",","535":"O","536":"A","537":"A","538":"O","539":",","540":"M","541":"A","542":"A","543":"M","544":",","545":"C","546":"A","547":"A","548":"C","549":",","550":"Q","551":"A","552":"A","553":"Q","554":",","555":"C","556":"A","557":"A","558":"C","559":",","560":"U","561":"A","562":"A","563":"U","564":",","565":"C","566":"A","567":"A","568":"C","569":",","570":"C","571":"A","572":"A","573":"C","574":",","575":"C","576":"A","577":"A","578":"C","579":";","580":"I","581":"A","582":"C","583":"t","584":"C","585":",","586":"C","587":"A","588":"A","589":"C","590":";","591":";","592":"I","593":"A","594":"C","595":"D","596":",","597":"Y","598":"A","599":"A","600":"Y","601":",","602":"G","603":"A","604":"A","605":"G","606":";","607":"M","608":"A","609":"C","610":"b","611":",","612":"M","613":"A","614":"A","615":"M","616":",","617":"Y","618":"A","619":"A","620":"Y","621":",","622":"G","623":"A","624":"A","625":"G","626":",","627":"I","628":"A","629":"A","630":"I","631":",","632":"C","633":"A","634":"A","635":"C","636":",","637":"W","638":"A","639":"A","640":"W","641":",","642":"G","643":"A","644":"A","645":"G","646":",","647":"C","648":"A","649":"A","650":"C","651":";","652":"M","653":"A","654":"C","655":"z","656":"C","657":",","658":"M","659":"A","660":"A","661":"M","662":",","663":"S","664":"A","665":"A","666":"S","667":",","668":"G","669":"A","670":"A","671":"G","672":",","673":"C","674":"A","675":"A","676":"C","677":";","678":"M","679":"A","680":"C","681":"n","682":"B","683":",","684":"O","685":"A","686":"A","687":"O","688":",","689":"Y","690":"A","691":"A","692":"Y","693":",","694":"I","695":"A","696":"A","697":"I","698":",","699":"S","700":"A","701":"A","702":"S","703":",","704":"G","705":"A","706":"A","707":"G","708":",","709":"Y","710":"A","711":"A","712":"Y","713":",","714":"G","715":"A","716":"A","717":"G","718":",","719":"S","720":"A","721":"A","722":"S","723":";","724":"M","725":"A","726":"C","727":"3","728":"D","729":";","730":"I","731":"A","732":"C","733":"F","734":",","735":"C","736":"A","737":"A","738":"C","739":";","740":";","741":"I","742":"A","743":"C","744":"D","745":",","746":"Q","747":"A","748":"A","749":"Q","750":",","751":"G","752":"A","753":"A","754":"G","755":";","756":"M","757":"A","758":"C","759":"T","760":";","761":"M","762":"A","763":"C","764":"A","765":",","766":"M","767":"A","768":"A","769":"M","770":",","771":"Q","772":"A","773":"A","774":"Q","775":",","776":"G","777":"A","778":"A","779":"G","780":",","781":"I","782":"A","783":"A","784":"I","785":",","786":"C","787":"A","788":"A","789":"C","790":",","791":"W","792":"A","793":"A","794":"W","795":",","796":"G","797":"A","798":"A","799":"G","800":",","801":"C","802":"A","803":"A","804":"C","805":";","806":"M","807":"A","808":"C","809":"r","810":"C","811":",","812":"M","813":"A","814":"A","815":"M","816":",","817":"O","818":"A","819":"A","820":"O","821":",","822":"G","823":"A","824":"A","825":"G","826":",","827":"I","828":"A","829":"A","830":"I","831":",","832":"C","833":"A","834":"A","835":"C","836":",","837":"I","838":"A","839":"A","840":"I","841":",","842":"C","843":"A","844":"A","845":"C","846":",","847":"I","848":"A","849":"A","850":"I","851":",","852":"C","853":"A","854":"A","855":"C","856":",","857":"a","858":"A","859":"A","860":"a","861":",","862":"C","863":"A","864":"A","865":"C","866":",","867":"M","868":"A","869":"A","870":"M","871":",","872":"G","873":"A","874":"A","875":"G","876":",","877":"E","878":"A","879":"A","880":"E","881":",","882":"C","883":"A","884":"A","885":"C","886":",","887":"C","888":"A","889":"A","890":"C","891":",","892":"C","893":"A","894":"A","895":"C","896":";","897":"M","898":"A","899":"C","900":"3","901":"D","902":",","903":"O","904":"A","905":"A","906":"O","907":",","908":"Q","909":"A","910":"A","911":"Q","912":",","913":"I","914":"A","915":"A","916":"I","917":",","918":"O","919":"A","920":"A","921":"O","922":",","923":"G","924":"A","925":"A","926":"G","927":",","928":"Q","929":"A","930":"A","931":"Q","932":",","933":"G","934":"A","935":"A","936":"G","937":",","938":"S","939":"A","940":"A","941":"S","942":";","943":"I","944":"A","945":"C","946":"n","947":"D","948":",","949":"C","950":"A","951":"A","952":"C","953":";","954":"I","955":"A","956":"C","957":"D","958":",","959":"a","960":"A","961":"A","962":"a","963":",","964":"G","965":"A","966":"A","967":"G","968":";","969":"M","970":"A","971":"C","972":"d","973":",","974":"M","975":"A","976":"A","977":"M","978":",","979":"U","980":"A","981":"A","982":"U","983":",","984":"G","985":"A","986":"A","987":"G","988":",","989":"I","990":"A","991":"A","992":"I","993":",","994":"C","995":"A","996":"A","997":"C","998":",","999":"W","1000":"A","1001":"A","1002":"W","1003":",","1004":"C","1005":"A","1006":"A","1007":"C","1008":",","1009":"C","1010":"A","1011":"A","1012":"C","1013":";","1014":"M","1015":"A","1016":"C","1017":"r","1018":"C","1019":",","1020":"M","1021":"A","1022":"A","1023":"M","1024":",","1025":"a","1026":"A","1027":"A","1028":"a","1029":",","1030":"G","1031":"A","1032":"A","1033":"G","1034":",","1035":"C","1036":"A","1037":"A","1038":"C","1039":",","1040":"U","1041":"A","1042":"A","1043":"U","1044":",","1045":"G","1046":"A","1047":"A","1048":"G","1049":",","1050":"C","1051":"A","1052":"A","1053":"C","1054":",","1055":"I","1056":"A","1057":"A","1058":"I","1059":",","1060":"E","1061":"A","1062":"A","1063":"E","1064":",","1065":"C","1066":"A","1067":"A","1068":"C","1069":",","1070":"C","1071":"A","1072":"A","1073":"C","1074":";","1075":"M","1076":"A","1077":"C","1078":"7","1079":"C","1080":",","1081":"M","1082":"A","1083":"A","1084":"M","1085":",","1086":"Y","1087":"A","1088":"A","1089":"Y","1090":",","1091":"G","1092":"A","1093":"A","1094":"G","1095":",","1096":"U","1097":"A","1098":"A","1099":"U","1100":",","1101":"G","1102":"A","1103":"A","1104":"G","1105":",","1106":"E","1107":"A","1108":"A","1109":"E","1110":",","1111":"C","1112":"A","1113":"A","1114":"C","1115":",","1116":"C","1117":"A","1118":"A","1119":"C","1120":";","1121":"M","1122":"A","1123":"C","1124":"t","1125":"C","1126":";","1127":"M","1128":"A","1129":"C","1130":"A","1131":",","1132":"O","1133":"A","1134":"A","1135":"O","1136":",","1137":"I","1138":"A","1139":"A","1140":"I","1141":",","1142":"C","1143":"A","1144":"A","1145":"C","1146":",","1147":"a","1148":"A","1149":"A","1150":"a","1151":",","1152":"C","1153":"A","1154":"A","1155":"C","1156":",","1157":"K","1158":"A","1159":"A","1160":"K","1161":",","1162":"C","1163":"A","1164":"A","1165":"C","1166":",","1167":"a","1168":"A","1169":"A","1170":"a","1171":",","1172":"E","1173":"A","1174":"A","1175":"E","1176":",","1177":"Y","1178":"A","1179":"A","1180":"Y","1181":",","1182":"C","1183":"A","1184":"A","1185":"C","1186":",","1187":"C","1188":"A","1189":"A","1190":"C","1191":",","1192":"C","1193":"A","1194":"A","1195":"C","1196":";","1197":"I","1198":"A","1199":"C","1200":"h","1201":"E","1202":";","1203":"I","1204":"A","1205":"C","1206":"A","1207":";","1208":"I","1209":"A","1210":"C","1211":"A","1212":";","1213":"E","1214":"A","1215":"C","1216":"F","1217":",","1218":"C","1219":"A","1220":"A","1221":"C","1222":";","1223":";","1224":"E","1225":"A","1226":"C","1227":"D","1228":",","1229":"M","1230":"A","1231":"A","1232":"M","1233":",","1234":"O","1235":"A","1236":"A","1237":"O","1238":",","1239":"G","1240":"A","1241":"A","1242":"G","1243":";","1244":"I","1245":"A","1246":"C","1247":"d","1248":";","1249":"I","1250":"A","1251":"C","1252":"A","1253":";","1254":"I","1255":"A","1256":"C","1257":"A","1258":";","1259":";","1260":"I","1261":"A","1262":"E","1263":"A","1264":";","1265":"I","1266":"A","1267":"C","1268":"A","1269":";","1270":"I","1271":"A","1272":"C","1273":"A","1274":";","1275":"I","1276":"A","1277":"C","1278":"A","1279":";","1280":"I","1281":"A","1282":"C","1283":"A","1284":";","1285":"I","1286":"A","1287":"C","1288":"A","1289":",","1290":"I","1291":"A","1292":"A","1293":"I","1294":",","1295":"C","1296":"A","1297":"A","1298":"C","1299":",","1300":"U","1301":"A","1302":"A","1303":"U","1304":",","1305":"E","1306":"A","1307":"A","1308":"E","1309":";","1310":"E","1311":"A","1312":"C","1313":"n","1314":"B","1315":",","1316":"C","1317":"A","1318":"A","1319":"C","1320":";","1321":"E","1322":"A","1323":"C","1324":"D","1325":",","1326":"O","1327":"A","1328":"A","1329":"O","1330":",","1331":"E","1332":"A","1333":"A","1334":"E","1335":";","1336":"I","1337":"A","1338":"C","1339":"P","1340":";","1341":"I","1342":"A","1343":"A","1344":"G","1345":";","1346":"I","1347":"A","1348":"A","1349":"A","1350":";","1351":"I","1352":"A","1353":"A","1354":"A","1355":";","1356":"I","1357":"A","1358":"A","1359":"A","1360":";","1361":"I","1362":"A","1363":"A","1364":"A","1365":";","1366":"I","1367":"A","1368":"A","1369":"A","1370":",","1371":"U","1372":"A","1373":"A","1374":"U","1375":",","1376":"E","1377":"A","1378":"A","1379":"C","1380":";","1381":"I","1382":"A","1383":"A","1384":"C","1385":";","1386":"I","1387":"A","1388":"A","1389":"A","1390":";","1391":"I","1392":"A","1393":"A","1394":"A","1395":";","1396":"I","1397":"A","1398":"A","1399":"A","1400":",","1401":"U","1402":"A","1403":"A","1404":"U","1405":",","1406":"C","1407":"A","1408":"A","1409":"C","1410":",","1411":"C","1412":"A","1413":"A","1414":"C","1415":",","1416":"C","1417":"A","1418":"A","1419":"E","1420":";","1421":"E","1422":"A","1423":"C","1424":"/","1425":"B","1426":";","1427":"A","1428":"A","1429":"C","1430":"F","1431":",","1432":"C","1433":"A","1434":"A","1435":"C","1436":",","1437":"E","1438":"A","1439":"E","1440":"D","1441":";","1442":"A","1443":"A","1444":"C","1445":"A","1446":";","1447":"A","1448":"A","1449":"C","1450":"A","1451":";","1452":"A","1453":"A","1454":"C","1455":"A","1456":";","1457":"A","1458":"A","1459":"C","1460":"A","1461":";","1462":"A","1463":"A","1464":"C","1465":"A","1466":";","1467":"A","1468":"A","1469":"C","1470":"A","1471":";","1472":"A","1473":"A","1474":"C","1475":"A","1476":";","1477":"A","1478":"A","1479":"E","1480":"A","1481":";","1482":"A","1483":"A","1484":"E","1485":"A","1486":";","1487":"A","1488":"A","1489":"C","1490":"A","1491":";","1492":"A","1493":"A","1494":"C","1495":"A","1496":";","1497":"A","1498":"A","1499":"A","1500":"A","1501":";","1502":"A","1503":"A","1504":"A","1505":"A","1506":"\"","1507":",","1508":"\"","1509":"f","1510":"i","1511":"l","1512":"e","1513":"\"","1514":":","1515":"\"","1516":"/","1517":"U","1518":"s","1519":"e","1520":"r","1521":"s","1522":"/","1523":"g","1524":"u","1525":"i","1526":"d","1527":"o","1528":"p","1529":"a","1530":"w","1531":"l","1532":"u","1533":"k","1534":"/","1535":"D","1536":"e","1537":"s","1538":"k","1539":"t","1540":"o","1541":"p","1542":"/","1543":"G","1544":"u","1545":"i","1546":"d","1547":"o","1548":"/","1549":"U","1550":"D","1551":"E","1552":"M","1553":"Y","1554":"/","1555":"v","1556":"u","1557":"e","1558":"-","1559":"m","1560":"a","1561":"s","1562":"t","1563":"e","1564":"r","1565":"y","1566":"c","1567":"l","1568":"a","1569":"s","1570":"s","1571":"-","1572":"u","1573":"d","1574":"e","1575":"m","1576":"y","1577":"/","1578":"j","1579":"o","1580":"b","1581":"-","1582":"s","1583":"e","1584":"a","1585":"r","1586":"c","1587":"h","1588":"/","1589":"s","1590":"r","1591":"c","1592":"/","1593":"c","1594":"o","1595":"m","1596":"p","1597":"o","1598":"n","1599":"e","1600":"n","1601":"t","1602":"s","1603":"/","1604":"J","1605":"o","1606":"b","1607":"R","1608":"e","1609":"s","1610":"u","1611":"l","1612":"t","1613":"s","1614":"/","1615":"J","1616":"o","1617":"b","1618":"L","1619":"i","1620":"s","1621":"t","1622":"i","1623":"n","1624":"g","1625":"s","1626":".","1627":"v","1628":"u","1629":"e","1630":"\"","1631":",","1632":"\"","1633":"s","1634":"o","1635":"u","1636":"r","1637":"c","1638":"e","1639":"s","1640":"C","1641":"o","1642":"n","1643":"t","1644":"e","1645":"n","1646":"t","1647":"\"","1648":":","1649":"[","1650":"\"","1651":"<","1652":"t","1653":"e","1654":"m","1655":"p","1656":"l","1657":"a","1658":"t","1659":"e","1660":">","1661":"\\","1662":"n","1663":" ","1664":" ","1665":"<","1666":"m","1667":"a","1668":"i","1669":"n","1670":" ","1671":"c","1672":"l","1673":"a","1674":"s","1675":"s","1676":"=","1677":"\\","1678":"\"","1679":"f","1680":"l","1681":"e","1682":"x","1683":"-","1684":"a","1685":"u","1686":"t","1687":"o","1688":" ","1689":"p","1690":"-","1691":"8","1692":" ","1693":"b","1694":"g","1695":"-","1696":"b","1697":"r","1698":"a","1699":"n","1700":"d","1701":"-","1702":"g","1703":"r","1704":"a","1705":"y","1706":"-","1707":"2","1708":"\\","1709":"\"","1710":">","1711":"\\","1712":"n","1713":" ","1714":" ","1715":" ","1716":" ","1717":"<","1718":"o","1719":"l","1720":">","1721":"\\","1722":"n","1723":" ","1724":" ","1725":" ","1726":" ","1727":" ","1728":" ","1729":"<","1730":"j","1731":"o","1732":"b","1733":"-","1734":"l","1735":"i","1736":"s","1737":"t","1738":"i","1739":"n","1740":"g","1741":"\\","1742":"n","1743":" ","1744":" ","1745":" ","1746":" ","1747":" ","1748":" ","1749":" ","1750":" ","1751":"v","1752":"-","1753":"f","1754":"o","1755":"r","1756":"=","1757":"\\","1758":"\"","1759":"j","1760":"o","1761":"b","1762":" ","1763":"i","1764":"n","1765":" ","1766":"d","1767":"i","1768":"s","1769":"p","1770":"l","1771":"a","1772":"y","1773":"e","1774":"d","1775":"J","1776":"o","1777":"b","1778":"s","1779":"\\","1780":"\"","1781":"\\","1782":"n","1783":" ","1784":" ","1785":" ","1786":" ","1787":" ","1788":" ","1789":" ","1790":" ","1791":":","1792":"k","1793":"e","1794":"y","1795":"=","1796":"\\","1797":"\"","1798":"j","1799":"o","1800":"b","1801":".","1802":"i","1803":"d","1804":"\\","1805":"\"","1806":"\\","1807":"n","1808":" ","1809":" ","1810":" ","1811":" ","1812":" ","1813":" ","1814":" ","1815":" ","1816":":","1817":"j","1818":"o","1819":"b","1820":"=","1821":"\\","1822":"\"","1823":"j","1824":"o","1825":"b","1826":"\\","1827":"\"","1828":"\\","1829":"n","1830":" ","1831":" ","1832":" ","1833":" ","1834":" ","1835":" ","1836":" ","1837":" ","1838":"d","1839":"a","1840":"t","1841":"a","1842":"-","1843":"t","1844":"e","1845":"s","1846":"t","1847":"=","1848":"\\","1849":"\"","1850":"j","1851":"o","1852":"b","1853":"-","1854":"l","1855":"i","1856":"s","1857":"t","1858":"i","1859":"n","1860":"g","1861":"\\","1862":"\"","1863":"\\","1864":"n","1865":" ","1866":" ","1867":" ","1868":" ","1869":" ","1870":" ","1871":"/","1872":">","1873":"\\","1874":"n","1875":" ","1876":" ","1877":" ","1878":" ","1879":"<","1880":"/","1881":"o","1882":"l","1883":">","1884":"\\","1885":"n","1886":" ","1887":" ","1888":" ","1889":" ","1890":"<","1891":"d","1892":"i","1893":"v","1894":" ","1895":"c","1896":"l","1897":"a","1898":"s","1899":"s","1900":"=","1901":"\\","1902":"\"","1903":"m","1904":"t","1905":"-","1906":"8","1907":" ","1908":"m","1909":"x","1910":"-","1911":"a","1912":"u","1913":"t","1914":"o","1915":"\\","1916":"\"","1917":">","1918":"\\","1919":"n","1920":" ","1921":" ","1922":" ","1923":" ","1924":" ","1925":" ","1926":"<","1927":"d","1928":"i","1929":"v","1930":" ","1931":"c","1932":"l","1933":"a","1934":"s","1935":"s","1936":"=","1937":"\\","1938":"\"","1939":"f","1940":"l","1941":"e","1942":"x","1943":" ","1944":"f","1945":"l","1946":"e","1947":"x","1948":"-","1949":"r","1950":"o","1951":"w","1952":" ","1953":"f","1954":"l","1955":"e","1956":"x","1957":"-","1958":"n","1959":"o","1960":"w","1961":"r","1962":"a","1963":"p","1964":"\\","1965":"\"","1966":">","1967":"\\","1968":"n","1969":" ","1970":" ","1971":" ","1972":" ","1973":" ","1974":" ","1975":" ","1976":" ","1977":"<","1978":"p","1979":" ","1980":"c","1981":"l","1982":"a","1983":"s","1984":"s","1985":"=","1986":"\\","1987":"\"","1988":"t","1989":"e","1990":"x","1991":"t","1992":"-","1993":"s","1994":"m","1995":" ","1996":"f","1997":"l","1998":"e","1999":"x","2000":"-","2001":"g","2002":"r","2003":"o","2004":"w","2005":"\\","2006":"\"","2007":">","2008":"P","2009":"a","2010":"g","2011":"e","2012":" ","2013":"{","2014":"{","2015":" ","2016":"c","2017":"u","2018":"r","2019":"r","2020":"e","2021":"n","2022":"t","2023":"P","2024":"a","2025":"g","2026":"e","2027":" ","2028":"}","2029":"}","2030":"<","2031":"/","2032":"p","2033":">","2034":"\\","2035":"n","2036":" ","2037":" ","2038":" ","2039":" ","2040":" ","2041":" ","2042":"<","2043":"/","2044":"d","2045":"i","2046":"v","2047":">","2048":"\\","2049":"n","2050":" ","2051":" ","2052":" ","2053":" ","2054":" ","2055":" ","2056":"<","2057":"d","2058":"i","2059":"v","2060":" ","2061":"c","2062":"l","2063":"a","2064":"s","2065":"s","2066":"=","2067":"\\","2068":"\"","2069":"f","2070":"l","2071":"e","2072":"x","2073":" ","2074":"i","2075":"t","2076":"e","2077":"m","2078":"s","2079":"-","2080":"c","2081":"e","2082":"n","2083":"t","2084":"e","2085":"r","2086":" ","2087":"j","2088":"u","2089":"s","2090":"t","2091":"i","2092":"f","2093":"y","2094":"-","2095":"e","2096":"n","2097":"d","2098":"\\","2099":"\"","2100":">","2101":"\\","2102":"n","2103":" ","2104":" ","2105":" ","2106":" ","2107":" ","2108":" ","2109":" ","2110":" ","2111":"<","2112":"r","2113":"o","2114":"u","2115":"t","2116":"e","2117":"r","2118":"-","2119":"l","2120":"i","2121":"n","2122":"k","2123":"\\","2124":"n","2125":" ","2126":" ","2127":" ","2128":" ","2129":" ","2130":" ","2131":" ","2132":" ","2133":" ","2134":" ","2135":"v","2136":"-","2137":"i","2138":"f","2139":"=","2140":"\\","2141":"\"","2142":"p","2143":"r","2144":"e","2145":"v","2146":"i","2147":"o","2148":"u","2149":"s","2150":"P","2151":"a","2152":"g","2153":"e","2154":"\\","2155":"\"","2156":"\\","2157":"n","2158":" ","2159":" ","2160":" ","2161":" ","2162":" ","2163":" ","2164":" ","2165":" ","2166":" ","2167":" ","2168":":","2169":"t","2170":"o","2171":"=","2172":"\\","2173":"\"","2174":"{","2175":" ","2176":"n","2177":"a","2178":"m","2179":"e","2180":":","2181":" ","2182":"'","2183":"J","2184":"o","2185":"b","2186":"R","2187":"e","2188":"s","2189":"u","2190":"l","2191":"t","2192":"s","2193":"'","2194":",","2195":" ","2196":"q","2197":"u","2198":"e","2199":"r","2200":"y","2201":":","2202":" ","2203":"{","2204":" ","2205":"p","2206":"a","2207":"g","2208":"e","2209":":","2210":" ","2211":"p","2212":"r","2213":"e","2214":"v","2215":"i","2216":"o","2217":"u","2218":"s","2219":"P","2220":"a","2221":"g","2222":"e","2223":" ","2224":"}","2225":" ","2226":"}","2227":"\\","2228":"\"","2229":"\\","2230":"n","2231":" ","2232":" ","2233":" ","2234":" ","2235":" ","2236":" ","2237":" ","2238":" ","2239":" ","2240":" ","2241":"c","2242":"l","2243":"a","2244":"s","2245":"s","2246":"=","2247":"\\","2248":"\"","2249":"m","2250":"x","2251":"-","2252":"3","2253":" ","2254":"t","2255":"e","2256":"x","2257":"t","2258":"-","2259":"s","2260":"m","2261":" ","2262":"f","2263":"o","2264":"n","2265":"t","2266":"-","2267":"s","2268":"e","2269":"m","2270":"i","2271":"b","2272":"o","2273":"l","2274":"d","2275":" ","2276":"t","2277":"e","2278":"x","2279":"t","2280":"-","2281":"b","2282":"r","2283":"a","2284":"n","2285":"d","2286":"-","2287":"b","2288":"l","2289":"u","2290":"e","2291":"-","2292":"1","2293":"\\","2294":"\"","2295":"\\","2296":"n","2297":" ","2298":" ","2299":" ","2300":" ","2301":" ","2302":" ","2303":" ","2304":" ","2305":" ","2306":" ","2307":"d","2308":"a","2309":"t","2310":"a","2311":"-","2312":"t","2313":"e","2314":"s","2315":"t","2316":"=","2317":"\\","2318":"\"","2319":"p","2320":"r","2321":"e","2322":"v","2323":"i","2324":"o","2325":"u","2326":"s","2327":"-","2328":"p","2329":"a","2330":"g","2331":"e","2332":"-","2333":"l","2334":"i","2335":"n","2336":"k","2337":"\\","2338":"\"","2339":"\\","2340":"n","2341":" ","2342":" ","2343":" ","2344":" ","2345":" ","2346":" ","2347":" ","2348":" ","2349":" ","2350":" ","2351":">","2352":"P","2353":"r","2354":"e","2355":"v","2356":"i","2357":"o","2358":"u","2359":"s","2360":"<","2361":"/","2362":"r","2363":"o","2364":"u","2365":"t","2366":"e","2367":"r","2368":"-","2369":"l","2370":"i","2371":"n","2372":"k","2373":"\\","2374":"n","2375":" ","2376":" ","2377":" ","2378":" ","2379":" ","2380":" ","2381":" ","2382":" ","2383":">","2384":"\\","2385":"n","2386":" ","2387":" ","2388":" ","2389":" ","2390":" ","2391":" ","2392":" ","2393":" ","2394":"<","2395":"r","2396":"o","2397":"u","2398":"t","2399":"e","2400":"r","2401":"-","2402":"l","2403":"i","2404":"n","2405":"k","2406":"\\","2407":"n","2408":" ","2409":" ","2410":" ","2411":" ","2412":" ","2413":" ","2414":" ","2415":" ","2416":" ","2417":" ","2418":"v","2419":"-","2420":"i","2421":"f","2422":"=","2423":"\\","2424":"\"","2425":"n","2426":"e","2427":"x","2428":"t","2429":"P","2430":"a","2431":"g","2432":"e","2433":"\\","2434":"\"","2435":"\\","2436":"n","2437":" ","2438":" ","2439":" ","2440":" ","2441":" ","2442":" ","2443":" ","2444":" ","2445":" ","2446":" ","2447":":","2448":"t","2449":"o","2450":"=","2451":"\\","2452":"\"","2453":"{","2454":" ","2455":"n","2456":"a","2457":"m","2458":"e","2459":":","2460":" ","2461":"'","2462":"J","2463":"o","2464":"b","2465":"R","2466":"e","2467":"s","2468":"u","2469":"l","2470":"t","2471":"s","2472":"'","2473":",","2474":" ","2475":"q","2476":"u","2477":"e","2478":"r","2479":"y","2480":":","2481":" ","2482":"{","2483":" ","2484":"p","2485":"a","2486":"g","2487":"e","2488":":","2489":" ","2490":"n","2491":"e","2492":"x","2493":"t","2494":"P","2495":"a","2496":"g","2497":"e","2498":" ","2499":"}","2500":" ","2501":"}","2502":"\\","2503":"\"","2504":"\\","2505":"n","2506":" ","2507":" ","2508":" ","2509":" ","2510":" ","2511":" ","2512":" ","2513":" ","2514":" ","2515":" ","2516":"c","2517":"l","2518":"a","2519":"s","2520":"s","2521":"=","2522":"\\","2523":"\"","2524":"m","2525":"x","2526":"-","2527":"3","2528":" ","2529":"t","2530":"e","2531":"x","2532":"t","2533":"-","2534":"s","2535":"m","2536":" ","2537":"f","2538":"o","2539":"n","2540":"t","2541":"-","2542":"s","2543":"e","2544":"m","2545":"i","2546":"b","2547":"o","2548":"l","2549":"d","2550":" ","2551":"t","2552":"e","2553":"x","2554":"t","2555":"-","2556":"b","2557":"r","2558":"a","2559":"n","2560":"d","2561":"-","2562":"b","2563":"l","2564":"u","2565":"e","2566":"-","2567":"1","2568":"\\","2569":"\"","2570":"\\","2571":"n","2572":" ","2573":" ","2574":" ","2575":" ","2576":" ","2577":" ","2578":" ","2579":" ","2580":" ","2581":" ","2582":"d","2583":"a","2584":"t","2585":"a","2586":"-","2587":"t","2588":"e","2589":"s","2590":"t","2591":"=","2592":"\\","2593":"\"","2594":"n","2595":"e","2596":"x","2597":"t","2598":"-","2599":"p","2600":"a","2601":"g","2602":"e","2603":"-","2604":"l","2605":"i","2606":"n","2607":"k","2608":"\\","2609":"\"","2610":"\\","2611":"n","2612":" ","2613":" ","2614":" ","2615":" ","2616":" ","2617":" ","2618":" ","2619":" ","2620":" ","2621":" ","2622":">","2623":"N","2624":"e","2625":"x","2626":"t","2627":"<","2628":"/","2629":"r","2630":"o","2631":"u","2632":"t","2633":"e","2634":"r","2635":"-","2636":"l","2637":"i","2638":"n","2639":"k","2640":"\\","2641":"n","2642":" ","2643":" ","2644":" ","2645":" ","2646":" ","2647":" ","2648":" ","2649":" ","2650":">","2651":"\\","2652":"n","2653":" ","2654":" ","2655":" ","2656":" ","2657":" ","2658":" ","2659":"<","2660":"/","2661":"d","2662":"i","2663":"v","2664":">","2665":"\\","2666":"n","2667":" ","2668":" ","2669":" ","2670":" ","2671":"<","2672":"/","2673":"d","2674":"i","2675":"v","2676":">","2677":"\\","2678":"n","2679":" ","2680":" ","2681":"<","2682":"/","2683":"m","2684":"a","2685":"i","2686":"n","2687":">","2688":"\\","2689":"n","2690":"<","2691":"/","2692":"t","2693":"e","2694":"m","2695":"p","2696":"l","2697":"a","2698":"t","2699":"e","2700":">","2701":"\\","2702":"n","2703":"<","2704":"s","2705":"c","2706":"r","2707":"i","2708":"p","2709":"t","2710":">","2711":"\\","2712":"n","2713":"i","2714":"m","2715":"p","2716":"o","2717":"r","2718":"t","2719":" ","2720":"{","2721":" ","2722":"m","2723":"a","2724":"p","2725":"A","2726":"c","2727":"t","2728":"i","2729":"o","2730":"n","2731":"s","2732":",","2733":" ","2734":"m","2735":"a","2736":"p","2737":"G","2738":"e","2739":"t","2740":"t","2741":"e","2742":"r","2743":"s","2744":" ","2745":"}","2746":" ","2747":"f","2748":"r","2749":"o","2750":"m","2751":" ","2752":"\\","2753":"\"","2754":"v","2755":"u","2756":"e","2757":"x","2758":"\\","2759":"\"","2760":";","2761":"\\","2762":"n","2763":"\\","2764":"n","2765":"i","2766":"m","2767":"p","2768":"o","2769":"r","2770":"t","2771":" ","2772":"J","2773":"o","2774":"b","2775":"L","2776":"i","2777":"s","2778":"t","2779":"i","2780":"n","2781":"g","2782":" ","2783":"f","2784":"r","2785":"o","2786":"m","2787":" ","2788":"\\","2789":"\"","2790":"@","2791":"/","2792":"c","2793":"o","2794":"m","2795":"p","2796":"o","2797":"n","2798":"e","2799":"n","2800":"t","2801":"s","2802":"/","2803":"J","2804":"o","2805":"b","2806":"R","2807":"e","2808":"s","2809":"u","2810":"l","2811":"t","2812":"s","2813":"/","2814":"J","2815":"o","2816":"b","2817":"L","2818":"i","2819":"s","2820":"t","2821":"i","2822":"n","2823":"g","2824":".","2825":"v","2826":"u","2827":"e","2828":"\\","2829":"\"","2830":";","2831":"\\","2832":"n","2833":"i","2834":"m","2835":"p","2836":"o","2837":"r","2838":"t","2839":" ","2840":"{","2841":" ","2842":"F","2843":"E","2844":"T","2845":"C","2846":"H","2847":"_","2848":"J","2849":"O","2850":"B","2851":"S","2852":",","2853":" ","2854":"F","2855":"I","2856":"L","2857":"T","2858":"E","2859":"R","2860":"E","2861":"D","2862":"_","2863":"J","2864":"O","2865":"B","2866":"S","2867":" ","2868":"}","2869":" ","2870":"f","2871":"r","2872":"o","2873":"m","2874":" ","2875":"\\","2876":"\"","2877":"@","2878":"/","2879":"s","2880":"t","2881":"o","2882":"r","2883":"e","2884":"/","2885":"c","2886":"o","2887":"n","2888":"s","2889":"t","2890":"a","2891":"n","2892":"t","2893":"s","2894":"\\","2895":"\"","2896":";","2897":"\\","2898":"n","2899":"\\","2900":"n","2901":"e","2902":"x","2903":"p","2904":"o","2905":"r","2906":"t","2907":" ","2908":"d","2909":"e","2910":"f","2911":"a","2912":"u","2913":"l","2914":"t","2915":" ","2916":"{","2917":"\\","2918":"n","2919":" ","2920":" ","2921":"n","2922":"a","2923":"m","2924":"e","2925":":","2926":" ","2927":"\\","2928":"\"","2929":"J","2930":"o","2931":"b","2932":"L","2933":"i","2934":"s","2935":"t","2936":"i","2937":"n","2938":"g","2939":"s","2940":"\\","2941":"\"","2942":",","2943":"\\","2944":"n","2945":" ","2946":" ","2947":"c","2948":"o","2949":"m","2950":"p","2951":"o","2952":"n","2953":"e","2954":"n","2955":"t","2956":"s","2957":":","2958":" ","2959":"{","2960":" ","2961":"J","2962":"o","2963":"b","2964":"L","2965":"i","2966":"s","2967":"t","2968":"i","2969":"n","2970":"g","2971":" ","2972":"}","2973":",","2974":"\\","2975":"n","2976":" ","2977":" ","2978":"/","2979":"/","2980":" ","2981":"d","2982":"a","2983":"t","2984":"a","2985":"(","2986":")","2987":" ","2988":"{","2989":" ","2990":"/","2991":"/","2992":"T","2993":"H","2994":"I","2995":"S","2996":" ","2997":"U","2998":"S","2999":"E","3000":"D","3001":" ","3002":"T","3003":"O","3004":" ","3005":"B","3006":"E","3007":" ","3008":"A","3009":" ","3010":"L","3011":"O","3012":"C","3013":"A","3014":"L","3015":" ","3016":"D","3017":"A","3018":"T","3019":"A","3020":"\\","3021":"n","3022":" ","3023":" ","3024":"/","3025":"/","3026":" ","3027":" ","3028":" ","3029":"r","3030":"e","3031":"t","3032":"u","3033":"r","3034":"n","3035":" ","3036":"{","3037":"\\","3038":"n","3039":" ","3040":" ","3041":"/","3042":"/","3043":" ","3044":" ","3045":" ","3046":" ","3047":" ","3048":"j","3049":"o","3050":"b","3051":"s","3052":":","3053":" ","3054":"[","3055":"]","3056":",","3057":"\\","3058":"n","3059":" ","3060":" ","3061":"/","3062":"/","3063":" ","3064":" ","3065":" ","3066":"}","3067":";","3068":"\\","3069":"n","3070":" ","3071":" ","3072":"/","3073":"/","3074":" ","3075":"}","3076":",","3077":"\\","3078":"n","3079":" ","3080":" ","3081":"c","3082":"o","3083":"m","3084":"p","3085":"u","3086":"t","3087":"e","3088":"d","3089":":","3090":" ","3091":"{","3092":"\\","3093":"n","3094":" ","3095":" ","3096":" ","3097":" ","3098":".","3099":".","3100":".","3101":"m","3102":"a","3103":"p","3104":"G","3105":"e","3106":"t","3107":"t","3108":"e","3109":"r","3110":"s","3111":"(","3112":"[","3113":"F","3114":"I","3115":"L","3116":"T","3117":"E","3118":"R","3119":"E","3120":"D","3121":"_","3122":"J","3123":"O","3124":"B","3125":"S","3126":"]","3127":")","3128":",","3129":"\\","3130":"n","3131":" ","3132":" ","3133":" ","3134":" ","3135":"/","3136":"/","3137":"s","3138":"a","3139":"m","3140":"e","3141":" ","3142":"a","3143":"s","3144":" ","3145":"t","3146":"h","3147":"i","3148":"s","3149":".","3150":"F","3151":"I","3152":"L","3153":"T","3154":"E","3155":"R","3156":"E","3157":"D","3158":"_","3159":"J","3160":"O","3161":"B","3162":"S","3163":"_","3164":"B","3165":"Y","3166":"_","3167":"J","3168":"O","3169":"B","3170":"_","3171":"T","3172":"Y","3173":"P","3174":"E","3175":"S","3176":"(","3177":")","3178":" ","3179":"/","3180":"/","3181":"i","3182":"s","3183":" ","3184":"l","3185":"i","3186":"k","3187":"e","3188":" ","3189":"a","3190":" ","3191":"c","3192":"o","3193":"m","3194":"p","3195":"u","3196":"t","3197":"e","3198":"d","3199":" ","3200":"m","3201":"e","3202":"t","3203":"h","3204":"o","3205":"d","3206":"/","3207":"p","3208":"r","3209":"o","3210":"p","3211":"e","3212":"r","3213":"t","3214":"y","3215":" ","3216":"a","3217":"n","3218":"d","3219":" ","3220":"w","3221":"i","3222":"l","3223":"l","3224":" ","3225":"r","3226":"e","3227":"t","3228":"u","3229":"r","3230":"n","3231":" ","3232":"t","3233":"h","3234":"e","3235":" ","3236":"f","3237":"i","3238":"l","3239":"t","3240":"e","3241":"r","3242":"e","3243":"d","3244":" ","3245":"a","3246":"r","3247":"r","3248":"a","3249":"y","3250":" ","3251":"o","3252":"f","3253":" ","3254":"j","3255":"o","3256":"b","3257":"s","3258":"\\","3259":"n","3260":" ","3261":" ","3262":" ","3263":" ","3264":"c","3265":"u","3266":"r","3267":"r","3268":"e","3269":"n","3270":"t","3271":"P","3272":"a","3273":"g","3274":"e","3275":"(","3276":")","3277":" ","3278":"{","3279":"\\","3280":"n","3281":" ","3282":" ","3283":" ","3284":" ","3285":" ","3286":" ","3287":"c","3288":"o","3289":"n","3290":"s","3291":"t","3292":" ","3293":"p","3294":"a","3295":"g","3296":"e","3297":"S","3298":"t","3299":"r","3300":"i","3301":"n","3302":"g","3303":" ","3304":"=","3305":" ","3306":"t","3307":"h","3308":"i","3309":"s","3310":".","3311":"$","3312":"r","3313":"o","3314":"u","3315":"t","3316":"e","3317":".","3318":"q","3319":"u","3320":"e","3321":"r","3322":"y","3323":".","3324":"p","3325":"a","3326":"g","3327":"e","3328":" ","3329":"|","3330":"|","3331":" ","3332":"\\","3333":"\"","3334":"1","3335":"\\","3336":"\"","3337":";","3338":" ","3339":"/","3340":"/","3341":" ","3342":"1","3343":")","3344":" ","3345":"g","3346":"e","3347":"t","3348":" ","3349":"t","3350":"h","3351":"e","3352":" ","3353":"q","3354":"u","3355":"e","3356":"r","3357":"y","3358":" ","3359":"p","3360":"a","3361":"g","3362":"e","3363":",","3364":" ","3365":"i","3366":"f","3367":" ","3368":"t","3369":"h","3370":"e","3371":"r","3372":"e","3373":" ","3374":"i","3375":"s","3376":"n","3377":"t","3378":" ","3379":"a","3380":"s","3381":"i","3382":"g","3383":"n","3384":" ","3385":"1","3386":"\\","3387":"n","3388":" ","3389":" ","3390":" ","3391":" ","3392":" ","3393":" ","3394":"r","3395":"e","3396":"t","3397":"u","3398":"r","3399":"n","3400":" ","3401":"N","3402":"u","3403":"m","3404":"b","3405":"e","3406":"r","3407":".","3408":"p","3409":"a","3410":"r","3411":"s","3412":"e","3413":"I","3414":"n","3415":"t","3416":"(","3417":"p","3418":"a","3419":"g","3420":"e","3421":"S","3422":"t","3423":"r","3424":"i","3425":"n","3426":"g","3427":")","3428":";","3429":" ","3430":"/","3431":"/","3432":" ","3433":"2","3434":")","3435":" ","3436":"p","3437":"a","3438":"r","3439":"s","3440":"e","3441":" ","3442":"t","3443":"h","3444":"a","3445":"t","3446":" ","3447":"s","3448":"t","3449":"r","3450":"i","3451":"n","3452":"g","3453":" ","3454":"t","3455":"o","3456":" ","3457":"a","3458":" ","3459":"n","3460":"u","3461":"m","3462":"b","3463":"e","3464":"r","3465":"\\","3466":"n","3467":" ","3468":" ","3469":" ","3470":" ","3471":"}","3472":",","3473":"\\","3474":"n","3475":" ","3476":" ","3477":" ","3478":" ","3479":"p","3480":"r","3481":"e","3482":"v","3483":"i","3484":"o","3485":"u","3486":"s","3487":"P","3488":"a","3489":"g","3490":"e","3491":"(","3492":")","3493":" ","3494":"{","3495":"\\","3496":"n","3497":" ","3498":" ","3499":" ","3500":" ","3501":" ","3502":" ","3503":"c","3504":"o","3505":"n","3506":"s","3507":"t","3508":" ","3509":"p","3510":"r","3511":"e","3512":"v","3513":"i","3514":"o","3515":"u","3516":"s","3517":"P","3518":"a","3519":"g","3520":"e","3521":" ","3522":"=","3523":" ","3524":"t","3525":"h","3526":"i","3527":"s","3528":".","3529":"c","3530":"u","3531":"r","3532":"r","3533":"e","3534":"n","3535":"t","3536":"P","3537":"a","3538":"g","3539":"e","3540":" ","3541":"-","3542":" ","3543":"1","3544":";","3545":"\\","3546":"n","3547":" ","3548":" ","3549":" ","3550":" ","3551":" ","3552":" ","3553":"c","3554":"o","3555":"n","3556":"s","3557":"t","3558":" ","3559":"f","3560":"i","3561":"r","3562":"s","3563":"t","3564":"P","3565":"a","3566":"g","3567":"e","3568":" ","3569":"=","3570":" ","3571":"1","3572":";","3573":"\\","3574":"n","3575":" ","3576":" ","3577":" ","3578":" ","3579":" ","3580":" ","3581":"r","3582":"e","3583":"t","3584":"u","3585":"r","3586":"n","3587":" ","3588":"p","3589":"r","3590":"e","3591":"v","3592":"i","3593":"o","3594":"u","3595":"s","3596":"P","3597":"a","3598":"g","3599":"e","3600":" ","3601":">","3602":"=","3603":" ","3604":"f","3605":"i","3606":"r","3607":"s","3608":"t","3609":"P","3610":"a","3611":"g","3612":"e","3613":" ","3614":"?","3615":" ","3616":"p","3617":"r","3618":"e","3619":"v","3620":"i","3621":"o","3622":"u","3623":"s","3624":"P","3625":"a","3626":"g","3627":"e","3628":" ","3629":":","3630":" ","3631":"u","3632":"n","3633":"d","3634":"e","3635":"f","3636":"i","3637":"n","3638":"e","3639":"d","3640":";","3641":"\\","3642":"n","3643":" ","3644":" ","3645":" ","3646":" ","3647":" ","3648":" ","3649":"/","3650":"/","3651":"w","3652":"e","3653":" ","3654":"r","3655":"e","3656":"t","3657":"u","3658":"r","3659":"n","3660":" ","3661":"u","3662":"n","3663":"d","3664":"e","3665":"f","3666":"i","3667":"n","3668":"e","3669":"d","3670":" ","3671":"f","3672":"o","3673":"r","3674":" ","3675":"f","3676":"a","3677":"l","3678":"s","3679":"e","3680":",","3681":" ","3682":"b","3683":"e","3684":"c","3685":"a","3686":"u","3687":"s","3688":"e","3689":" ","3690":"u","3691":"n","3692":"d","3693":"e","3694":"f","3695":"i","3696":"n","3697":"e","3698":"d","3699":" ","3700":"i","3701":"s","3702":" ","3703":"a","3704":" ","3705":"f","3706":"a","3707":"l","3708":"s","3709":"y","3710":" ","3711":"r","3712":"e","3713":"s","3714":"u","3715":"l","3716":"t","3717":",","3718":" ","3719":"t","3720":"h","3721":"u","3722":"s","3723":" ","3724":"v","3725":"-","3726":"i","3727":"f","3728":" ","3729":"=","3730":" ","3731":"f","3732":"a","3733":"l","3734":"s","3735":"e","3736":"\\","3737":"n","3738":" ","3739":" ","3740":" ","3741":" ","3742":"}","3743":",","3744":"\\","3745":"n","3746":" ","3747":" ","3748":" ","3749":" ","3750":"n","3751":"e","3752":"x","3753":"t","3754":"P","3755":"a","3756":"g","3757":"e","3758":"(","3759":")","3760":" ","3761":"{","3762":"\\","3763":"n","3764":" ","3765":" ","3766":" ","3767":" ","3768":" ","3769":" ","3770":"/","3771":"/","3772":"C","3773":"H","3774":"E","3775":"C","3776":"K","3777":" ","3778":"U","3779":"P","3780":"D","3781":"A","3782":"T","3783":"E","3784":" ","3785":"V","3786":"I","3787":"D","3788":"E","3789":"O","3790":" ","3791":"3","3792":"5","3793":"7","3794":" ","3795":"A","3796":"T","3797":" ","3798":"T","3799":"H","3800":"E","3801":" ","3802":"E","3803":"N","3804":"D","3805":" ","3806":"O","3807":"F","3808":" ","3809":"C","3810":"O","3811":"M","3812":"P","3813":"O","3814":"N","3815":"E","3816":"N","3817":"T","3818":"\\","3819":"n","3820":" ","3821":" ","3822":" ","3823":" ","3824":" ","3825":" ","3826":"c","3827":"o","3828":"n","3829":"s","3830":"t","3831":" ","3832":"n","3833":"e","3834":"x","3835":"t","3836":"P","3837":"a","3838":"g","3839":"e","3840":" ","3841":"=","3842":" ","3843":"t","3844":"h","3845":"i","3846":"s","3847":".","3848":"c","3849":"u","3850":"r","3851":"r","3852":"e","3853":"n","3854":"t","3855":"P","3856":"a","3857":"g","3858":"e","3859":" ","3860":"+","3861":" ","3862":"1","3863":";","3864":"\\","3865":"n","3866":" ","3867":" ","3868":" ","3869":" ","3870":" ","3871":" ","3872":"c","3873":"o","3874":"n","3875":"s","3876":"t","3877":" ","3878":"m","3879":"a","3880":"x","3881":"P","3882":"a","3883":"g","3884":"e","3885":" ","3886":"=","3887":" ","3888":"M","3889":"a","3890":"t","3891":"h","3892":".","3893":"c","3894":"e","3895":"i","3896":"l","3897":"(","3898":"t","3899":"h","3900":"i","3901":"s","3902":".","3903":"F","3904":"I","3905":"L","3906":"T","3907":"E","3908":"R","3909":"E","3910":"D","3911":"_","3912":"J","3913":"O","3914":"B","3915":"S","3916":".","3917":"l","3918":"e","3919":"n","3920":"g","3921":"t","3922":"h","3923":" ","3924":"/","3925":" ","3926":"1","3927":"0","3928":")","3929":";","3930":" ","3931":"/","3932":"/","3933":"M","3934":"a","3935":"t","3936":"h","3937":".","3938":"c","3939":"e","3940":"i","3941":"l","3942":" ","3943":"=","3944":" ","3945":"r","3946":"o","3947":"u","3948":"n","3949":"d","3950":"s","3951":" ","3952":"u","3953":"p","3954":" ","3955":"a","3956":" ","3957":"f","3958":"l","3959":"o","3960":"a","3961":"t","3962":" ","3963":"t","3964":"o","3965":" ","3966":"t","3967":"h","3968":"e","3969":" ","3970":"n","3971":"e","3972":"x","3973":"t","3974":" ","3975":"i","3976":"n","3977":"t","3978":"\\","3979":"n","3980":" ","3981":" ","3982":" ","3983":" ","3984":" ","3985":" ","3986":"r","3987":"e","3988":"t","3989":"u","3990":"r","3991":"n","3992":" ","3993":"n","3994":"e","3995":"x","3996":"t","3997":"P","3998":"a","3999":"g","4000":"e","4001":" ","4002":"<","4003":"=","4004":" ","4005":"m","4006":"a","4007":"x","4008":"P","4009":"a","4010":"g","4011":"e","4012":" ","4013":"?","4014":" ","4015":"n","4016":"e","4017":"x","4018":"t","4019":"P","4020":"a","4021":"g","4022":"e","4023":" ","4024":":","4025":" ","4026":"u","4027":"n","4028":"d","4029":"e","4030":"f","4031":"i","4032":"n","4033":"e","4034":"d","4035":";","4036":"\\","4037":"n","4038":" ","4039":" ","4040":" ","4041":" ","4042":"}","4043":",","4044":"\\","4045":"n","4046":" ","4047":" ","4048":" ","4049":" ","4050":"d","4051":"i","4052":"s","4053":"p","4054":"l","4055":"a","4056":"y","4057":"e","4058":"d","4059":"J","4060":"o","4061":"b","4062":"s","4063":"(","4064":")","4065":" ","4066":"{","4067":"\\","4068":"n","4069":" ","4070":" ","4071":" ","4072":" ","4073":" ","4074":" ","4075":"c","4076":"o","4077":"n","4078":"s","4079":"t","4080":" ","4081":"p","4082":"a","4083":"g","4084":"e","4085":"N","4086":"u","4087":"m","4088":"b","4089":"e","4090":"r","4091":" ","4092":"=","4093":" ","4094":"t","4095":"h","4096":"i","4097":"s","4098":".","4099":"c","4100":"u","4101":"r","4102":"r","4103":"e","4104":"n","4105":"t","4106":"P","4107":"a","4108":"g","4109":"e","4110":";","4111":" ","4112":"/","4113":"/","4114":" ","4115":"1","4116":")","4117":" ","4118":"w","4119":"e","4120":" ","4121":"g","4122":"e","4123":"t","4124":" ","4125":"t","4126":"h","4127":"e","4128":" ","4129":"p","4130":"a","4131":"g","4132":"e","4133":" ","4134":"N","4135":"U","4136":"M","4137":"B","4138":"E","4139":"R","4140":" ","4141":"f","4142":"r","4143":"o","4144":"m","4145":" ","4146":"t","4147":"h","4148":"e","4149":" ","4150":"c","4151":"o","4152":"m","4153":"p","4154":"u","4155":"t","4156":"e","4157":"d","4158":" ","4159":"f","4160":"n","4161":" ","4162":"a","4163":"b","4164":"o","4165":"v","4166":"e","4167":"\\","4168":"n","4169":" ","4170":" ","4171":" ","4172":" ","4173":" ","4174":" ","4175":"c","4176":"o","4177":"n","4178":"s","4179":"t","4180":" ","4181":"f","4182":"i","4183":"r","4184":"s","4185":"t","4186":"J","4187":"o","4188":"b","4189":"I","4190":"n","4191":"d","4192":"e","4193":"x","4194":" ","4195":"=","4196":" ","4197":"(","4198":"p","4199":"a","4200":"g","4201":"e","4202":"N","4203":"u","4204":"m","4205":"b","4206":"e","4207":"r","4208":" ","4209":"-","4210":" ","4211":"1","4212":")","4213":" ","4214":"*","4215":" ","4216":"1","4217":"0","4218":";","4219":" ","4220":"/","4221":"/","4222":" ","4223":"2","4224":")","4225":" ","4226":"g","4227":"e","4228":"t","4229":" ","4230":"t","4231":"h","4232":"e","4233":" ","4234":"s","4235":"t","4236":"a","4237":"r","4238":"t","4239":"i","4240":"n","4241":"g","4242":" ","4243":"i","4244":"n","4245":"d","4246":"e","4247":"x","4248":"=","4249":">","4250":" ","4251":"i","4252":"f","4253":" ","4254":"1","4255":",","4256":" ","4257":"1","4258":"-","4259":"1","4260":" ","4261":"=","4262":"0","4263":" ","4264":"*","4265":" ","4266":"1","4267":"0","4268":" ","4269":"=","4270":" ","4271":"0","4272":" ","4273":"(","4274":"h","4275":"e","4276":"r","4277":"e","4278":" ","4279":"y","4280":"o","4281":"u","4282":"'","4283":"l","4284":"l","4285":" ","4286":"g","4287":"e","4288":"t","4289":" ","4290":"t","4291":"h","4292":"e","4293":" ","4294":"f","4295":"i","4296":"r","4297":"s","4298":"t","4299":" ","4300":"i","4301":"t","4302":"e","4303":"m","4304":" ","4305":"o","4306":"f","4307":" ","4308":"t","4309":"h","4310":"e","4311":" ","4312":"a","4313":"r","4314":"r","4315":"a","4316":"y","4317":")","4318":"\\","4319":"n","4320":" ","4321":" ","4322":" ","4323":" ","4324":" ","4325":" ","4326":"c","4327":"o","4328":"n","4329":"s","4330":"t","4331":" ","4332":"l","4333":"a","4334":"s","4335":"t","4336":"J","4337":"o","4338":"b","4339":"I","4340":"n","4341":"d","4342":"e","4343":"x","4344":" ","4345":"=","4346":" ","4347":"p","4348":"a","4349":"g","4350":"e","4351":"N","4352":"u","4353":"m","4354":"b","4355":"e","4356":"r","4357":" ","4358":"*","4359":" ","4360":"1","4361":"0","4362":";","4363":" ","4364":"/","4365":"/","4366":" ","4367":"3","4368":")","4369":" ","4370":"s","4371":"a","4372":"m","4373":"e","4374":" ","4375":"h","4376":"e","4377":"r","4378":"e","4379":" ","4380":"b","4381":"u","4382":"t","4383":" ","4384":"f","4385":"o","4386":"r","4387":" ","4388":"t","4389":"h","4390":"e","4391":" ","4392":"l","4393":"a","4394":"s","4395":"t","4396":" ","4397":"i","4398":"t","4399":"e","4400":"m","4401":" ","4402":"o","4403":"f","4404":" ","4405":"t","4406":"h","4407":"e","4408":" ","4409":"a","4410":"r","4411":"r","4412":"a","4413":"y","4414":"\\","4415":"n","4416":" ","4417":" ","4418":" ","4419":" ","4420":" ","4421":" ","4422":"/","4423":"/","4424":"t","4425":"h","4426":"i","4427":"s","4428":" ","4429":"c","4430":"o","4431":"m","4432":"p","4433":"u","4434":"t","4435":"e","4436":"d","4437":" ","4438":"u","4439":"p","4440":"d","4441":"a","4442":"t","4443":"e","4444":"s","4445":" ","4446":"e","4447":"v","4448":"e","4449":"r","4450":"y","4451":"t","4452":"i","4453":"m","4454":"e","4455":" ","4456":"I","4457":" ","4458":"n","4459":"e","4460":"e","4461":"d","4462":" ","4463":"1","4464":"0","4465":" ","4466":"j","4467":"o","4468":"b","4469":"s","4470":"\\","4471":"n","4472":" ","4473":" ","4474":" ","4475":" ","4476":" ","4477":" ","4478":"r","4479":"e","4480":"t","4481":"u","4482":"r","4483":"n","4484":" ","4485":"t","4486":"h","4487":"i","4488":"s","4489":".","4490":"F","4491":"I","4492":"L","4493":"T","4494":"E","4495":"R","4496":"E","4497":"D","4498":"
[...]
d","748":"e","749":"r","750":"=","751":"\\","752":"\"","753":"p","754":"l","755":"a","756":"c","757":"e","758":"h","759":"o","760":"l","761":"d","762":"e","763":"r","764":"\\","765":"\"","766":"\\","767":"n","768":" ","769":" ","770":" ","771":" ","772":":","773":"v","774":"a","775":"l","776":"u","777":"e","778":"=","779":"\\","780":"\"","781":"m","782":"o","783":"d","784":"e","785":"l","786":"V","787":"a","788":"l","789":"u","790":"e","791":"\\","792":"\"","793":"\\","794":"n","795":" ","796":" ","797":" ","798":" ","799":"c","800":"l","801":"a","802":"s","803":"s","804":"=","805":"\\","806":"\"","807":"w","808":"-","809":"f","810":"u","811":"l","812":"l","813":" ","814":"t","815":"e","816":"x","817":"t","818":"-","819":"l","820":"g","821":" ","822":"f","823":"o","824":"n","825":"t","826":"-","827":"n","828":"o","829":"r","830":"m","831":"a","832":"l","833":" ","834":"f","835":"o","836":"c","837":"u","838":"s","839":":","840":"o","841":"u","842":"t","843":"l","844":"i","845":"n","846":"e","847":"-","848":"n","849":"o","850":"n","851":"e","852":"\\","853":"\"","854":"\\","855":"n","856":" ","857":" ","858":" ","859":" ","860":"@","861":"i","862":"n","863":"p","864":"u","865":"t","866":"=","867":"\\","868":"\"","869":"h","870":"a","871":"n","872":"d","873":"l","874":"e","875":"I","876":"n","877":"p","878":"u","879":"t","880":"\\","881":"\"","882":"\\","883":"n","884":" ","885":" ","886":"/","887":">","888":"\\","889":"n","890":"<","891":"/","892":"t","893":"e","894":"m","895":"p","896":"l","897":"a","898":"t","899":"e","900":">","901":"\\","902":"n","903":"<","904":"s","905":"c","906":"r","907":"i","908":"p","909":"t","910":">","911":"\\","912":"n","913":"e","914":"x","915":"p","916":"o","917":"r","918":"t","919":" ","920":"d","921":"e","922":"f","923":"a","924":"u","925":"l","926":"t","927":" ","928":"{","929":"\\","930":"n","931":" ","932":" ","933":"n","934":"a","935":"m","936":"e","937":":","938":" ","939":"\\","940":"\"","941":"T","942":"e","943":"x","944":"t","945":"I","946":"n","947":"p","948":"u","949":"t","950":"\\","951":"\"","952":",","953":"\\","954":"n","955":" ","956":" ","957":"p","958":"r","959":"o","960":"p","961":"s","962":":","963":" ","964":"{","965":"\\","966":"n","967":" ","968":" ","969":" ","970":" ","971":"p","972":"l","973":"a","974":"c","975":"e","976":"h","977":"o","978":"l","979":"d","980":"e","981":"r","982":":","983":" ","984":"{","985":"\\","986":"n","987":" ","988":" ","989":" ","990":" ","991":" ","992":" ","993":"t","994":"y","995":"p","996":"e","997":":","998":" ","999":"S","1000":"t","1001":"r","1002":"i","1003":"n","1004":"g","1005":",","1006":"\\","1007":"n","1008":" ","1009":" ","1010":" ","1011":" ","1012":" ","1013":" ","1014":"d","1015":"e","1016":"f","1017":"a","1018":"u","1019":"l","1020":"t","1021":":","1022":" ","1023":"\\","1024":"\"","1025":"P","1026":"l","1027":"a","1028":"c","1029":"e","1030":"h","1031":"o","1032":"l","1033":"d","1034":"e","1035":"r","1036":"\\","1037":"\"","1038":",","1039":"\\","1040":"n","1041":" ","1042":" ","1043":" ","1044":" ","1045":" ","1046":" ","1047":"r","1048":"e","1049":"q","1050":"u","1051":"i","1052":"r","1053":"e","1054":"d","1055":":","1056":" ","1057":"f","1058":"a","1059":"l","1060":"s","1061":"e","1062":",","1063":"\\","1064":"n","1065":" ","1066":" ","1067":" ","1068":" ","1069":"}","1070":",","1071":"\\","1072":"n","1073":" ","1074":" ","1075":" ","1076":" ","1077":"m","1078":"o","1079":"d","1080":"e","1081":"l","1082":"V","1083":"a","1084":"l","1085":"u","1086":"e","1087":":","1088":" ","1089":"{","1090":"\\","1091":"n","1092":" ","1093":" ","1094":" ","1095":" ","1096":" ","1097":" ","1098":"t","1099":"y","1100":"p","1101":"e","1102":":","1103":" ","1104":"S","1105":"t","1106":"r","1107":"i","1108":"n","1109":"g","1110":",","1111":"\\","1112":"n","1113":" ","1114":" ","1115":" ","1116":" ","1117":" ","1118":" ","1119":"r","1120":"e","1121":"q","1122":"u","1123":"i","1124":"r","1125":"e","1126":"d","1127":":","1128":" ","1129":"t","1130":"r","1131":"u","1132":"e","1133":",","1134":"\\","1135":"n","1136":" ","1137":" ","1138":" ","1139":" ","1140":"}","1141":",","1142":"\\","1143":"n","1144":" ","1145":" ","1146":"}","1147":",","1148":"\\","1149":"n","1150":" ","1151":" ","1152":"e","1153":"m","1154":"i","1155":"t","1156":"s","1157":":","1158":" ","1159":"[","1160":"\\","1161":"\"","1162":"u","1163":"p","1164":"d","1165":"a","1166":"t","1167":"e","1168":":","1169":"m","1170":"o","1171":"d","1172":"e","1173":"l","1174":"V","1175":"a","1176":"l","1177":"u","1178":"e","1179":"\\","1180":"\"","1181":"]","1182":",","1183":"\\","1184":"n","1185":" ","1186":" ","1187":"m","1188":"e","1189":"t","1190":"h","1191":"o","1192":"d","1193":"s","1194":":","1195":" ","1196":"{","1197":"\\","1198":"n","1199":" ","1200":" ","1201":" ","1202":" ","1203":"h","1204":"a","1205":"n","1206":"d","1207":"l","1208":"e","1209":"I","1210":"n","1211":"p","1212":"u","1213":"t","1214":"(","1215":"$","1216":"e","1217":"v","1218":"e","1219":"n","1220":"t","1221":")","1222":" ","1223":"{","1224":"\\","1225":"n","1226":" ","1227":" ","1228":" ","1229":" ","1230":" ","1231":" ","1232":"t","1233":"h","1234":"i","1235":"s","1236":".","1237":"$","1238":"e","1239":"m","1240":"i","1241":"t","1242":"(","1243":"\\","1244":"\"","1245":"u","1246":"p","1247":"d","1248":"a","1249":"t","1250":"e","1251":":","1252":"m","1253":"o","1254":"d","1255":"e","1256":"l","1257":"V","1258":"a","1259":"l","1260":"u","1261":"e","1262":"\\","1263":"\"","1264":",","1265":" ","1266":"$","1267":"e","1268":"v","1269":"e","1270":"n","1271":"t","1272":".","1273":"t","1274":"a","1275":"r","1276":"g","1277":"e","1278":"t","1279":".","1280":"v","1281":"a","1282":"l","1283":"u","1284":"e","1285":")","1286":";","1287":"\\","1288":"n","1289":" ","1290":" ","1291":" ","1292":" ","1293":" ","1294":" ","1295":"/","1296":"/","1297":" ","1298":"$","1299":"e","1300":"v","1301":"e","1302":"n","1303":"t","1304":".","1305":"t","1306":"a","1307":"r","1308":"g","1309":"e","1310":"t","1311":".","1312":"v","1313":"a","1314":"l","1315":"u","1316":"e","1317":" ","1318":"=","1319":">","1320":" ","1321":"b","1322":"r","1323":"i","1324":"n","1325":"g","1326":"s","1327":" ","1328":"t","1329":"h","1330":"e","1331":" ","1332":"i","1333":"n","1334":"p","1335":"u","1336":"t","1337":" ","1338":"v","1339":"a","1340":"l","1341":"u","1342":"e","1343":",","1344":" ","1345":"b","1346":"u","1347":"t","1348":" ","1349":"d","1350":"o","1351":"\\","1352":"n","1353":" ","1354":" ","1355":" ","1356":" ","1357":" ","1358":" ","1359":"/","1360":"/","1361":" ","1362":"@","1363":"i","1364":"n","1365":"p","1366":"u","1367":"t","1368":"=","1369":"\\","1370":"\"","1371":"c","1372":"o","1373":"n","1374":"\\","1375":"\"","1376":" ","1377":"=","1378":">","1379":" ","1380":"c","1381":"o","1382":"n","1383":"(","1384":"$","1385":"e","1386":"v","1387":"e","1388":"n","1389":"t","1390":")","1391":"{","1392":"c","1393":"o","1394":"n","1395":"s","1396":"o","1397":"l","1398":"e","1399":".","1400":"l","1401":"o","1402":"g","1403":"(","1404":"$","1405":"e","1406":"v","1407":"e","1408":"n","1409":"t","1410":")","1411":"}","1412":" ","1413":"t","1414":"o","1415":" ","1416":"c","1417":"h","1418":"e","1419":"c","1420":"k","1421":" ","1422":"t","1423":"h","1424":"i","1425":"s","1426":" ","1427":"a","1428":"t","1429":" ","1430":"t","1431":"a","1432":"r","1433":"g","1434":"e","1435":"t","1436":"\\","1437":"n","1438":" ","1439":" ","1440":" ","1441":" ","1442":"}","1443":",","1444":"\\","1445":"n","1446":" ","1447":" ","1448":"}","1449":",","1450":"\\","1451":"n","1452":"}","1453":";","1454":"\\","1455":"n","1456":"/","1457":"/","1458":" ","1459":"y","1460":"o","1461":"u","1462":" ","1463":"c","1464":"a","1465":"n","1466":" ","1467":"u","1468":"s","1469":"e","1470":" ","1471":"v","1472":"-","1473":"m","1474":"o","1475":"d","1476":"e","1477":"l","1478":" ","1479":"o","1480":"n","1481":" ","1482":"a","1483":" ","1484":"p","1485":"a","1486":"r","1487":"e","1488":"n","1489":"t","1490":" ","1491":"c","1492":"o","1493":"m","1494":"p","1495":"o","1496":"n","1497":"e","1498":"n","1499":"t","1500":" ","1501":"t","1502":"o","1503":" ","1504":"e","1505":"m","1506":"i","1507":"t","1508":" ","1509":"f","1510":"r","1511":"o","1512":"m","1513":" ","1514":"c","1515":"h","1516":"i","1517":"l","1518":"d","1519":" ","1520":"t","1521":"o","1522":" ","1523":"p","1524":"a","1525":"r","1526":"e","1527":"n","1528":"t","1529":" ","1530":"u","1531":"s","1532":"i","1533":"n","1534":"g","1535":":","1536":"\\","1537":"n","1538":"/","1539":"/","1540":" ","1541":"1","1542":")","1543":" ","1544":"p","1545":"r","1546":"o","1547":"p","1548":" ","1549":"i","1550":"s","1551":" ","1552":"c","1553":"h","1554":"a","1555":"n","1556":"g","1557":"e","1558":"d","1559":" ","1560":"f","1561":"r","1562":"o","1563":"m","1564":" ","1565":"v","1566":"a","1567":"l","1568":"u","1569":"e","1570":" ","1571":"t","1572":"o","1573":" ","1574":"m","1575":"o","1576":"d","1577":"e","1578":"l","1579":"V","1580":"a","1581":"l","1582":"u","1583":"e","1584":"\\","1585":"n","1586":"/","1587":"/","1588":" ","1589":"2","1590":")","1591":" ","1592":"c","1593":"h","1594":"a","1595":"n","1596":"g","1597":"e","1598":" ","1599":"t","1600":"h","1601":"e","1602":" ","1603":"e","1604":"m","1605":"i","1606":"t","1607":" ","1608":"f","1609":"r","1610":"o","1611":"m","1612":" ","1613":"h","1614":"a","1615":"n","1616":"d","1617":"l","1618":"e","1619":"I","1620":"n","1621":"p","1622":"u","1623":"t","1624":" ","1625":"t","1626":"o","1627":" ","1628":"u","1629":"p","1630":"d","1631":"a","1632":"t","1633":"e","1634":":","1635":"m","1636":"o","1637":"d","1638":"e","1639":"l","1640":"V","1641":"a","1642":"l","1643":"u","1644":"e","1645":"\\","1646":"n","1647":"/","1648":"/","1649":" ","1650":"3","1651":")","1652":" ","1653":"a","1654":"d","1655":"d","1656":" ","1657":"t","1658":"h","1659":"e","1660":" ","1661":"e","1662":"m","1663":"i","1664":"t","1665":"s","1666":" ","1667":"a","1668":"r","1669":"r","1670":"a","1671":"y","1672":" ","1673":"i","1674":"n","1675":"s","1676":"i","1677":"d","1678":"e","1679":" ","1680":"e","1681":"x","1682":"p","1683":"o","1684":"r","1685":"t","1686":" ","1687":"d","1688":"e","1689":"f","1690":"a","1691":"u","1692":"l","1693":"t","1694":"\\","1695":"n","1696":"<","1697":"/","1698":"s","1699":"c","1700":"r","1701":"i","1702":"p","1703":"t","1704":">","1705":"\\","1706":"n","1707":"<","1708":"s","1709":"t","1710":"y","1711":"l","1712":"e","1713":">","1714":"<","1715":"/","1716":"s","1717":"t","1718":"y","1719":"l","1720":"e","1721":">","1722":"\\","1723":"n","1724":"\"","1725":"]","1726":"}"},"_coverageSchema":"1a1c01bbd47fc00a2c39e90264f33305004495a9","hash":"00994aa3aef4319e7ca5a4b06aace7e9ef8dcd56"}
,"/Users/guidopawluk/Desktop/Guido/UDEMY/vue-masteryclass-udemy/job-search/src/store/actions.js": {"path":"/Users/guidopawluk/Desktop/Guido/UDEMY/vue-masteryclass-udemy/job-search/src/store/actions.js","statementMap":{"0":{"start":{"line":4,"column":16},"end":{"line":10,"column":1}},"1":{"start":{"line":6,"column":24},"end":{"line":6,"column":39}},"2":{"start":{"line":7,"column":4},"end":{"line":7,"column":46}}},"fnMap":{"0":{"name":"(anonymous_0)","decl":{"start":{"line":5,"column":16},"end":{"line":5,"column":17}},"loc":{"start":{"line":5,"column":35},"end":{"line":9,"column":3}},"line":5}},"branchMap":{},"s":{"0":1,"1":2,"2":2},"f":{"0":2},"b":{},"_coverageSchema":"1a1c01bbd47fc00a2c39e90264f33305004495a9","hash":"2f7543426e38b1f22f79828cc042a1b5cb5db6fa"}
,"/Users/guidopawluk/Desktop/Guido/UDEMY/vue-masteryclass-udemy/job-search/src/store/constants.js": {"path":"/Users/guidopawluk/Desktop/Guido/UDEMY/vue-masteryclass-udemy/job-search/src/store/constants.js","statementMap":{"0":{"start":{"line":2,"column":26},"end":{"line":2,"column":38}},"1":{"start":{"line":5,"column":28},"end":{"line":5,"column":42}},"2":{"start":{"line":6,"column":26},"end":{"line":6,"column":38}},"3":{"start":{"line":7,"column":29},"end":{"line":7,"column":44}},"4":{"start":{"line":10,"column":36},"end":{"line":10,"column":58}},"5":{"start":{"line":11,"column":42},"end":{"line":11,"column":70}},"6":{"start":{"line":13,"column":43},"end":{"line":13,"column":72}},"7":{"start":{"line":16,"column":38},"end":{"line":16,"column":62}},"8":{"start":{"line":17,"column":32},"end":{"line":17,"column":50}},"9":{"start":{"line":19,"column":39},"end":{"line":19,"column":64}}},"fnMap":{},"branchMap":{},"s":{"0":8,"1":8,"2":8,"3":8,"4":8,"5":8,"6":8,"7":8,"8":8,"9":8},"f":{},"b":{},"_coverageSchema":"1a1c01bbd47fc00a2c39e90264f33305004495a9","hash":"8263a348df4265504f87d863c0c2aedfdf1bb746"}
,"/Users/guidopawluk/Desktop/Guido/UDEMY/vue-masteryclass-udemy/job-search/src/store/getters.js": {"path":"/Users/guidopawluk/Desktop/Guido/UDEMY/vue-masteryclass-udemy/job-search/src/store/getters.js","statementMap":{"0":{"start":{"line":9,"column":16},"end":{"line":56,"column":1}},"1":{"start":{"line":14,"column":32},"end":{"line":14,"column":41}},"2":{"start":{"line":15,"column":4},"end":{"line":15,"column":75}},"3":{"start":{"line":15,"column":32},"end":{"line":15,"column":73}},"4":{"start":{"line":16,"column":4},"end":{"line":16,"column":31}},"5":{"start":{"line":30,"column":27},"end":{"line":30,"column":36}},"6":{"start":{"line":31,"column":4},"end":{"line":31,"column":65}},"7":{"start":{"line":31,"column":32},"end":{"line":31,"column":63}},"8":{"start":{"line":32,"column":4},"end":{"line":32,"column":26}},"9":{"start":{"line":43,"column":44},"end":{"line":46,"column":3}},"10":{"start":{"line":44,"column":4},"end":{"line":44,"column":62}},"11":{"start":{"line":44,"column":50},"end":{"line":44,"column":62}},"12":{"start":{"line":45,"column":4},"end":{"line":45,"column":66}},"13":{"start":{"line":47,"column":40},"end":{"line":50,"column":3}},"14":{"start":{"line":48,"column":4},"end":{"line":48,"column":57}},"15":{"start":{"line":48,"column":45},"end":{"line":48,"column":57}},"16":{"start":{"line":49,"column":4},"end":{"line":49,"column":56}},"17":{"start":{"line":52,"column":4},"end":{"line":54,"column":61}},"18":{"start":{"line":53,"column":23},"end":{"line":53,"column":63}},"19":{"start":{"line":54,"column":23},"end":{"line":54,"column":59}}},"fnMap":{"0":{"name":"(anonymous_0)","decl":{"start":{"line":12,"column":2},"end":{"line":12,"column":3}},"loc":{"start":{"line":12,"column":32},"end":{"line":17,"column":3}},"line":12},"1":{"name":"(anonymous_1)","decl":{"start":{"line":15,"column":23},"end":{"line":15,"column":24}},"loc":{"start":{"line":15,"column":32},"end":{"line":15,"column":73}},"line":15},"2":{"name":"(anonymous_2)","decl":{"start":{"line":29,"column":2},"end":{"line":29,"column":3}},"loc":{"start":{"line":29,"column":28},"end":{"line":33,"column":3}},"line":29},"3":{"name":"(anonymous_3)","decl":{"start":{"line":31,"column":23},"end":{"line":31,"column":24}},"loc":{"start":{"line":31,"column":32},"end":{"line":31,"column":63}},"line":31},"4":{"name":"(anonymous_4)","decl":{"start":{"line":43,"column":33},"end":{"line":43,"column":34}},"loc":{"start":{"line":43,"column":44},"end":{"line":46,"column":3}},"line":43},"5":{"name":"(anonymous_5)","decl":{"start":{"line":43,"column":44},"end":{"line":43,"column":45}},"loc":{"start":{"line":43,"column":53},"end":{"line":46,"column":3}},"line":43},"6":{"name":"(anonymous_6)","decl":{"start":{"line":47,"column":29},"end":{"line":47,"column":30}},"loc":{"start":{"line":47,"column":40},"end":{"line":50,"column":3}},"line":47},"7":{"name":"(anonymous_7)","decl":{"start":{"line":47,"column":40},"end":{"line":47,"column":41}},"loc":{"start":{"line":47,"column":49},"end":{"line":50,"column":3}},"line":47},"8":{"name":"(anonymous_8)","decl":{"start":{"line":51,"column":2},"end":{"line":51,"column":3}},"loc":{"start":{"line":51,"column":34},"end":{"line":55,"column":3}},"line":51},"9":{"name":"(anonymous_9)","decl":{"start":{"line":53,"column":14},"end":{"line":53,"column":15}},"loc":{"start":{"line":53,"column":23},"end":{"line":53,"column":63}},"line":53},"10":{"name":"(anonymous_10)","decl":{"start":{"line":54,"column":14},"end":{"line":54,"column":15}},"loc":{"start":{"line":54,"column":23},"end":{"line":54,"column":59}},"line":54}},"branchMap":{"0":{"loc":{"start":{"line":44,"column":4},"end":{"line":44,"column":62}},"type":"if","locations":[{"start":{"line":44,"column":4},"end":{"line":44,"column":62}},{"start":{},"end":{}}],"line":44},"1":{"loc":{"start":{"line":48,"column":4},"end":{"line":48,"column":57}},"type":"if","locations":[{"start":{"line":48,"column":4},"end":{"line":48,"column":57}},{"start":{},"end":{}}],"line":48}},"s":{"0":1,"1":1,"2":1,"3":3,"4":1,"5":1,"6":1,"7":3,"8":1,"9":2,"10":2,"11":1,"12":1,"13":2,"14":2,"15":1,"16":1,"17":1,"18":0,"19":0},"f":{"0":1,"1":3,"2":1,"3":3,"4":2,"5":2,"6":2,"7":2,"8":1,"9":0,"10":0},"b":{"0":[1,1],"1":[1,1]},"_coverageSchema":"1a1c01bbd47fc00a2c39e90264f33305004495a9","hash":"695abcc9b988db93cc7c3e16c03e69ae07f39d5e"}
,"/Users/guidopawluk/Desktop/Guido/UDEMY/vue-masteryclass-udemy/job-search/src/store/mutations.js": {"path":"/Users/guidopawluk/Desktop/Guido/UDEMY/vue-masteryclass-udemy/job-search/src/store/mutations.js","statementMap":{"0":{"start":{"line":8,"column":18},"end":{"line":23,"column":1}},"1":{"start":{"line":12,"column":4},"end":{"line":12,"column":41}},"2":{"start":{"line":15,"column":4},"end":{"line":15,"column":31}},"3":{"start":{"line":18,"column":4},"end":{"line":18,"column":57}},"4":{"start":{"line":21,"column":4},"end":{"line":21,"column":47}}},"fnMap":{"0":{"name":"(anonymous_0)","decl":{"start":{"line":11,"column":2},"end":{"line":11,"column":3}},"loc":{"start":{"line":11,"column":22},"end":{"line":13,"column":3}},"line":11},"1":{"name":"(anonymous_1)","decl":{"start":{"line":14,"column":2},"end":{"line":14,"column":3}},"loc":{"start":{"line":14,"column":39},"end":{"line":16,"column":3}},"line":14},"2":{"name":"(anonymous_2)","decl":{"start":{"line":17,"column":2},"end":{"line":17,"column":3}},"loc":{"start":{"line":17,"column":62},"end":{"line":19,"column":3}},"line":17},"3":{"name":"(anonymous_3)","decl":{"start":{"line":20,"column":2},"end":{"line":20,"column":3}},"loc":{"start":{"line":20,"column":53},"end":{"line":22,"column":3}},"line":20}},"branchMap":{},"s":{"0":1,"1":1,"2":1,"3":1,"4":1},"f":{"0":1,"1":1,"2":1,"3":1},"b":{},"_coverageSchema":"1a1c01bbd47fc00a2c39e90264f33305004495a9","hash":"1acafe7c3d0842e6a5f5e430e408f75e3e542268"}
,"/Users/guidopawluk/Desktop/Guido/UDEMY/vue-masteryclass-udemy/job-search/src/store/state.js": {"path":"/Users/guidopawluk/Desktop/Guido/UDEMY/vue-masteryclass-udemy/job-search/src/store/state.js","statementMap":{"0":{"start":{"line":1,"column":14},"end":{"line":10,"column":1}},"1":{"start":{"line":4,"column":2},"end":{"line":9,"column":4}}},"fnMap":{"0":{"name":"(anonymous_0)","decl":{"start":{"line":1,"column":14},"end":{"line":1,"column":15}},"loc":{"start":{"line":1,"column":20},"end":{"line":10,"column":1}},"line":1}},"branchMap":{},"s":{"0":1,"1":4},"f":{"0":4},"b":{},"_coverageSchema":"1a1c01bbd47fc00a2c39e90264f33305004495a9","hash":"39248abaf92712a9ac625c112e60d2446d415f3d"}
,"/Users/guidopawluk/Desktop/Guido/UDEMY/vue-masteryclass-udemy/job-search/src/utils/nextElementInList.js": {"path":"/Users/guidopawluk/Desktop/Guido/UDEMY/vue-masteryclass-udemy/job-search/src/utils/nextElementInList.js","statementMap":{"0":{"start":{"line":1,"column":26},"end":{"line":6,"column":1}},"1":{"start":{"line":2,"column":28},"end":{"line":2,"column":47}},"2":{"start":{"line":3,"column":25},"end":{"line":3,"column":62}},"3":{"start":{"line":4,"column":20},"end":{"line":4,"column":40}},"4":{"start":{"line":5,"column":2},"end":{"line":5,"column":19}}},"fnMap":{"0":{"name":"(anonymous_0)","decl":{"start":{"line":1,"column":26},"end":{"line":1,"column":27}},"loc":{"start":{"line":1,"column":43},"end":{"line":6,"column":1}},"line":1}},"branchMap":{},"s":{"0":2,"1":5,"2":5,"3":5,"4":5},"f":{"0":5},"b":{},"_coverageSchema":"1a1c01bbd47fc00a2c39e90264f33305004495a9","hash":"e22f294610a0a9ad85b2ed3304b4a95cc339931a"}
}
