TN:
SF:src/api/getJobs.js
FN:3,(anonymous_0)
FNF:1
FNH:1
FNDA:2,(anonymous_0)
DA:3,2
DA:4,2
DA:5,2
DA:6,2
LF:4
LH:4
BRF:0
BRH:0
end_of_record
TN:
SF:src/components/JobResults/JobListing.vue
FN:17,(anonymous_0)
FN:58,render
FN:65,(anonymous_2)
FN:65,(anonymous_3)
FN:70,(anonymous_4)
FN:78,(anonymous_5)
FNF:6
FNH:6
FNDA:5,(anonymous_0)
FNDA:5,render
FNDA:5,(anonymous_2)
FNDA:6,(anonymous_3)
FNDA:6,(anonymous_4)
FNDA:5,(anonymous_5)
DA:4,2
DA:7,2
DA:8,2
DA:18,5
DA:24,2
DA:26,2
DA:29,2
DA:30,2
DA:31,2
DA:34,2
DA:37,2
DA:40,2
DA:43,2
DA:46,2
DA:49,2
DA:52,2
DA:55,2
DA:59,5
DA:60,5
DA:65,5
DA:66,6
DA:71,6
DA:78,5
DA:83,2
LF:24
LH:24
BRF:0
BRH:0
end_of_record
TN:
SF:src/components/JobResults/JobListings.vue
FN:136,render
FN:139,(anonymous_1)
FN:156,(anonymous_2)
FN:169,(anonymous_3)
FNF:4
FNH:4
FNDA:8,render
FNDA:20,(anonymous_1)
FNDA:4,(anonymous_2)
FNDA:1,(anonymous_3)
DA:4,1
DA:5,1
DA:8,1
DA:114,1
DA:116,1
DA:119,1
DA:120,1
DA:121,1
DA:124,1
DA:127,1
DA:130,1
DA:133,1
DA:137,8
DA:138,8
DA:139,8
DA:140,20
DA:156,4
DA:169,1
DA:172,1
LF:19
LH:19
BRDA:145,0,0,4
BRDA:145,0,1,4
BRDA:158,1,0,1
BRDA:158,1,1,7
BRF:4
BRH:4
end_of_record
TN:
SF:src/components/JobResults/JobFiltersSidebar/JobFiltersSidebarJobTypes.vue
FN:87,render
FN:92,(anonymous_1)
FN:92,(anonymous_2)
FN:98,(anonymous_3)
FN:103,(anonymous_4)
FNF:5
FNH:5
FNDA:2,render
FNDA:3,(anonymous_1)
FNDA:6,(anonymous_2)
FNDA:1,(anonymous_3)
FNDA:1,(anonymous_4)
DA:4,1
DA:5,1
DA:8,1
DA:72,1
DA:74,1
DA:77,1
DA:78,1
DA:79,1
DA:82,1
DA:85,1
DA:86,1
DA:88,2
DA:89,2
DA:92,3
DA:93,6
DA:98,1
DA:104,1
DA:114,1
LF:18
LH:18
BRDA:98,0,0,6
BRDA:98,0,1,2
BRDA:103,1,0,6
BRDA:103,1,1,2
BRDA:104,2,0,1
BRDA:104,2,1,1
BRF:6
BRH:6
end_of_record
TN:
SF:src/components/JobResults/JobFiltersSidebar/JobFiltersSidebarOrganizations.vue
FN:87,render
FN:92,(anonymous_1)
FN:92,(anonymous_2)
FN:98,(anonymous_3)
FN:103,(anonymous_4)
FNF:5
FNH:5
FNDA:2,render
FNDA:3,(anonymous_1)
FNDA:6,(anonymous_2)
FNDA:1,(anonymous_3)
FNDA:1,(anonymous_4)
DA:4,1
DA:5,1
DA:8,1
DA:72,1
DA:74,1
DA:77,1
DA:78,1
DA:79,1
DA:82,1
DA:85,1
DA:86,1
DA:88,2
DA:89,2
DA:92,3
DA:93,6
DA:98,1
DA:104,1
DA:114,1
LF:18
LH:18
BRDA:98,0,0,6
BRDA:98,0,1,2
BRDA:103,1,0,6
BRDA:103,1,1,2
BRDA:104,2,0,1
BRDA:104,2,1,1
BRF:6
BRH:6
end_of_record
TN:
SF:src/components/JobSearch/Headline.vue
FN:80,render
FNF:1
FNH:1
FNDA:7,render
DA:4,1
DA:5,1
DA:8,1
DA:61,1
DA:63,1
DA:66,1
DA:67,1
DA:68,1
DA:71,1
DA:75,1
DA:76,1
DA:81,7
DA:84,1
LF:13
LH:13
BRF:0
BRH:0
end_of_record
TN:
SF:src/components/JobSearch/JobSearchForm.vue
FN:97,render
FN:103,(anonymous_1)
FN:111,(anonymous_2)
FN:116,(anonymous_3)
FNF:4
FNH:4
FNDA:3,render
FNDA:1,(anonymous_1)
FNDA:1,(anonymous_2)
FNDA:1,(anonymous_3)
DA:4,1
DA:5,1
DA:8,1
DA:9,1
DA:71,1
DA:73,1
DA:76,1
DA:77,1
DA:78,1
DA:81,1
DA:84,1
DA:87,1
DA:90,1
DA:93,1
DA:98,3
DA:99,3
DA:100,3
DA:101,3
DA:104,1
DA:111,1
DA:116,1
DA:125,1
LF:22
LH:22
BRDA:103,0,0,3
BRDA:103,0,1,1
BRDA:104,1,0,1
BRDA:104,1,1,1
BRDA:111,2,0,3
BRDA:111,2,1,1
BRDA:116,3,0,3
BRDA:116,3,1,1
BRF:8
BRH:8
end_of_record
TN:
SF:src/components/JobSearch/Spotlight.vue
FN:41,render
FN:42,(anonymous_1)
FNF:2
FNH:2
FNDA:6,render
FNDA:3,(anonymous_1)
DA:4,1
DA:5,1
DA:8,1
DA:34,1
DA:36,1
DA:39,1
DA:40,1
DA:42,6
DA:43,3
DA:51,1
LF:10
LH:10
BRF:0
BRH:0
end_of_record
TN:
SF:src/components/Navigation/MainNav.vue
FN:138,render
FN:151,(anonymous_1)
FN:153,(anonymous_2)
FN:162,(anonymous_3)
FN:168,(anonymous_4)
FNF:5
FNH:5
FNDA:7,render
FNDA:7,(anonymous_1)
FNDA:42,(anonymous_2)
FNDA:42,(anonymous_3)
FNDA:2,(anonymous_4)
DA:4,1
DA:5,1
DA:8,1
DA:119,1
DA:121,1
DA:124,1
DA:125,1
DA:126,1
DA:129,1
DA:132,1
DA:135,1
DA:139,7
DA:140,7
DA:141,7
DA:142,7
DA:143,7
DA:151,7
DA:154,42
DA:162,42
DA:168,2
DA:180,1
LF:21
LH:21
BRDA:168,0,0,7
BRDA:168,0,1,7
BRDA:169,1,0,2
BRDA:169,1,1,5
BRDA:176,2,0,2
BRDA:176,2,1,5
BRF:6
BRH:6
end_of_record
TN:
SF:src/components/Navigation/ProfileImage.vue
FN:10,(anonymous_0)
FN:26,render
FNF:2
FNH:2
FNDA:1,(anonymous_0)
FNDA:1,render
DA:4,2
DA:7,2
DA:8,2
DA:11,1
DA:18,2
DA:20,2
DA:23,2
DA:24,2
DA:25,2
DA:27,1
DA:31,2
LF:11
LH:11
BRF:0
BRH:0
end_of_record
TN:
SF:src/components/Navigation/Subnav.vue
FN:64,render
FNF:1
FNH:1
FNDA:2,render
DA:4,2
DA:7,2
DA:44,2
DA:46,2
DA:49,2
DA:50,2
DA:51,2
DA:54,2
DA:57,2
DA:61,2
DA:65,2
DA:66,2
DA:70,2
LF:13
LH:13
BRDA:66,0,0,1
BRDA:66,0,1,1
BRF:2
BRH:2
end_of_record
TN:
SF:src/components/Shared/Accordion.vue
FN:17,(anonymous_0)
FN:23,(anonymous_1)
FN:29,(anonymous_2)
FN:55,render
FN:60,(anonymous_4)
FN:63,(anonymous_5)
FNF:6
FNH:6
FNDA:6,(anonymous_0)
FNDA:12,(anonymous_1)
FNDA:6,(anonymous_2)
FNDA:14,render
FNDA:6,(anonymous_4)
FNDA:1,(anonymous_5)
DA:4,3
DA:7,3
DA:8,3
DA:18,6
DA:24,12
DA:30,6
DA:36,3
DA:38,3
DA:41,3
DA:42,3
DA:43,3
DA:46,3
DA:49,3
DA:53,3
DA:56,14
DA:57,14
DA:60,6
DA:63,1
DA:64,3
LF:19
LH:19
BRDA:24,0,0,6
BRDA:24,0,1,6
BRDA:60,1,0,14
BRDA:60,1,1,6
BRDA:63,2,0,8
BRDA:63,2,1,6
BRF:6
BRH:6
end_of_record
TN:
SF:src/components/Shared/ActionButton.vue
FN:20,(anonymous_0)
FN:26,(anonymous_1)
FN:42,render
FNF:3
FNH:3
FNDA:8,(anonymous_0)
FNDA:3,(anonymous_1)
FNDA:3,render
DA:4,3
DA:7,3
DA:8,3
DA:21,8
DA:27,3
DA:35,3
DA:37,3
DA:40,3
DA:41,3
DA:43,3
DA:46,3
LF:11
LH:11
BRF:0
BRH:0
end_of_record
TN:
SF:src/components/Shared/HeaderContainer.vue
FN:26,render
FN:27,(anonymous_1)
FN:27,(anonymous_2)
FNF:3
FNH:3
FNDA:2,render
FNDA:1,(anonymous_1)
FNDA:1,(anonymous_2)
DA:4,1
DA:7,1
DA:8,1
DA:13,1
DA:15,1
DA:18,1
DA:19,1
DA:20,1
DA:23,1
DA:27,2
DA:28,1
LF:11
LH:11
BRF:0
BRH:0
end_of_record
TN:
SF:src/components/Shared/TextInput.vue
FN:23,(anonymous_0)
FN:43,render
FN:49,(anonymous_2)
FNF:3
FNH:3
FNDA:5,(anonymous_0)
FNDA:5,render
FNDA:5,(anonymous_2)
DA:4,2
DA:7,2
DA:8,2
DA:24,5
DA:35,2
DA:37,2
DA:40,2
DA:41,2
DA:42,2
DA:44,5
DA:50,5
DA:53,2
LF:12
LH:12
BRDA:49,0,0,5
BRDA:49,0,1,3
BRDA:50,1,0,5
BRDA:50,1,1,5
BRF:4
BRH:4
end_of_record
TN:
SF:src/store/actions.js
FN:5,(anonymous_0)
FNF:1
FNH:1
FNDA:2,(anonymous_0)
DA:4,1
DA:6,2
DA:7,2
LF:3
LH:3
BRF:0
BRH:0
end_of_record
TN:
SF:src/store/constants.js
FNF:0
FNH:0
DA:2,8
DA:5,8
DA:6,8
DA:7,8
DA:10,8
DA:11,8
DA:13,8
DA:16,8
DA:17,8
DA:19,8
LF:10
LH:10
BRF:0
BRH:0
end_of_record
TN:
SF:src/store/getters.js
FN:12,(anonymous_0)
FN:15,(anonymous_1)
FN:29,(anonymous_2)
FN:31,(anonymous_3)
FN:43,(anonymous_4)
FN:43,(anonymous_5)
FN:47,(anonymous_6)
FN:47,(anonymous_7)
FN:51,(anonymous_8)
FN:53,(anonymous_9)
FN:54,(anonymous_10)
FNF:11
FNH:9
FNDA:1,(anonymous_0)
FNDA:3,(anonymous_1)
FNDA:1,(anonymous_2)
FNDA:3,(anonymous_3)
FNDA:2,(anonymous_4)
FNDA:2,(anonymous_5)
FNDA:2,(anonymous_6)
FNDA:2,(anonymous_7)
FNDA:1,(anonymous_8)
FNDA:0,(anonymous_9)
FNDA:0,(anonymous_10)
DA:9,1
DA:14,1
DA:15,3
DA:16,1
DA:30,1
DA:31,3
DA:32,1
DA:43,2
DA:44,2
DA:45,1
DA:47,2
DA:48,2
DA:49,1
DA:52,1
DA:53,0
DA:54,0
LF:16
LH:14
BRDA:44,0,0,1
BRDA:44,0,1,1
BRDA:48,1,0,1
BRDA:48,1,1,1
BRF:4
BRH:4
end_of_record
TN:
SF:src/store/mutations.js
FN:11,(anonymous_0)
FN:14,(anonymous_1)
FN:17,(anonymous_2)
FN:20,(anonymous_3)
FNF:4
FNH:4
FNDA:1,(anonymous_0)
FNDA:1,(anonymous_1)
FNDA:1,(anonymous_2)
FNDA:1,(anonymous_3)
DA:8,1
DA:12,1
DA:15,1
DA:18,1
DA:21,1
LF:5
LH:5
BRF:0
BRH:0
end_of_record
TN:
SF:src/store/state.js
FN:1,(anonymous_0)
FNF:1
FNH:1
FNDA:4,(anonymous_0)
DA:1,1
DA:4,4
LF:2
LH:2
BRF:0
BRH:0
end_of_record
TN:
SF:src/utils/nextElementInList.js
FN:1,(anonymous_0)
FNF:1
FNH:1
FNDA:5,(anonymous_0)
DA:1,2
DA:2,5
DA:3,5
DA:4,5
DA:5,5
LF:5
LH:5
BRF:0
BRH:0
end_of_record
