TN:
SF:src/api/getJobs.js
FN:3,(anonymous_0)
FNF:1
FNH:1
FNDA:2,(anonymous_0)
DA:3,2
DA:4,2
DA:5,2
DA:6,2
LF:4
LH:4
BRF:0
BRH:0
end_of_record
TN:
SF:src/components/JobResults/JobListing.vue
FN:55,render
FN:63,(anonymous_1)
FN:72,(anonymous_2)
FN:86,(anonymous_3)
FN:96,(anonymous_4)
FNF:5
FNH:5
FNDA:5,render
FNDA:5,(anonymous_1)
FNDA:6,(anonymous_2)
FNDA:6,(anonymous_3)
FNDA:5,(anonymous_4)
DA:4,2
DA:7,2
DA:40,2
DA:41,2
DA:42,2
DA:43,2
DA:44,2
DA:45,2
DA:46,2
DA:47,2
DA:48,2
DA:49,2
DA:50,2
DA:53,2
DA:54,2
DA:56,5
DA:57,5
DA:63,5
DA:73,6
DA:87,6
DA:96,5
DA:108,2
DA:109,2
LF:23
LH:23
BRF:0
BRH:0
end_of_record
TN:
SF:src/components/JobResults/JobListings.vue
FN:230,render
FN:235,(anonymous_1)
FN:255,(anonymous_2)
FN:268,(anonymous_3)
FNF:4
FNH:4
FNDA:7,render
FNDA:10,(anonymous_1)
FNDA:4,(anonymous_2)
FNDA:5,(anonymous_3)
DA:4,1
DA:5,1
DA:8,1
DA:221,1
DA:222,1
DA:223,1
DA:224,1
DA:225,1
DA:226,1
DA:227,1
DA:228,1
DA:229,1
DA:231,7
DA:232,7
DA:233,7
DA:236,10
DA:255,4
DA:268,5
DA:278,1
DA:279,1
LF:20
LH:20
BRDA:248,0,0,4
BRDA:248,0,1,3
BRDA:261,1,0,5
BRDA:261,1,1,2
BRF:4
BRH:4
end_of_record
TN:
SF:src/components/JobResults/JobFiltersSidebar/JobFiltersSidebarCheckboxGroup.vue
FN:93,render
FN:96,(anonymous_1)
FN:100,(anonymous_2)
FN:107,(anonymous_3)
FN:112,(anonymous_4)
FNF:5
FNH:5
FNDA:3,render
FNDA:5,(anonymous_1)
FNDA:6,(anonymous_2)
FNDA:2,(anonymous_3)
FNDA:2,(anonymous_4)
DA:4,1
DA:5,1
DA:8,1
DA:9,1
DA:85,1
DA:86,1
DA:87,1
DA:88,1
DA:89,1
DA:90,1
DA:91,1
DA:92,1
DA:94,3
DA:95,3
DA:96,5
DA:101,6
DA:107,2
DA:113,2
DA:114,2
DA:115,2
DA:117,2
DA:135,1
DA:136,1
LF:23
LH:23
BRDA:107,0,0,6
BRDA:107,0,1,3
BRDA:112,1,0,6
BRDA:112,1,1,3
BRDA:117,2,0,2
BRDA:117,2,1,2
BRF:6
BRH:6
end_of_record
TN:
SF:src/components/JobSearch/Headline.vue
FN:3,(anonymous_0)
FN:15,(anonymous_1)
FN:22,(anonymous_2)
FN:27,(anonymous_3)
FN:30,(anonymous_4)
FN:34,(anonymous_5)
FN:36,(anonymous_6)
FN:93,render
FNF:8
FNH:8
FNDA:1,(anonymous_0)
FNDA:4,(anonymous_1)
FNDA:7,(anonymous_2)
FNDA:4,(anonymous_3)
FNDA:1,(anonymous_4)
FNDA:4,(anonymous_5)
FNDA:3,(anonymous_6)
FNDA:7,render
DA:3,1
DA:4,1
DA:8,1
DA:11,1
DA:12,1
DA:13,1
DA:16,4
DA:24,7
DA:28,4
DA:31,1
DA:35,4
DA:36,4
DA:37,3
DA:38,3
DA:82,1
DA:83,1
DA:84,1
DA:85,1
DA:86,1
DA:87,1
DA:91,1
DA:92,1
DA:94,7
DA:105,1
DA:106,1
LF:25
LH:25
BRDA:3,0,0,1
BRDA:3,0,1,1
BRDA:3,0,2,1
BRDA:4,1,0,1
BRDA:4,1,1,0
BRDA:4,2,0,1
BRDA:4,2,1,1
BRF:7
BRH:6
end_of_record
TN:
SF:src/components/JobSearch/JobSearchForm.vue
FN:125,render
FN:131,(anonymous_1)
FN:148,(anonymous_2)
FN:162,(anonymous_3)
FNF:4
FNH:4
FNDA:3,render
FNDA:1,(anonymous_1)
FNDA:1,(anonymous_2)
FNDA:1,(anonymous_3)
DA:4,1
DA:5,1
DA:8,1
DA:9,1
DA:115,1
DA:116,1
DA:117,1
DA:118,1
DA:119,1
DA:120,1
DA:121,1
DA:122,1
DA:123,1
DA:124,1
DA:126,3
DA:127,3
DA:128,3
DA:129,3
DA:132,1
DA:133,1
DA:134,1
DA:136,1
DA:148,1
DA:162,1
DA:181,1
DA:182,1
LF:26
LH:26
BRDA:131,0,0,3
BRDA:131,0,1,1
BRDA:136,1,0,1
BRDA:136,1,1,1
BRDA:148,2,0,3
BRDA:148,2,1,1
BRDA:162,3,0,3
BRDA:162,3,1,1
BRF:8
BRH:8
end_of_record
TN:
SF:src/components/JobSearch/Spotlight.vue
FN:64,render
FN:66,(anonymous_1)
FNF:2
FNH:2
FNDA:6,render
FNDA:3,(anonymous_1)
DA:4,1
DA:5,1
DA:8,1
DA:60,1
DA:61,1
DA:62,1
DA:63,1
DA:65,6
DA:67,3
DA:79,1
DA:80,1
LF:11
LH:11
BRF:0
BRH:0
end_of_record
TN:
SF:src/components/Navigation/MainNav.vue
FN:3,(anonymous_0)
FN:4,(anonymous_1)
FN:13,(anonymous_2)
FN:34,(anonymous_3)
FN:64,(anonymous_4)
FN:81,render
FN:95,(anonymous_6)
FN:102,(anonymous_7)
FN:112,(anonymous_8)
FN:123,(anonymous_9)
FNF:10
FNH:9
FNDA:1,(anonymous_0)
FNDA:0,(anonymous_1)
FNDA:3,(anonymous_2)
FNDA:6,(anonymous_3)
FNDA:6,(anonymous_4)
FNDA:6,render
FNDA:6,(anonymous_6)
FNDA:36,(anonymous_7)
FNDA:36,(anonymous_8)
FNDA:1,(anonymous_9)
DA:3,1
DA:4,1
DA:5,0
DA:6,0
DA:7,0
DA:9,0
DA:11,1
DA:13,1
DA:14,3
DA:18,1
DA:21,1
DA:22,1
DA:23,1
DA:24,1
DA:25,1
DA:26,1
DA:27,1
DA:35,6
DA:65,6
DA:73,1
DA:74,1
DA:75,1
DA:76,1
DA:77,1
DA:78,1
DA:79,1
DA:80,1
DA:82,6
DA:83,6
DA:84,6
DA:85,6
DA:86,6
DA:95,6
DA:103,36
DA:112,36
DA:123,1
DA:146,1
DA:147,1
LF:38
LH:34
BRDA:3,0,0,1
BRDA:3,0,1,1
BRDA:3,0,2,1
BRDA:4,1,0,1
BRDA:4,1,1,0
BRDA:7,2,0,0
BRDA:7,2,1,0
BRDA:13,3,0,1
BRDA:13,3,1,1
BRDA:13,3,2,1
BRDA:14,4,0,3
BRDA:14,4,1,0
BRDA:14,5,0,3
BRDA:14,5,1,3
BRDA:123,6,0,6
BRDA:123,6,1,6
BRDA:125,7,0,2
BRDA:125,7,1,4
BRDA:137,8,0,2
BRDA:137,8,1,4
BRF:20
BRH:16
end_of_record
TN:
SF:src/components/Navigation/ProfileImage.vue
FN:9,(anonymous_0)
FN:20,render
FNF:2
FNH:2
FNDA:1,(anonymous_0)
FNDA:1,render
DA:3,2
DA:6,2
DA:7,2
DA:10,1
DA:15,2
DA:16,2
DA:17,2
DA:18,2
DA:19,2
DA:21,1
DA:26,2
DA:27,2
LF:12
LH:12
BRF:0
BRH:0
end_of_record
TN:
SF:src/components/Navigation/Subnav.vue
FN:85,render
FNF:1
FNH:1
FNDA:2,render
DA:4,2
DA:5,2
DA:8,2
DA:74,2
DA:75,2
DA:76,2
DA:77,2
DA:78,2
DA:79,2
DA:80,2
DA:84,2
DA:86,2
DA:87,2
DA:104,2
DA:105,2
LF:15
LH:15
BRDA:89,0,0,1
BRDA:89,0,1,1
BRF:2
BRH:2
end_of_record
TN:
SF:src/components/Shared/Accordion.vue
FN:17,(anonymous_0)
FN:19,(anonymous_1)
FN:22,(anonymous_2)
FN:68,render
FN:74,(anonymous_4)
FN:81,(anonymous_5)
FNF:6
FNH:6
FNDA:5,(anonymous_0)
FNDA:5,(anonymous_1)
FNDA:10,(anonymous_2)
FNDA:12,render
FNDA:5,(anonymous_4)
FNDA:1,(anonymous_5)
DA:3,2
DA:6,2
DA:7,2
DA:18,5
DA:19,5
DA:20,5
DA:22,5
DA:23,10
DA:27,5
DA:57,2
DA:58,2
DA:59,2
DA:60,2
DA:61,2
DA:62,2
DA:63,2
DA:67,2
DA:69,12
DA:70,12
DA:74,5
DA:81,1
DA:88,2
DA:89,2
LF:23
LH:23
BRDA:23,0,0,5
BRDA:23,0,1,5
BRDA:74,1,0,12
BRDA:74,1,1,5
BRDA:79,2,0,7
BRDA:79,2,1,5
BRF:6
BRH:6
end_of_record
TN:
SF:src/components/Shared/ActionButton.vue
FN:19,(anonymous_0)
FN:24,(anonymous_1)
FN:27,(anonymous_2)
FN:50,render
FNF:4
FNH:4
FNDA:7,(anonymous_0)
FNDA:3,(anonymous_1)
FNDA:3,(anonymous_2)
FNDA:3,render
DA:3,3
DA:6,3
DA:7,3
DA:20,7
DA:26,3
DA:27,3
DA:29,3
DA:34,3
DA:46,3
DA:47,3
DA:48,3
DA:49,3
DA:51,3
DA:55,3
DA:56,3
LF:15
LH:15
BRF:0
BRH:0
end_of_record
TN:
SF:src/components/Shared/HeaderContainer.vue
FN:19,render
FN:22,(anonymous_1)
FN:25,(anonymous_2)
FNF:3
FNH:3
FNDA:2,render
FNDA:1,(anonymous_1)
FNDA:1,(anonymous_2)
DA:4,1
DA:7,1
DA:8,1
DA:13,1
DA:14,1
DA:15,1
DA:16,1
DA:17,1
DA:18,1
DA:20,2
DA:22,1
DA:25,1
DA:31,1
DA:32,1
LF:14
LH:14
BRF:0
BRH:0
end_of_record
TN:
SF:src/components/Shared/TextInput.vue
FN:23,(anonymous_0)
FN:40,render
FN:46,(anonymous_2)
FNF:3
FNH:3
FNDA:5,(anonymous_0)
FNDA:5,render
FNDA:5,(anonymous_2)
DA:4,2
DA:7,2
DA:8,2
DA:24,5
DA:35,2
DA:36,2
DA:37,2
DA:38,2
DA:39,2
DA:41,5
DA:47,5
DA:48,5
DA:49,5
DA:51,5
DA:55,2
DA:56,2
LF:16
LH:16
BRDA:46,0,0,5
BRDA:46,0,1,3
BRDA:51,1,0,5
BRDA:51,1,1,5
BRF:4
BRH:4
end_of_record
TN:
SF:src/composables/useConfirmRoute.js
FN:4,(anonymous_0)
FN:6,(anonymous_1)
FNF:2
FNH:2
FNDA:1,(anonymous_0)
FNDA:1,(anonymous_1)
DA:4,3
DA:5,1
DA:6,1
LF:3
LH:3
BRF:0
BRH:0
end_of_record
TN:
SF:src/composables/useCurrentPage.js
FN:4,(anonymous_0)
FN:6,(anonymous_1)
FNF:2
FNH:2
FNDA:2,(anonymous_0)
FNDA:2,(anonymous_1)
DA:4,2
DA:5,2
DA:6,2
LF:3
LH:3
BRDA:6,0,0,2
BRDA:6,0,1,1
BRF:2
BRH:2
end_of_record
TN:
SF:src/composables/usePreviousAndNextPages.js
FN:3,(anonymous_0)
FN:4,(anonymous_1)
FN:10,(anonymous_2)
FNF:3
FNH:3
FNDA:4,(anonymous_0)
FNDA:3,(anonymous_1)
FNDA:1,(anonymous_2)
DA:3,2
DA:4,4
DA:5,3
DA:6,3
DA:7,3
DA:10,4
DA:11,1
DA:12,1
DA:14,4
LF:9
LH:9
BRDA:7,0,0,2
BRDA:7,0,1,1
BRDA:12,1,0,0
BRDA:12,1,1,1
BRF:4
BRH:3
end_of_record
TN:
SF:src/store/actions.ts
FN:10,(anonymous_1)
FNF:1
FNH:1
FNDA:2,(anonymous_1)
DA:2,1
DA:3,1
DA:9,1
DA:11,2
DA:12,2
DA:17,1
LF:6
LH:6
BRF:0
BRH:0
end_of_record
TN:
SF:src/store/composables.ts
FN:12,(anonymous_0)
FN:14,(anonymous_1)
FN:20,(anonymous_2)
FN:22,(anonymous_3)
FN:26,(anonymous_4)
FN:28,(anonymous_5)
FN:34,(anonymous_6)
FNF:7
FNH:7
FNDA:1,(anonymous_0)
FNDA:1,(anonymous_1)
FNDA:1,(anonymous_2)
FNDA:1,(anonymous_3)
FNDA:1,(anonymous_4)
FNDA:1,(anonymous_5)
FNDA:1,(anonymous_6)
DA:2,4
DA:3,4
DA:4,4
DA:12,4
DA:13,1
DA:14,1
DA:20,4
DA:21,1
DA:22,1
DA:26,4
DA:27,1
DA:28,1
DA:34,4
DA:35,1
DA:36,1
LF:15
LH:15
BRF:0
BRH:0
end_of_record
TN:
SF:src/store/constants.ts
FNF:0
FNH:0
DA:2,7
DA:5,7
DA:6,7
DA:7,7
DA:10,7
DA:11,7
DA:13,7
DA:16,7
DA:17,7
DA:19,7
LF:10
LH:10
BRF:0
BRH:0
end_of_record
TN:
SF:src/store/getters.ts
FN:17,(anonymous_0)
FN:19,(anonymous_1)
FN:23,(anonymous_2)
FN:25,(anonymous_3)
FN:29,(anonymous_4)
FN:29,(anonymous_5)
FN:33,(anonymous_6)
FN:33,(anonymous_7)
FN:37,(anonymous_8)
FN:39,(anonymous_9)
FN:40,(anonymous_10)
FNF:11
FNH:11
FNDA:1,(anonymous_0)
FNDA:3,(anonymous_1)
FNDA:1,(anonymous_2)
FNDA:3,(anonymous_3)
FNDA:2,(anonymous_4)
FNDA:2,(anonymous_5)
FNDA:2,(anonymous_6)
FNDA:2,(anonymous_7)
FNDA:1,(anonymous_8)
FNDA:1,(anonymous_9)
FNDA:1,(anonymous_10)
DA:3,1
DA:16,1
DA:18,1
DA:19,3
DA:20,1
DA:24,1
DA:25,3
DA:26,1
DA:29,2
DA:30,2
DA:31,1
DA:33,2
DA:34,2
DA:35,1
DA:38,1
DA:39,1
DA:40,1
DA:44,1
LF:18
LH:18
BRDA:30,0,0,1
BRDA:34,1,0,1
BRF:2
BRH:2
end_of_record
TN:
SF:src/store/mutations.ts
FN:14,(anonymous_0)
FN:19,(anonymous_1)
FN:22,(anonymous_2)
FN:28,(anonymous_3)
FNF:4
FNH:4
FNDA:1,(anonymous_0)
FNDA:1,(anonymous_1)
FNDA:1,(anonymous_2)
FNDA:1,(anonymous_3)
DA:1,1
DA:11,1
DA:15,1
DA:20,1
DA:26,1
DA:29,1
DA:33,1
LF:7
LH:7
BRF:0
BRH:0
end_of_record
TN:
SF:src/store/state.ts
FN:3,(anonymous_0)
FNF:1
FNH:1
FNDA:15,(anonymous_0)
DA:3,3
DA:6,15
DA:14,3
LF:3
LH:3
BRF:0
BRH:0
end_of_record
TN:
SF:src/utils/nextElementInList.js
FN:1,(anonymous_0)
FNF:1
FNH:1
FNDA:5,(anonymous_0)
DA:1,2
DA:2,5
DA:3,5
DA:4,5
DA:5,5
LF:5
LH:5
BRF:0
BRH:0
end_of_record
TN:
SF:tests/unit/store/utils.ts
FN:5,(anonymous_1)
FN:10,(anonymous_2)
FNF:2
FNH:2
FNDA:11,(anonymous_1)
FNDA:13,(anonymous_2)
DA:2,2
DA:5,2
DA:6,11
DA:7,11
DA:10,13
LF:5
LH:5
BRDA:5,0,0,0
BRDA:10,1,0,2
BRF:2
BRH:1
end_of_record
